<?xml version="1.0" encoding="UTF-8"?>
<testsuites name="Minh Tuan Mobile_Item_Test suite" time="55.221" tests="3" failures="1" errors="0">
   <testsuite name="Minh Tuan Mobile_Item_Test suite" tests="3" failures="1" errors="0" time="55.221" skipped="0" timestamp="15-01-2024T12:40:32" hostname="ltcuong - ltcuong" id="Test Suites/Minh Tuan Mobile_Item_Test suite">
      <properties>
         <property name="deviceName" value=""/>
         <property name="devicePlatform" value=""/>
         <property name="logFolder" value="/home/ltcuong/Katalon Studio/Demo Project/Reports/20240115_124028/Minh Tuan Mobile_Item_Test suite/20240115_124028"/>
         <property name="logFiles" value="/home/ltcuong/Katalon Studio/Demo Project/Reports/20240115_124028/Minh Tuan Mobile_Item_Test suite/20240115_124028/execution0.log"/>
         <property name="attachments" value="/home/ltcuong/Katalon Studio/Demo Project/Screenshots/Screenshot1.png, /home/ltcuong/Katalon Studio/Demo Project/Screenshots/Screenshot2.png, /home/ltcuong/Katalon Studio/Demo Project/Screenshots/Screenshot3.png, /home/ltcuong/Katalon Studio/Demo Project/Screenshots/Screenshot4.png, /home/ltcuong/Katalon Studio/Demo Project/Screenshots/Screenshot5.png, /home/ltcuong/Katalon Studio/Demo Project/Screenshots/Screenshot6.png, /home/ltcuong/Katalon Studio/Demo Project/Screenshots/Screenshot7.png, /home/ltcuong/Katalon Studio/Demo Project/Screenshots/Screenshot8.png, /home/ltcuong/Katalon Studio/Demo Project/Screenshots/Screenshot9.png, /home/ltcuong/Katalon Studio/Demo Project/Screenshots/Screenshot10.png, /home/ltcuong/Katalon Studio/Demo Project/Reports/20240115_124028/Minh Tuan Mobile_Item_Test suite/20240115_124028/1705297287764.png, /home/ltcuong/Katalon Studio/Demo Project/Reports/20240115_124028/Minh Tuan Mobile_Item_Test suite/20240115_124028/1705297287991.png"/>
         <property name="hostName" value="ltcuong - ltcuong"/>
         <property name="os" value="Linux 64bit"/>
         <property name="katalonVersion" value="9.2.0.212"/>
         <property name="browser" value="Chrome 119.0.0.0"/>
         <property name="hostAddress" value="127.0.1.1"/>
         <property name="sessionId" value="95d5a5dfd831ddd1dedc2ae56a30edd2"/>
         <property name="seleniumVersion" value="3.141.59"/>
         <property name="proxyInformation" value="ProxyInformation { proxyOption=NO_PROXY, proxyServerType=HTTP, username=, password=********, proxyServerAddress=, proxyServerPort=0, executionList=&quot;&quot;, isApplyToDesiredCapabilities=true }"/>
         <property name="platform" value="Linux"/>
      </properties>
      <testcase name="Test Cases/Minh Tuan Mobile_Macbook_Add Item - Spy Object" time="12.187" classname="Test Cases/Minh Tuan Mobile_Macbook_Add Item - Spy Object" status="PASSED">
         <system-out><![CDATA[15-01-2024T12:40:36 - [TEST_CASE][PASSED] - Test Cases/Minh Tuan Mobile_Macbook_Add Item - Spy Object: Test Cases/Minh Tuan Mobile_Macbook_Add Item - Spy Object

15-01-2024T12:40:36 - [TEST_STEP][PASSED] - maximizeWindow(): Current window maximized

15-01-2024T12:40:37 - [MESSAGE][PASSED] - Current window maximized

15-01-2024T12:40:37 - [TEST_STEP][PASSED] - delay(5): Delayed 5 second(s)

15-01-2024T12:40:42 - [MESSAGE][PASSED] - Delayed 5 second(s)

15-01-2024T12:40:42 - [TEST_STEP][PASSED] - waitForElementVisible(findTestObject("Page_Homepage Minh Tuan Mobile/span_Mac"), 10): Object 'Object Repository/Page_Homepage Minh Tuan Mobile/span_Mac' is visible

15-01-2024T12:40:42 - [MESSAGE][PASSED] - Object 'Object Repository/Page_Homepage Minh Tuan Mobile/span_Mac' is visible

15-01-2024T12:40:42 - [TEST_STEP][PASSED] - mouseOver(findTestObject("Page_Homepage Minh Tuan Mobile/span_Mac")): Object: 'Object Repository/Page_Homepage Minh Tuan Mobile/span_Mac' is hovered

15-01-2024T12:40:43 - [MESSAGE][PASSED] - Object: 'Object Repository/Page_Homepage Minh Tuan Mobile/span_Mac' is hovered

15-01-2024T12:40:43 - [TEST_STEP][PASSED] - mouseOver(findTestObject("Page_Homepage Minh Tuan Mobile/a_MacBook")): Object: 'Object Repository/Page_Homepage Minh Tuan Mobile/a_MacBook' is hovered

15-01-2024T12:40:44 - [MESSAGE][PASSED] - Object: 'Object Repository/Page_Homepage Minh Tuan Mobile/a_MacBook' is hovered

15-01-2024T12:40:44 - [TEST_STEP][PASSED] - click(findTestObject("Page_Homepage Minh Tuan Mobile/a_MacBook Pro")): Object: 'Object Repository/Page_Homepage Minh Tuan Mobile/a_MacBook Pro' is clicked on

15-01-2024T12:40:45 - [MESSAGE][PASSED] - Object: 'Object Repository/Page_Homepage Minh Tuan Mobile/a_MacBook Pro' is clicked on

15-01-2024T12:40:45 - [TEST_STEP][PASSED] - waitForElementClickable(findTestObject("Page_Macbook/h3_MacBook Pro 14 inch 2023 M3 8CPU 10GPU 8GB 512GB SSD"), 10): Object 'Object Repository/Page_Macbook/h3_MacBook Pro 14 inch 2023 M3 8CPU 10GPU 8GB 512GB SSD' is clickable

15-01-2024T12:40:46 - [MESSAGE][PASSED] - Object 'Object Repository/Page_Macbook/h3_MacBook Pro 14 inch 2023 M3 8CPU 10GPU 8GB 512GB SSD' is clickable

15-01-2024T12:40:46 - [TEST_STEP][PASSED] - click(findTestObject("Page_Macbook/h3_MacBook Pro 14 inch 2023 M3 8CPU 10GPU 8GB 512GB SSD")): Object: 'Object Repository/Page_Macbook/h3_MacBook Pro 14 inch 2023 M3 8CPU 10GPU 8GB 512GB SSD' is clicked on

15-01-2024T12:40:47 - [MESSAGE][PASSED] - Object: 'Object Repository/Page_Macbook/h3_MacBook Pro 14 inch 2023 M3 8CPU 10GPU 8GB 512GB SSD' is clicked on

15-01-2024T12:40:47 - [TEST_STEP][PASSED] - click(findTestObject("Page_Child Macbook item/btn_Add item")): Object: 'Object Repository/Page_Child Macbook item/btn_Add item' is clicked on

15-01-2024T12:40:48 - [MESSAGE][PASSED] - Object: 'Object Repository/Page_Child Macbook item/btn_Add item' is clicked on

15-01-2024T12:40:48 - [TEST_STEP][PASSED] - verifyElementPresent(findTestObject("Page_Child Macbook item/popup_Item added"), 3): Object 'Object Repository/Page_Child Macbook item/popup_Item added' is present

15-01-2024T12:40:49 - [MESSAGE][PASSED] - Object 'Object Repository/Page_Child Macbook item/popup_Item added' is present]]></system-out>
         <system-err><![CDATA[]]></system-err>
      </testcase>
      <testcase name="Test Cases/Minh Tuan Mobile_Iphone_Discount message - Record" time="11.72" classname="Test Cases/Minh Tuan Mobile_Iphone_Discount message - Record" status="PASSED">
         <system-out><![CDATA[15-01-2024T12:40:49 - [TEST_CASE][PASSED] - Test Cases/Minh Tuan Mobile_Iphone_Discount message - Record: Test Cases/Minh Tuan Mobile_Iphone_Discount message - Record

15-01-2024T12:40:49 - [TEST_STEP][PASSED] - maximizeWindow(): Current window maximized

15-01-2024T12:40:49 - [MESSAGE][PASSED] - Current window maximized

15-01-2024T12:40:49 - [TEST_STEP][PASSED] - mouseOver(findTestObject("Object Repository/Page_Homepage Minh Tuan Mobile/span_iPhone")): Object: 'Object Repository/Page_Homepage Minh Tuan Mobile/span_iPhone' is hovered

15-01-2024T12:40:49 - [MESSAGE][PASSED] - Object: 'Object Repository/Page_Homepage Minh Tuan Mobile/span_iPhone' is hovered

15-01-2024T12:40:49 - [TEST_STEP][PASSED] - mouseOver(findTestObject("Object Repository/Page_Homepage Minh Tuan Mobile/a_iPhone 15 Series")): Object: 'Object Repository/Page_Homepage Minh Tuan Mobile/a_iPhone 15 Series' is hovered

15-01-2024T12:40:50 - [MESSAGE][PASSED] - Object: 'Object Repository/Page_Homepage Minh Tuan Mobile/a_iPhone 15 Series' is hovered

15-01-2024T12:40:50 - [TEST_STEP][PASSED] - click(findTestObject("Object Repository/Page_Homepage Minh Tuan Mobile/a_iPhone 15 Pro")): Object: 'Object Repository/Page_Homepage Minh Tuan Mobile/a_iPhone 15 Pro' is clicked on

15-01-2024T12:40:50 - [MESSAGE][PASSED] - Object: 'Object Repository/Page_Homepage Minh Tuan Mobile/a_iPhone 15 Pro' is clicked on

15-01-2024T12:40:50 - [TEST_STEP][PASSED] - click(findTestObject("Object Repository/Page_Iphone 15 Pro/h3_iPhone 15 Pro 128GB product name")): Object: 'Object Repository/Page_Iphone 15 Pro/h3_iPhone 15 Pro 128GB product name' is clicked on

15-01-2024T12:40:54 - [MESSAGE][PASSED] - Object: 'Object Repository/Page_Iphone 15 Pro/h3_iPhone 15 Pro 128GB product name' is clicked on

15-01-2024T12:40:54 - [TEST_STEP][PASSED] - verifyElementPresent(findTestObject("Object Repository/Page_Child Iphone 15 Pro/div_Discount 1"), 0): Object 'Object Repository/Page_Child Iphone 15 Pro/div_Discount 1' is present

15-01-2024T12:40:54 - [MESSAGE][WARNING] - Timeout '0' is invalid. Using default page load timeout: '30'

15-01-2024T12:40:55 - [MESSAGE][PASSED] - Object 'Object Repository/Page_Child Iphone 15 Pro/div_Discount 1' is present

15-01-2024T12:40:55 - [TEST_STEP][PASSED] - verifyElementPresent(findTestObject("Object Repository/Page_Child Iphone 15 Pro/span_Discount 2"), 0): Object 'Object Repository/Page_Child Iphone 15 Pro/span_Discount 2' is present

15-01-2024T12:40:55 - [MESSAGE][WARNING] - Timeout '0' is invalid. Using default page load timeout: '30'

15-01-2024T12:40:55 - [MESSAGE][PASSED] - Object 'Object Repository/Page_Child Iphone 15 Pro/span_Discount 2' is present

15-01-2024T12:40:55 - [TEST_STEP][PASSED] - click(findTestObject("Object Repository/Page_Child Iphone 15 Pro/input_priceitem")): Object: 'Object Repository/Page_Child Iphone 15 Pro/input_priceitem' is clicked on

15-01-2024T12:40:56 - [MESSAGE][PASSED] - Object: 'Object Repository/Page_Child Iphone 15 Pro/input_priceitem' is clicked on

15-01-2024T12:40:56 - [TEST_STEP][PASSED] - click(findTestObject("Object Repository/Page_Child Iphone 15 Pro/btn_Buy now")): Object: 'Object Repository/Page_Child Iphone 15 Pro/btn_Buy now' is clicked on

15-01-2024T12:40:59 - [MESSAGE][PASSED] - Object: 'Object Repository/Page_Child Iphone 15 Pro/btn_Buy now' is clicked on

15-01-2024T12:40:59 - [TEST_STEP][PASSED] - verifyElementPresent(findTestObject("Object Repository/Page_Shoping cart/btn_Trash"), 0): Object 'Object Repository/Page_Shoping cart/btn_Trash' is present

15-01-2024T12:40:59 - [MESSAGE][WARNING] - Timeout '0' is invalid. Using default page load timeout: '30'

15-01-2024T12:41:00 - [MESSAGE][PASSED] - Object 'Object Repository/Page_Shoping cart/btn_Trash' is present]]></system-out>
         <system-err><![CDATA[]]></system-err>
      </testcase>
      <testcase name="Test Cases/Minh Tuan Mobile_Shopping Cart_Remove Item" time="27.46" classname="Test Cases/Minh Tuan Mobile_Shopping Cart_Remove Item" status="FAILED">
         <failure type="FAILED" message="Test Cases/Minh Tuan Mobile_Shopping Cart_Remove Item FAILED.&#xa;Reason:&#xa;com.kms.katalon.core.exception.StepFailedException: Unable to accept alert&#xa;	at com.kms.katalon.core.webui.keyword.internal.WebUIKeywordMain.stepFailed(WebUIKeywordMain.groovy:64)&#xa;	at com.kms.katalon.core.webui.keyword.internal.WebUIKeywordMain.runKeyword(WebUIKeywordMain.groovy:26)&#xa;	at com.kms.katalon.core.webui.keyword.builtin.AcceptAlertKeyword.acceptAlert(AcceptAlertKeyword.groovy:71)&#xa;	at com.kms.katalon.core.webui.keyword.builtin.AcceptAlertKeyword.execute(AcceptAlertKeyword.groovy:66)&#xa;	at com.kms.katalon.core.keyword.internal.KeywordExecutor.executeKeywordForPlatform(KeywordExecutor.groovy:74)&#xa;	at com.kms.katalon.core.webui.keyword.WebUiBuiltInKeywords.acceptAlert(WebUiBuiltInKeywords.groovy:1561)&#xa;	at Minh Tuan Mobile_Shopping Cart_Remove Item.run(Minh Tuan Mobile_Shopping Cart_Remove Item:87)&#xa;	at com.kms.katalon.core.main.ScriptEngine.run(ScriptEngine.java:194)&#xa;	at com.kms.katalon.core.main.ScriptEngine.runScriptAsRawText(ScriptEngine.java:119)&#xa;	at com.kms.katalon.core.main.TestCaseExecutor.runScript(TestCaseExecutor.java:448)&#xa;	at com.kms.katalon.core.main.TestCaseExecutor.doExecute(TestCaseExecutor.java:439)&#xa;	at com.kms.katalon.core.main.TestCaseExecutor.processExecutionPhase(TestCaseExecutor.java:418)&#xa;	at com.kms.katalon.core.main.TestCaseExecutor.accessMainPhase(TestCaseExecutor.java:410)&#xa;	at com.kms.katalon.core.main.TestCaseExecutor.execute(TestCaseExecutor.java:285)&#xa;	at com.kms.katalon.core.common.CommonExecutor.accessTestCaseMainPhase(CommonExecutor.java:65)&#xa;	at com.kms.katalon.core.main.TestSuiteExecutor.accessTestSuiteMainPhase(TestSuiteExecutor.java:148)&#xa;	at com.kms.katalon.core.main.TestSuiteExecutor.execute(TestSuiteExecutor.java:106)&#xa;	at com.kms.katalon.core.main.TestCaseMain.startTestSuite(TestCaseMain.java:180)&#xa;	at TempTestSuite1705297228286.run(TempTestSuite1705297228286.groovy:36)&#xa;	at java.base/jdk.internal.reflect.NativeMethodAccessorImpl.invoke0(Native Method)&#xa;	at java.base/jdk.internal.reflect.NativeMethodAccessorImpl.invoke(NativeMethodAccessorImpl.java:77)&#xa;	at java.base/jdk.internal.reflect.DelegatingMethodAccessorImpl.invoke(DelegatingMethodAccessorImpl.java:43)&#xa;Caused by: com.kms.katalon.core.exception.StepFailedException: No alert found&#xa;	at com.kms.katalon.core.webui.keyword.internal.WebUIKeywordMain.stepFailed(WebUIKeywordMain.groovy:64)&#xa;	at com.kms.katalon.core.webui.keyword.builtin.AcceptAlertKeyword$_acceptAlert_closure1.doCall(AcceptAlertKeyword.groovy:78)&#xa;	at com.kms.katalon.core.webui.keyword.builtin.AcceptAlertKeyword$_acceptAlert_closure1.call(AcceptAlertKeyword.groovy)&#xa;	at com.kms.katalon.core.webui.keyword.internal.WebUIKeywordMain.runKeyword(WebUIKeywordMain.groovy:20)&#xa;	... 20 more&#xa;"/>
         <system-out><![CDATA[15-01-2024T12:41:00 - [TEST_CASE][FAILED] - Test Cases/Minh Tuan Mobile_Shopping Cart_Remove Item: Test Cases/Minh Tuan Mobile_Shopping Cart_Remove Item FAILED.
Reason:
com.kms.katalon.core.exception.StepFailedException: Unable to accept alert
	at com.kms.katalon.core.webui.keyword.internal.WebUIKeywordMain.stepFailed(WebUIKeywordMain.groovy:64)
	at com.kms.katalon.core.webui.keyword.internal.WebUIKeywordMain.runKeyword(WebUIKeywordMain.groovy:26)
	at com.kms.katalon.core.webui.keyword.builtin.AcceptAlertKeyword.acceptAlert(AcceptAlertKeyword.groovy:71)
	at com.kms.katalon.core.webui.keyword.builtin.AcceptAlertKeyword.execute(AcceptAlertKeyword.groovy:66)
	at com.kms.katalon.core.keyword.internal.KeywordExecutor.executeKeywordForPlatform(KeywordExecutor.groovy:74)
	at com.kms.katalon.core.webui.keyword.WebUiBuiltInKeywords.acceptAlert(WebUiBuiltInKeywords.groovy:1561)
	at Minh Tuan Mobile_Shopping Cart_Remove Item.run(Minh Tuan Mobile_Shopping Cart_Remove Item:87)
	at com.kms.katalon.core.main.ScriptEngine.run(ScriptEngine.java:194)
	at com.kms.katalon.core.main.ScriptEngine.runScriptAsRawText(ScriptEngine.java:119)
	at com.kms.katalon.core.main.TestCaseExecutor.runScript(TestCaseExecutor.java:448)
	at com.kms.katalon.core.main.TestCaseExecutor.doExecute(TestCaseExecutor.java:439)
	at com.kms.katalon.core.main.TestCaseExecutor.processExecutionPhase(TestCaseExecutor.java:418)
	at com.kms.katalon.core.main.TestCaseExecutor.accessMainPhase(TestCaseExecutor.java:410)
	at com.kms.katalon.core.main.TestCaseExecutor.execute(TestCaseExecutor.java:285)
	at com.kms.katalon.core.common.CommonExecutor.accessTestCaseMainPhase(CommonExecutor.java:65)
	at com.kms.katalon.core.main.TestSuiteExecutor.accessTestSuiteMainPhase(TestSuiteExecutor.java:148)
	at com.kms.katalon.core.main.TestSuiteExecutor.execute(TestSuiteExecutor.java:106)
	at com.kms.katalon.core.main.TestCaseMain.startTestSuite(TestCaseMain.java:180)
	at TempTestSuite1705297228286.run(TempTestSuite1705297228286.groovy:36)
	at java.base/jdk.internal.reflect.NativeMethodAccessorImpl.invoke0(Native Method)
	at java.base/jdk.internal.reflect.NativeMethodAccessorImpl.invoke(NativeMethodAccessorImpl.java:77)
	at java.base/jdk.internal.reflect.DelegatingMethodAccessorImpl.invoke(DelegatingMethodAccessorImpl.java:43)
Caused by: com.kms.katalon.core.exception.StepFailedException: No alert found
	at com.kms.katalon.core.webui.keyword.internal.WebUIKeywordMain.stepFailed(WebUIKeywordMain.groovy:64)
	at com.kms.katalon.core.webui.keyword.builtin.AcceptAlertKeyword$_acceptAlert_closure1.doCall(AcceptAlertKeyword.groovy:78)
	at com.kms.katalon.core.webui.keyword.builtin.AcceptAlertKeyword$_acceptAlert_closure1.call(AcceptAlertKeyword.groovy)
	at com.kms.katalon.core.webui.keyword.internal.WebUIKeywordMain.runKeyword(WebUIKeywordMain.groovy:20)
	... 20 more


15-01-2024T12:41:00 - [TEST_STEP][PASSED] - iScreenshotID = 1: null

15-01-2024T12:41:00 - [TEST_STEP][PASSED] - testObj = new com.kms.katalon.core.testobject.TestObject(): null

15-01-2024T12:41:00 - [TEST_STEP][PASSED] - xMinhTuanLogo = "//img[contains(@alt, "Hệ thống cửa hàng điện thoại Minh Tuấn Mobile")]": null

15-01-2024T12:41:00 - [TEST_STEP][PASSED] - waitForElementVisible(testObj.addProperty("xpath", EQUALS, xMinhTuanLogo), 10): Object '' is visible

15-01-2024T12:41:01 - [MESSAGE][PASSED] - Object '' is visible

15-01-2024T12:41:01 - [TEST_STEP][PASSED] - maximizeWindow(): Current window maximized

15-01-2024T12:41:01 - [MESSAGE][PASSED] - Current window maximized

15-01-2024T12:41:01 - [TEST_STEP][PASSED] - takeScreenshot("/home/ltcuong/Katalon Studio/Demo Project/Screenshots/Screenshot" + (iScreenshotID++) + ".png"): Taking screenshot successfully

15-01-2024T12:41:01 - [MESSAGE][PASSED] - Taking screenshot successfully
[[ATTACHMENT|/home/ltcuong/Katalon Studio/Demo Project/Screenshots/Screenshot1.png]]

15-01-2024T12:41:01 - [TEST_STEP][PASSED] - mouseOver(findTestObject("Object Repository/Page_Homepage Minh Tuan Mobile/span_Mac")): Object: 'Object Repository/Page_Homepage Minh Tuan Mobile/span_Mac' is hovered

15-01-2024T12:41:02 - [MESSAGE][PASSED] - Object: 'Object Repository/Page_Homepage Minh Tuan Mobile/span_Mac' is hovered

15-01-2024T12:41:02 - [TEST_STEP][PASSED] - mouseOver(findTestObject("Object Repository/Page_Homepage Minh Tuan Mobile/a_MacBook")): Object: 'Object Repository/Page_Homepage Minh Tuan Mobile/a_MacBook' is hovered

15-01-2024T12:41:02 - [MESSAGE][PASSED] - Object: 'Object Repository/Page_Homepage Minh Tuan Mobile/a_MacBook' is hovered

15-01-2024T12:41:02 - [TEST_STEP][PASSED] - click(findTestObject("Object Repository/Page_Homepage Minh Tuan Mobile/a_MacBook Pro")): Object: 'Object Repository/Page_Homepage Minh Tuan Mobile/a_MacBook Pro' is clicked on

15-01-2024T12:41:04 - [MESSAGE][PASSED] - Object: 'Object Repository/Page_Homepage Minh Tuan Mobile/a_MacBook Pro' is clicked on

15-01-2024T12:41:04 - [TEST_STEP][PASSED] - takeScreenshot("/home/ltcuong/Katalon Studio/Demo Project/Screenshots/Screenshot" + (iScreenshotID++) + ".png"): Taking screenshot successfully

15-01-2024T12:41:05 - [MESSAGE][PASSED] - Taking screenshot successfully
[[ATTACHMENT|/home/ltcuong/Katalon Studio/Demo Project/Screenshots/Screenshot2.png]]

15-01-2024T12:41:05 - [TEST_STEP][PASSED] - lMacbooks = ["MacBook Pro 14 inch 2023 M3 8CPU 10GPU 8GB 512GB SSD", "MacBook Pro 14 inch 2023 M3 8CPU 10GPU 8GB 1TB SSD"]: null

15-01-2024T12:41:05 - [TEST_STEP][PASSED] - for (def sMacbook : lMacbooks): Taking screenshot successfully

15-01-2024T12:41:05 - [TEST_STEP][PASSED] - "Click on item" + sMacbook: null

15-01-2024T12:41:05 - [TEST_STEP][PASSED] - xMacbook = "//h3[text()="" + sMacbook + ""]": null

15-01-2024T12:41:05 - [TEST_STEP][PASSED] - tMacbookObj = testObj.addProperty("xpath", EQUALS, xMacbook): null

15-01-2024T12:41:05 - [TEST_STEP][PASSED] - click(tMacbookObj): Object: '' is clicked on

15-01-2024T12:41:06 - [MESSAGE][PASSED] - Object: '' is clicked on

15-01-2024T12:41:06 - [TEST_STEP][PASSED] - takeScreenshot("/home/ltcuong/Katalon Studio/Demo Project/Screenshots/Screenshot" + (iScreenshotID++) + ".png"): Taking screenshot successfully

15-01-2024T12:41:07 - [MESSAGE][PASSED] - Taking screenshot successfully
[[ATTACHMENT|/home/ltcuong/Katalon Studio/Demo Project/Screenshots/Screenshot3.png]]

15-01-2024T12:41:07 - [TEST_STEP][PASSED] - "Click on Add To Cart button to add item" + sMacbook: null

15-01-2024T12:41:07 - [TEST_STEP][PASSED] - xAddToCartBtn = "(//button[@value="addtocart"])[1]": null

15-01-2024T12:41:07 - [TEST_STEP][PASSED] - tAddToCart = testObj.addProperty("xpath", EQUALS, xAddToCartBtn): null

15-01-2024T12:41:07 - [TEST_STEP][PASSED] - click(tAddToCart): Object: '' is clicked on

15-01-2024T12:41:08 - [MESSAGE][PASSED] - Object: '' is clicked on

15-01-2024T12:41:08 - [TEST_STEP][PASSED] - takeScreenshot("/home/ltcuong/Katalon Studio/Demo Project/Screenshots/Screenshot" + (iScreenshotID++) + ".png"): Taking screenshot successfully

15-01-2024T12:41:09 - [MESSAGE][PASSED] - Taking screenshot successfully
[[ATTACHMENT|/home/ltcuong/Katalon Studio/Demo Project/Screenshots/Screenshot4.png]]

15-01-2024T12:41:09 - [TEST_STEP][PASSED] - verifyElementPresent(findTestObject("Page_Child Macbook item/popup_Item added"), 3): Object 'Object Repository/Page_Child Macbook item/popup_Item added' is present

15-01-2024T12:41:09 - [MESSAGE][PASSED] - Object 'Object Repository/Page_Child Macbook item/popup_Item added' is present

15-01-2024T12:41:09 - [TEST_STEP][PASSED] - back(): Navigate back successfully

15-01-2024T12:41:09 - [MESSAGE][PASSED] - Navigate back successfully

15-01-2024T12:41:09 - [TEST_STEP][PASSED] - takeScreenshot("/home/ltcuong/Katalon Studio/Demo Project/Screenshots/Screenshot" + (iScreenshotID++) + ".png"): Taking screenshot successfully

15-01-2024T12:41:10 - [MESSAGE][PASSED] - Taking screenshot successfully
[[ATTACHMENT|/home/ltcuong/Katalon Studio/Demo Project/Screenshots/Screenshot5.png]]

15-01-2024T12:41:10 - [TEST_STEP][PASSED] - "Click on item" + sMacbook: null

15-01-2024T12:41:10 - [TEST_STEP][PASSED] - xMacbook = "//h3[text()="" + sMacbook + ""]": null

15-01-2024T12:41:10 - [TEST_STEP][PASSED] - tMacbookObj = testObj.addProperty("xpath", EQUALS, xMacbook): null

15-01-2024T12:41:10 - [TEST_STEP][PASSED] - click(tMacbookObj): Object: '' is clicked on

15-01-2024T12:41:11 - [MESSAGE][PASSED] - Object: '' is clicked on

15-01-2024T12:41:11 - [TEST_STEP][PASSED] - takeScreenshot("/home/ltcuong/Katalon Studio/Demo Project/Screenshots/Screenshot" + (iScreenshotID++) + ".png"): Taking screenshot successfully

15-01-2024T12:41:12 - [MESSAGE][PASSED] - Taking screenshot successfully
[[ATTACHMENT|/home/ltcuong/Katalon Studio/Demo Project/Screenshots/Screenshot6.png]]

15-01-2024T12:41:12 - [TEST_STEP][PASSED] - "Click on Add To Cart button to add item" + sMacbook: null

15-01-2024T12:41:12 - [TEST_STEP][PASSED] - xAddToCartBtn = "(//button[@value="addtocart"])[1]": null

15-01-2024T12:41:12 - [TEST_STEP][PASSED] - tAddToCart = testObj.addProperty("xpath", EQUALS, xAddToCartBtn): null

15-01-2024T12:41:12 - [TEST_STEP][PASSED] - click(tAddToCart): Object: '' is clicked on

15-01-2024T12:41:13 - [MESSAGE][PASSED] - Object: '' is clicked on

15-01-2024T12:41:13 - [TEST_STEP][PASSED] - takeScreenshot("/home/ltcuong/Katalon Studio/Demo Project/Screenshots/Screenshot" + (iScreenshotID++) + ".png"): Taking screenshot successfully

15-01-2024T12:41:14 - [MESSAGE][PASSED] - Taking screenshot successfully
[[ATTACHMENT|/home/ltcuong/Katalon Studio/Demo Project/Screenshots/Screenshot7.png]]

15-01-2024T12:41:14 - [TEST_STEP][PASSED] - verifyElementPresent(findTestObject("Page_Child Macbook item/popup_Item added"), 3): Object 'Object Repository/Page_Child Macbook item/popup_Item added' is present

15-01-2024T12:41:14 - [MESSAGE][PASSED] - Object 'Object Repository/Page_Child Macbook item/popup_Item added' is present

15-01-2024T12:41:14 - [TEST_STEP][PASSED] - back(): Navigate back successfully

15-01-2024T12:41:14 - [MESSAGE][PASSED] - Navigate back successfully

15-01-2024T12:41:14 - [TEST_STEP][PASSED] - takeScreenshot("/home/ltcuong/Katalon Studio/Demo Project/Screenshots/Screenshot" + (iScreenshotID++) + ".png"): Taking screenshot successfully

15-01-2024T12:41:15 - [MESSAGE][PASSED] - Taking screenshot successfully
[[ATTACHMENT|/home/ltcuong/Katalon Studio/Demo Project/Screenshots/Screenshot8.png]]

15-01-2024T12:41:15 - [TEST_STEP][PASSED] - xShoppingCart = "//b[text()="Giỏ hàng"]": null

15-01-2024T12:41:15 - [TEST_STEP][PASSED] - tShoppingCartObj = testObj.addProperty("xpath", EQUALS, xShoppingCart): null

15-01-2024T12:41:15 - [TEST_STEP][PASSED] - click(tShoppingCartObj): Object: '' is clicked on

15-01-2024T12:41:16 - [MESSAGE][PASSED] - Object: '' is clicked on

15-01-2024T12:41:16 - [TEST_STEP][PASSED] - delay(10): Delayed 10 second(s)

15-01-2024T12:41:26 - [MESSAGE][PASSED] - Delayed 10 second(s)

15-01-2024T12:41:26 - [TEST_STEP][PASSED] - takeScreenshot("/home/ltcuong/Katalon Studio/Demo Project/Screenshots/Screenshot" + (iScreenshotID++) + ".png"): Taking screenshot successfully

15-01-2024T12:41:27 - [MESSAGE][PASSED] - Taking screenshot successfully
[[ATTACHMENT|/home/ltcuong/Katalon Studio/Demo Project/Screenshots/Screenshot9.png]]

15-01-2024T12:41:27 - [TEST_STEP][FAILED] - for (def sMacbook : lMacbooks): Unable to accept alert (Root cause: com.kms.katalon.core.exception.StepFailedException: Unable to accept alert
	at com.kms.katalon.core.webui.keyword.internal.WebUIKeywordMain.stepFailed(WebUIKeywordMain.groovy:64)
	at com.kms.katalon.core.webui.keyword.internal.WebUIKeywordMain.runKeyword(WebUIKeywordMain.groovy:26)
	at com.kms.katalon.core.webui.keyword.builtin.AcceptAlertKeyword.acceptAlert(AcceptAlertKeyword.groovy:71)
	at com.kms.katalon.core.webui.keyword.builtin.AcceptAlertKeyword.execute(AcceptAlertKeyword.groovy:66)
	at com.kms.katalon.core.keyword.internal.KeywordExecutor.executeKeywordForPlatform(KeywordExecutor.groovy:74)
	at com.kms.katalon.core.webui.keyword.WebUiBuiltInKeywords.acceptAlert(WebUiBuiltInKeywords.groovy:1561)
	at Minh Tuan Mobile_Shopping Cart_Remove Item.run(Minh Tuan Mobile_Shopping Cart_Remove Item:87)
	at com.kms.katalon.core.main.ScriptEngine.run(ScriptEngine.java:194)
	at com.kms.katalon.core.main.ScriptEngine.runScriptAsRawText(ScriptEngine.java:119)
	at com.kms.katalon.core.main.TestCaseExecutor.runScript(TestCaseExecutor.java:448)
	at com.kms.katalon.core.main.TestCaseExecutor.doExecute(TestCaseExecutor.java:439)
	at com.kms.katalon.core.main.TestCaseExecutor.processExecutionPhase(TestCaseExecutor.java:418)
	at com.kms.katalon.core.main.TestCaseExecutor.accessMainPhase(TestCaseExecutor.java:410)
	at com.kms.katalon.core.main.TestCaseExecutor.execute(TestCaseExecutor.java:285)
	at com.kms.katalon.core.common.CommonExecutor.accessTestCaseMainPhase(CommonExecutor.java:65)
	at com.kms.katalon.core.main.TestSuiteExecutor.accessTestSuiteMainPhase(TestSuiteExecutor.java:148)
	at com.kms.katalon.core.main.TestSuiteExecutor.execute(TestSuiteExecutor.java:106)
	at com.kms.katalon.core.main.TestCaseMain.startTestSuite(TestCaseMain.java:180)
	at TempTestSuite1705297228286.run(TempTestSuite1705297228286.groovy:36)
	at java.base/jdk.internal.reflect.NativeMethodAccessorImpl.invoke0(Native Method)
	at java.base/jdk.internal.reflect.NativeMethodAccessorImpl.invoke(NativeMethodAccessorImpl.java:77)
	at java.base/jdk.internal.reflect.DelegatingMethodAccessorImpl.invoke(DelegatingMethodAccessorImpl.java:43)
Caused by: com.kms.katalon.core.exception.StepFailedException: No alert found
	at com.kms.katalon.core.webui.keyword.internal.WebUIKeywordMain.stepFailed(WebUIKeywordMain.groovy:64)
	at com.kms.katalon.core.webui.keyword.builtin.AcceptAlertKeyword$_acceptAlert_closure1.doCall(AcceptAlertKeyword.groovy:78)
	at com.kms.katalon.core.webui.keyword.builtin.AcceptAlertKeyword$_acceptAlert_closure1.call(AcceptAlertKeyword.groovy)
	at com.kms.katalon.core.webui.keyword.internal.WebUIKeywordMain.runKeyword(WebUIKeywordMain.groovy:20)
	... 20 more
)

15-01-2024T12:41:27 - [TEST_STEP][PASSED] - "Click on trash icon of item " + sMacbook + " to delete it": null

15-01-2024T12:41:27 - [TEST_STEP][PASSED] - xMacbookInCart = "//a[normalize-space(text())="" + sMacbook + ""]//following-sibling::button//i": null

15-01-2024T12:41:27 - [TEST_STEP][PASSED] - tAddToCart = testObj.addProperty("xpath", EQUALS, xMacbookInCart): null

15-01-2024T12:41:27 - [TEST_STEP][PASSED] - click(tAddToCart): Object: '' is clicked on

15-01-2024T12:41:27 - [MESSAGE][PASSED] - Object: '' is clicked on

15-01-2024T12:41:27 - [TEST_STEP][PASSED] - verifyAlertPresent(3): Alert is present after 3 second(s).

15-01-2024T12:41:27 - [MESSAGE][PASSED] - Alert is present after 3 second(s).

15-01-2024T12:41:27 - [TEST_STEP][PASSED] - takeScreenshot("/home/ltcuong/Katalon Studio/Demo Project/Screenshots/Screenshot" + (iScreenshotID++) + ".png"): Taking screenshot successfully

15-01-2024T12:41:27 - [MESSAGE][PASSED] - Taking screenshot successfully
[[ATTACHMENT|/home/ltcuong/Katalon Studio/Demo Project/Screenshots/Screenshot10.png]]

15-01-2024T12:41:27 - [TEST_STEP][FAILED] - acceptAlert(): Unable to accept alert (Root cause: com.kms.katalon.core.exception.StepFailedException: Unable to accept alert
	at com.kms.katalon.core.webui.keyword.internal.WebUIKeywordMain.stepFailed(WebUIKeywordMain.groovy:64)
	at com.kms.katalon.core.webui.keyword.internal.WebUIKeywordMain.runKeyword(WebUIKeywordMain.groovy:26)
	at com.kms.katalon.core.webui.keyword.builtin.AcceptAlertKeyword.acceptAlert(AcceptAlertKeyword.groovy:71)
	at com.kms.katalon.core.webui.keyword.builtin.AcceptAlertKeyword.execute(AcceptAlertKeyword.groovy:66)
	at com.kms.katalon.core.keyword.internal.KeywordExecutor.executeKeywordForPlatform(KeywordExecutor.groovy:74)
	at com.kms.katalon.core.webui.keyword.WebUiBuiltInKeywords.acceptAlert(WebUiBuiltInKeywords.groovy:1561)
	at Minh Tuan Mobile_Shopping Cart_Remove Item.run(Minh Tuan Mobile_Shopping Cart_Remove Item:87)
	at com.kms.katalon.core.main.ScriptEngine.run(ScriptEngine.java:194)
	at com.kms.katalon.core.main.ScriptEngine.runScriptAsRawText(ScriptEngine.java:119)
	at com.kms.katalon.core.main.TestCaseExecutor.runScript(TestCaseExecutor.java:448)
	at com.kms.katalon.core.main.TestCaseExecutor.doExecute(TestCaseExecutor.java:439)
	at com.kms.katalon.core.main.TestCaseExecutor.processExecutionPhase(TestCaseExecutor.java:418)
	at com.kms.katalon.core.main.TestCaseExecutor.accessMainPhase(TestCaseExecutor.java:410)
	at com.kms.katalon.core.main.TestCaseExecutor.execute(TestCaseExecutor.java:285)
	at com.kms.katalon.core.common.CommonExecutor.accessTestCaseMainPhase(CommonExecutor.java:65)
	at com.kms.katalon.core.main.TestSuiteExecutor.accessTestSuiteMainPhase(TestSuiteExecutor.java:148)
	at com.kms.katalon.core.main.TestSuiteExecutor.execute(TestSuiteExecutor.java:106)
	at com.kms.katalon.core.main.TestCaseMain.startTestSuite(TestCaseMain.java:180)
	at TempTestSuite1705297228286.run(TempTestSuite1705297228286.groovy:36)
	at java.base/jdk.internal.reflect.NativeMethodAccessorImpl.invoke0(Native Method)
	at java.base/jdk.internal.reflect.NativeMethodAccessorImpl.invoke(NativeMethodAccessorImpl.java:77)
	at java.base/jdk.internal.reflect.DelegatingMethodAccessorImpl.invoke(DelegatingMethodAccessorImpl.java:43)
Caused by: com.kms.katalon.core.exception.StepFailedException: No alert found
	at com.kms.katalon.core.webui.keyword.internal.WebUIKeywordMain.stepFailed(WebUIKeywordMain.groovy:64)
	at com.kms.katalon.core.webui.keyword.builtin.AcceptAlertKeyword$_acceptAlert_closure1.doCall(AcceptAlertKeyword.groovy:78)
	at com.kms.katalon.core.webui.keyword.builtin.AcceptAlertKeyword$_acceptAlert_closure1.call(AcceptAlertKeyword.groovy)
	at com.kms.katalon.core.webui.keyword.internal.WebUIKeywordMain.runKeyword(WebUIKeywordMain.groovy:20)
	... 20 more
)

15-01-2024T12:41:27 - [MESSAGE][FAILED] - No alert found (Root cause: com.kms.katalon.core.exception.StepFailedException: No alert found
	at com.kms.katalon.core.webui.keyword.internal.WebUIKeywordMain.stepFailed(WebUIKeywordMain.groovy:64)
	at com.kms.katalon.core.webui.keyword.builtin.AcceptAlertKeyword$_acceptAlert_closure1.doCall(AcceptAlertKeyword.groovy:78)
	at com.kms.katalon.core.webui.keyword.builtin.AcceptAlertKeyword$_acceptAlert_closure1.call(AcceptAlertKeyword.groovy)
	at com.kms.katalon.core.webui.keyword.internal.WebUIKeywordMain.runKeyword(WebUIKeywordMain.groovy:20)
	at com.kms.katalon.core.webui.keyword.builtin.AcceptAlertKeyword.acceptAlert(AcceptAlertKeyword.groovy:71)
	at com.kms.katalon.core.webui.keyword.builtin.AcceptAlertKeyword.execute(AcceptAlertKeyword.groovy:66)
	at com.kms.katalon.core.keyword.internal.KeywordExecutor.executeKeywordForPlatform(KeywordExecutor.groovy:74)
	at com.kms.katalon.core.webui.keyword.WebUiBuiltInKeywords.acceptAlert(WebUiBuiltInKeywords.groovy:1561)
	at Minh Tuan Mobile_Shopping Cart_Remove Item.run(Minh Tuan Mobile_Shopping Cart_Remove Item:87)
	at com.kms.katalon.core.main.ScriptEngine.run(ScriptEngine.java:194)
	at com.kms.katalon.core.main.ScriptEngine.runScriptAsRawText(ScriptEngine.java:119)
	at com.kms.katalon.core.main.TestCaseExecutor.runScript(TestCaseExecutor.java:448)
	at com.kms.katalon.core.main.TestCaseExecutor.doExecute(TestCaseExecutor.java:439)
	at com.kms.katalon.core.main.TestCaseExecutor.processExecutionPhase(TestCaseExecutor.java:418)
	at com.kms.katalon.core.main.TestCaseExecutor.accessMainPhase(TestCaseExecutor.java:410)
	at com.kms.katalon.core.main.TestCaseExecutor.execute(TestCaseExecutor.java:285)
	at com.kms.katalon.core.common.CommonExecutor.accessTestCaseMainPhase(CommonExecutor.java:65)
	at com.kms.katalon.core.main.TestSuiteExecutor.accessTestSuiteMainPhase(TestSuiteExecutor.java:148)
	at com.kms.katalon.core.main.TestSuiteExecutor.execute(TestSuiteExecutor.java:106)
	at com.kms.katalon.core.main.TestCaseMain.startTestSuite(TestCaseMain.java:180)
	at TempTestSuite1705297228286.run(TempTestSuite1705297228286.groovy:36)
	at java.base/jdk.internal.reflect.NativeMethodAccessorImpl.invoke0(Native Method)
	at java.base/jdk.internal.reflect.NativeMethodAccessorImpl.invoke(NativeMethodAccessorImpl.java:77)
	at java.base/jdk.internal.reflect.DelegatingMethodAccessorImpl.invoke(DelegatingMethodAccessorImpl.java:43)
)
[[ATTACHMENT|/home/ltcuong/Katalon Studio/Demo Project/Reports/20240115_124028/Minh Tuan Mobile_Item_Test suite/20240115_124028/1705297287764.png]]

15-01-2024T12:41:28 - [MESSAGE][FAILED] - Unable to accept alert (Root cause: com.kms.katalon.core.exception.StepFailedException: Unable to accept alert
	at com.kms.katalon.core.webui.keyword.internal.WebUIKeywordMain.stepFailed(WebUIKeywordMain.groovy:64)
	at com.kms.katalon.core.webui.keyword.internal.WebUIKeywordMain.runKeyword(WebUIKeywordMain.groovy:26)
	at com.kms.katalon.core.webui.keyword.builtin.AcceptAlertKeyword.acceptAlert(AcceptAlertKeyword.groovy:71)
	at com.kms.katalon.core.webui.keyword.builtin.AcceptAlertKeyword.execute(AcceptAlertKeyword.groovy:66)
	at com.kms.katalon.core.keyword.internal.KeywordExecutor.executeKeywordForPlatform(KeywordExecutor.groovy:74)
	at com.kms.katalon.core.webui.keyword.WebUiBuiltInKeywords.acceptAlert(WebUiBuiltInKeywords.groovy:1561)
	at Minh Tuan Mobile_Shopping Cart_Remove Item.run(Minh Tuan Mobile_Shopping Cart_Remove Item:87)
	at com.kms.katalon.core.main.ScriptEngine.run(ScriptEngine.java:194)
	at com.kms.katalon.core.main.ScriptEngine.runScriptAsRawText(ScriptEngine.java:119)
	at com.kms.katalon.core.main.TestCaseExecutor.runScript(TestCaseExecutor.java:448)
	at com.kms.katalon.core.main.TestCaseExecutor.doExecute(TestCaseExecutor.java:439)
	at com.kms.katalon.core.main.TestCaseExecutor.processExecutionPhase(TestCaseExecutor.java:418)
	at com.kms.katalon.core.main.TestCaseExecutor.accessMainPhase(TestCaseExecutor.java:410)
	at com.kms.katalon.core.main.TestCaseExecutor.execute(TestCaseExecutor.java:285)
	at com.kms.katalon.core.common.CommonExecutor.accessTestCaseMainPhase(CommonExecutor.java:65)
	at com.kms.katalon.core.main.TestSuiteExecutor.accessTestSuiteMainPhase(TestSuiteExecutor.java:148)
	at com.kms.katalon.core.main.TestSuiteExecutor.execute(TestSuiteExecutor.java:106)
	at com.kms.katalon.core.main.TestCaseMain.startTestSuite(TestCaseMain.java:180)
	at TempTestSuite1705297228286.run(TempTestSuite1705297228286.groovy:36)
	at java.base/jdk.internal.reflect.NativeMethodAccessorImpl.invoke0(Native Method)
	at java.base/jdk.internal.reflect.NativeMethodAccessorImpl.invoke(NativeMethodAccessorImpl.java:77)
	at java.base/jdk.internal.reflect.DelegatingMethodAccessorImpl.invoke(DelegatingMethodAccessorImpl.java:43)
Caused by: com.kms.katalon.core.exception.StepFailedException: No alert found
	at com.kms.katalon.core.webui.keyword.internal.WebUIKeywordMain.stepFailed(WebUIKeywordMain.groovy:64)
	at com.kms.katalon.core.webui.keyword.builtin.AcceptAlertKeyword$_acceptAlert_closure1.doCall(AcceptAlertKeyword.groovy:78)
	at com.kms.katalon.core.webui.keyword.builtin.AcceptAlertKeyword$_acceptAlert_closure1.call(AcceptAlertKeyword.groovy)
	at com.kms.katalon.core.webui.keyword.internal.WebUIKeywordMain.runKeyword(WebUIKeywordMain.groovy:20)
	... 20 more
)
[[ATTACHMENT|/home/ltcuong/Katalon Studio/Demo Project/Reports/20240115_124028/Minh Tuan Mobile_Item_Test suite/20240115_124028/1705297287991.png]]]]></system-out>
         <system-err><![CDATA[15-01-2024T12:41:00 - [TEST_CASE][FAILED] - Test Cases/Minh Tuan Mobile_Shopping Cart_Remove Item: Test Cases/Minh Tuan Mobile_Shopping Cart_Remove Item FAILED.
Reason:
com.kms.katalon.core.exception.StepFailedException: Unable to accept alert
	at com.kms.katalon.core.webui.keyword.internal.WebUIKeywordMain.stepFailed(WebUIKeywordMain.groovy:64)
	at com.kms.katalon.core.webui.keyword.internal.WebUIKeywordMain.runKeyword(WebUIKeywordMain.groovy:26)
	at com.kms.katalon.core.webui.keyword.builtin.AcceptAlertKeyword.acceptAlert(AcceptAlertKeyword.groovy:71)
	at com.kms.katalon.core.webui.keyword.builtin.AcceptAlertKeyword.execute(AcceptAlertKeyword.groovy:66)
	at com.kms.katalon.core.keyword.internal.KeywordExecutor.executeKeywordForPlatform(KeywordExecutor.groovy:74)
	at com.kms.katalon.core.webui.keyword.WebUiBuiltInKeywords.acceptAlert(WebUiBuiltInKeywords.groovy:1561)
	at Minh Tuan Mobile_Shopping Cart_Remove Item.run(Minh Tuan Mobile_Shopping Cart_Remove Item:87)
	at com.kms.katalon.core.main.ScriptEngine.run(ScriptEngine.java:194)
	at com.kms.katalon.core.main.ScriptEngine.runScriptAsRawText(ScriptEngine.java:119)
	at com.kms.katalon.core.main.TestCaseExecutor.runScript(TestCaseExecutor.java:448)
	at com.kms.katalon.core.main.TestCaseExecutor.doExecute(TestCaseExecutor.java:439)
	at com.kms.katalon.core.main.TestCaseExecutor.processExecutionPhase(TestCaseExecutor.java:418)
	at com.kms.katalon.core.main.TestCaseExecutor.accessMainPhase(TestCaseExecutor.java:410)
	at com.kms.katalon.core.main.TestCaseExecutor.execute(TestCaseExecutor.java:285)
	at com.kms.katalon.core.common.CommonExecutor.accessTestCaseMainPhase(CommonExecutor.java:65)
	at com.kms.katalon.core.main.TestSuiteExecutor.accessTestSuiteMainPhase(TestSuiteExecutor.java:148)
	at com.kms.katalon.core.main.TestSuiteExecutor.execute(TestSuiteExecutor.java:106)
	at com.kms.katalon.core.main.TestCaseMain.startTestSuite(TestCaseMain.java:180)
	at TempTestSuite1705297228286.run(TempTestSuite1705297228286.groovy:36)
	at java.base/jdk.internal.reflect.NativeMethodAccessorImpl.invoke0(Native Method)
	at java.base/jdk.internal.reflect.NativeMethodAccessorImpl.invoke(NativeMethodAccessorImpl.java:77)
	at java.base/jdk.internal.reflect.DelegatingMethodAccessorImpl.invoke(DelegatingMethodAccessorImpl.java:43)
Caused by: com.kms.katalon.core.exception.StepFailedException: No alert found
	at com.kms.katalon.core.webui.keyword.internal.WebUIKeywordMain.stepFailed(WebUIKeywordMain.groovy:64)
	at com.kms.katalon.core.webui.keyword.builtin.AcceptAlertKeyword$_acceptAlert_closure1.doCall(AcceptAlertKeyword.groovy:78)
	at com.kms.katalon.core.webui.keyword.builtin.AcceptAlertKeyword$_acceptAlert_closure1.call(AcceptAlertKeyword.groovy)
	at com.kms.katalon.core.webui.keyword.internal.WebUIKeywordMain.runKeyword(WebUIKeywordMain.groovy:20)
	... 20 more]]></system-err>
      </testcase>
      <system-out><![CDATA[15-01-2024T12:40:32 - [TEST_SUITE][FAILED] - Minh Tuan Mobile_Item_Test suite: Test Cases/Minh Tuan Mobile_Shopping Cart_Remove Item FAILED.
Reason:
com.kms.katalon.core.exception.StepFailedException: Unable to accept alert
	at com.kms.katalon.core.webui.keyword.internal.WebUIKeywordMain.stepFailed(WebUIKeywordMain.groovy:64)
	at com.kms.katalon.core.webui.keyword.internal.WebUIKeywordMain.runKeyword(WebUIKeywordMain.groovy:26)
	at com.kms.katalon.core.webui.keyword.builtin.AcceptAlertKeyword.acceptAlert(AcceptAlertKeyword.groovy:71)
	at com.kms.katalon.core.webui.keyword.builtin.AcceptAlertKeyword.execute(AcceptAlertKeyword.groovy:66)
	at com.kms.katalon.core.keyword.internal.KeywordExecutor.executeKeywordForPlatform(KeywordExecutor.groovy:74)
	at com.kms.katalon.core.webui.keyword.WebUiBuiltInKeywords.acceptAlert(WebUiBuiltInKeywords.groovy:1561)
	at Minh Tuan Mobile_Shopping Cart_Remove Item.run(Minh Tuan Mobile_Shopping Cart_Remove Item:87)
	at com.kms.katalon.core.main.ScriptEngine.run(ScriptEngine.java:194)
	at com.kms.katalon.core.main.ScriptEngine.runScriptAsRawText(ScriptEngine.java:119)
	at com.kms.katalon.core.main.TestCaseExecutor.runScript(TestCaseExecutor.java:448)
	at com.kms.katalon.core.main.TestCaseExecutor.doExecute(TestCaseExecutor.java:439)
	at com.kms.katalon.core.main.TestCaseExecutor.processExecutionPhase(TestCaseExecutor.java:418)
	at com.kms.katalon.core.main.TestCaseExecutor.accessMainPhase(TestCaseExecutor.java:410)
	at com.kms.katalon.core.main.TestCaseExecutor.execute(TestCaseExecutor.java:285)
	at com.kms.katalon.core.common.CommonExecutor.accessTestCaseMainPhase(CommonExecutor.java:65)
	at com.kms.katalon.core.main.TestSuiteExecutor.accessTestSuiteMainPhase(TestSuiteExecutor.java:148)
	at com.kms.katalon.core.main.TestSuiteExecutor.execute(TestSuiteExecutor.java:106)
	at com.kms.katalon.core.main.TestCaseMain.startTestSuite(TestCaseMain.java:180)
	at TempTestSuite1705297228286.run(TempTestSuite1705297228286.groovy:36)
	at java.base/jdk.internal.reflect.NativeMethodAccessorImpl.invoke0(Native Method)
	at java.base/jdk.internal.reflect.NativeMethodAccessorImpl.invoke(NativeMethodAccessorImpl.java:77)
	at java.base/jdk.internal.reflect.DelegatingMethodAccessorImpl.invoke(DelegatingMethodAccessorImpl.java:43)
Caused by: com.kms.katalon.core.exception.StepFailedException: No alert found
	at com.kms.katalon.core.webui.keyword.internal.WebUIKeywordMain.stepFailed(WebUIKeywordMain.groovy:64)
	at com.kms.katalon.core.webui.keyword.builtin.AcceptAlertKeyword$_acceptAlert_closure1.doCall(AcceptAlertKeyword.groovy:78)
	at com.kms.katalon.core.webui.keyword.builtin.AcceptAlertKeyword$_acceptAlert_closure1.call(AcceptAlertKeyword.groovy)
	at com.kms.katalon.core.webui.keyword.internal.WebUIKeywordMain.runKeyword(WebUIKeywordMain.groovy:20)
	... 20 more]]></system-out>
      <system-err><![CDATA[15-01-2024T12:40:32 - [TEST_SUITE][FAILED] - Minh Tuan Mobile_Item_Test suite: Test Cases/Minh Tuan Mobile_Shopping Cart_Remove Item FAILED.
Reason:
com.kms.katalon.core.exception.StepFailedException: Unable to accept alert
	at com.kms.katalon.core.webui.keyword.internal.WebUIKeywordMain.stepFailed(WebUIKeywordMain.groovy:64)
	at com.kms.katalon.core.webui.keyword.internal.WebUIKeywordMain.runKeyword(WebUIKeywordMain.groovy:26)
	at com.kms.katalon.core.webui.keyword.builtin.AcceptAlertKeyword.acceptAlert(AcceptAlertKeyword.groovy:71)
	at com.kms.katalon.core.webui.keyword.builtin.AcceptAlertKeyword.execute(AcceptAlertKeyword.groovy:66)
	at com.kms.katalon.core.keyword.internal.KeywordExecutor.executeKeywordForPlatform(KeywordExecutor.groovy:74)
	at com.kms.katalon.core.webui.keyword.WebUiBuiltInKeywords.acceptAlert(WebUiBuiltInKeywords.groovy:1561)
	at Minh Tuan Mobile_Shopping Cart_Remove Item.run(Minh Tuan Mobile_Shopping Cart_Remove Item:87)
	at com.kms.katalon.core.main.ScriptEngine.run(ScriptEngine.java:194)
	at com.kms.katalon.core.main.ScriptEngine.runScriptAsRawText(ScriptEngine.java:119)
	at com.kms.katalon.core.main.TestCaseExecutor.runScript(TestCaseExecutor.java:448)
	at com.kms.katalon.core.main.TestCaseExecutor.doExecute(TestCaseExecutor.java:439)
	at com.kms.katalon.core.main.TestCaseExecutor.processExecutionPhase(TestCaseExecutor.java:418)
	at com.kms.katalon.core.main.TestCaseExecutor.accessMainPhase(TestCaseExecutor.java:410)
	at com.kms.katalon.core.main.TestCaseExecutor.execute(TestCaseExecutor.java:285)
	at com.kms.katalon.core.common.CommonExecutor.accessTestCaseMainPhase(CommonExecutor.java:65)
	at com.kms.katalon.core.main.TestSuiteExecutor.accessTestSuiteMainPhase(TestSuiteExecutor.java:148)
	at com.kms.katalon.core.main.TestSuiteExecutor.execute(TestSuiteExecutor.java:106)
	at com.kms.katalon.core.main.TestCaseMain.startTestSuite(TestCaseMain.java:180)
	at TempTestSuite1705297228286.run(TempTestSuite1705297228286.groovy:36)
	at java.base/jdk.internal.reflect.NativeMethodAccessorImpl.invoke0(Native Method)
	at java.base/jdk.internal.reflect.NativeMethodAccessorImpl.invoke(NativeMethodAccessorImpl.java:77)
	at java.base/jdk.internal.reflect.DelegatingMethodAccessorImpl.invoke(DelegatingMethodAccessorImpl.java:43)
Caused by: com.kms.katalon.core.exception.StepFailedException: No alert found
	at com.kms.katalon.core.webui.keyword.internal.WebUIKeywordMain.stepFailed(WebUIKeywordMain.groovy:64)
	at com.kms.katalon.core.webui.keyword.builtin.AcceptAlertKeyword$_acceptAlert_closure1.doCall(AcceptAlertKeyword.groovy:78)
	at com.kms.katalon.core.webui.keyword.builtin.AcceptAlertKeyword$_acceptAlert_closure1.call(AcceptAlertKeyword.groovy)
	at com.kms.katalon.core.webui.keyword.internal.WebUIKeywordMain.runKeyword(WebUIKeywordMain.groovy:20)
	... 20 more]]></system-err>
   </testsuite>
</testsuites>
