<?xml version="1.0" encoding="UTF-8"?>
<testsuites name="Minh Tuan Mobile_Item_Test suite" time="55.645" tests="3" failures="1" errors="0">
   <testsuite name="Minh Tuan Mobile_Item_Test suite" tests="3" failures="1" errors="0" time="55.645" skipped="0" timestamp="15-01-2024T11:28:37" hostname="ltcuong - ltcuong" id="Test Suites/Minh Tuan Mobile_Item_Test suite">
      <properties>
         <property name="deviceName" value=""/>
         <property name="devicePlatform" value=""/>
         <property name="logFolder" value="/home/ltcuong/Katalon Studio/Demo Project/Reports/20240115_112831/Minh Tuan Mobile_Item_Test suite/20240115_112832"/>
         <property name="logFiles" value="/home/ltcuong/Katalon Studio/Demo Project/Reports/20240115_112831/Minh Tuan Mobile_Item_Test suite/20240115_112832/execution0.log"/>
         <property name="attachments" value="/home/ltcuong/Katalon Studio/Demo Project/Reports/20240115_112831/Minh Tuan Mobile_Item_Test suite/20240115_112832/1705292972473.png, /home/ltcuong/Katalon Studio/Demo Project/Reports/20240115_112831/Minh Tuan Mobile_Item_Test suite/20240115_112832/1705292972731.png"/>
         <property name="hostName" value="ltcuong - ltcuong"/>
         <property name="os" value="Linux 64bit"/>
         <property name="katalonVersion" value="9.2.0.212"/>
         <property name="browser" value="Chrome 119.0.0.0"/>
         <property name="hostAddress" value="127.0.1.1"/>
         <property name="sessionId" value="fe545ea80b69a22154f333376f900c6b"/>
         <property name="seleniumVersion" value="3.141.59"/>
         <property name="proxyInformation" value="ProxyInformation { proxyOption=NO_PROXY, proxyServerType=HTTP, username=, password=********, proxyServerAddress=, proxyServerPort=0, executionList=&quot;&quot;, isApplyToDesiredCapabilities=true }"/>
         <property name="platform" value="Linux"/>
      </properties>
      <testcase name="Test Cases/Minh Tuan Mobile_Macbook_Add Item - Spy Object" time="18.913" classname="Test Cases/Minh Tuan Mobile_Macbook_Add Item - Spy Object" status="PASSED">
         <system-out><![CDATA[15-01-2024T11:28:37 - [TEST_CASE][PASSED] - Test Cases/Minh Tuan Mobile_Macbook_Add Item - Spy Object: Test Cases/Minh Tuan Mobile_Macbook_Add Item - Spy Object

15-01-2024T11:28:37 - [TEST_STEP][PASSED] - openBrowser(""): Browser is opened with url: ''

15-01-2024T11:28:37 - [MESSAGE][INFO] - Starting 'Chrome' driver

15-01-2024T11:28:37 - [MESSAGE][INFO] - Action delay is set to 0 milliseconds

15-01-2024T11:28:38 - [MESSAGE][PASSED] - Browser is opened with url: ''

15-01-2024T11:28:38 - [TEST_STEP][PASSED] - navigateToUrl(base_url): Navigate to 'https://minhtuanmobile.com/' successfully

15-01-2024T11:28:44 - [MESSAGE][PASSED] - Navigate to 'https://minhtuanmobile.com/' successfully

15-01-2024T11:28:44 - [TEST_STEP][PASSED] - maximizeWindow(): Current window maximized

15-01-2024T11:28:44 - [MESSAGE][PASSED] - Current window maximized

15-01-2024T11:28:44 - [TEST_STEP][PASSED] - delay(5): Delayed 5 second(s)

15-01-2024T11:28:49 - [MESSAGE][PASSED] - Delayed 5 second(s)

15-01-2024T11:28:49 - [TEST_STEP][PASSED] - waitForElementVisible(findTestObject("Page_Homepage Minh Tuan Mobile/span_Mac"), 10): Object 'Object Repository/Page_Homepage Minh Tuan Mobile/span_Mac' is visible

15-01-2024T11:28:50 - [MESSAGE][PASSED] - Object 'Object Repository/Page_Homepage Minh Tuan Mobile/span_Mac' is visible

15-01-2024T11:28:50 - [TEST_STEP][PASSED] - mouseOver(findTestObject("Page_Homepage Minh Tuan Mobile/span_Mac")): Object: 'Object Repository/Page_Homepage Minh Tuan Mobile/span_Mac' is hovered

15-01-2024T11:28:50 - [MESSAGE][PASSED] - Object: 'Object Repository/Page_Homepage Minh Tuan Mobile/span_Mac' is hovered

15-01-2024T11:28:50 - [TEST_STEP][PASSED] - mouseOver(findTestObject("Page_Homepage Minh Tuan Mobile/a_MacBook")): Object: 'Object Repository/Page_Homepage Minh Tuan Mobile/a_MacBook' is hovered

15-01-2024T11:28:51 - [MESSAGE][PASSED] - Object: 'Object Repository/Page_Homepage Minh Tuan Mobile/a_MacBook' is hovered

15-01-2024T11:28:51 - [TEST_STEP][PASSED] - click(findTestObject("Page_Homepage Minh Tuan Mobile/a_MacBook Pro")): Object: 'Object Repository/Page_Homepage Minh Tuan Mobile/a_MacBook Pro' is clicked on

15-01-2024T11:28:53 - [MESSAGE][PASSED] - Object: 'Object Repository/Page_Homepage Minh Tuan Mobile/a_MacBook Pro' is clicked on

15-01-2024T11:28:53 - [TEST_STEP][PASSED] - waitForElementClickable(findTestObject("Page_Macbook/h3_MacBook Pro 14 inch 2023 M3 8CPU 10GPU 8GB 512GB SSD"), 10): Object 'Object Repository/Page_Macbook/h3_MacBook Pro 14 inch 2023 M3 8CPU 10GPU 8GB 512GB SSD' is clickable

15-01-2024T11:28:53 - [MESSAGE][PASSED] - Object 'Object Repository/Page_Macbook/h3_MacBook Pro 14 inch 2023 M3 8CPU 10GPU 8GB 512GB SSD' is clickable

15-01-2024T11:28:53 - [TEST_STEP][PASSED] - click(findTestObject("Page_Macbook/h3_MacBook Pro 14 inch 2023 M3 8CPU 10GPU 8GB 512GB SSD")): Object: 'Object Repository/Page_Macbook/h3_MacBook Pro 14 inch 2023 M3 8CPU 10GPU 8GB 512GB SSD' is clicked on

15-01-2024T11:28:54 - [MESSAGE][PASSED] - Object: 'Object Repository/Page_Macbook/h3_MacBook Pro 14 inch 2023 M3 8CPU 10GPU 8GB 512GB SSD' is clicked on

15-01-2024T11:28:54 - [TEST_STEP][PASSED] - click(findTestObject("Page_Child Macbook item/btn_Add item")): Object: 'Object Repository/Page_Child Macbook item/btn_Add item' is clicked on

15-01-2024T11:28:55 - [MESSAGE][PASSED] - Object: 'Object Repository/Page_Child Macbook item/btn_Add item' is clicked on

15-01-2024T11:28:55 - [TEST_STEP][PASSED] - verifyElementPresent(findTestObject("Page_Child Macbook item/popup_Item added"), 3): Object 'Object Repository/Page_Child Macbook item/popup_Item added' is present

15-01-2024T11:28:56 - [MESSAGE][PASSED] - Object 'Object Repository/Page_Child Macbook item/popup_Item added' is present

15-01-2024T11:28:56 - [TEST_STEP][PASSED] - closeBrowser(): Browser is closed

15-01-2024T11:28:56 - [MESSAGE][PASSED] - Browser is closed]]></system-out>
         <system-err><![CDATA[]]></system-err>
      </testcase>
      <testcase name="Test Cases/Minh Tuan Mobile_Iphone_Discount message - Record" time="18.357" classname="Test Cases/Minh Tuan Mobile_Iphone_Discount message - Record" status="PASSED">
         <system-out><![CDATA[15-01-2024T11:28:56 - [TEST_CASE][PASSED] - Test Cases/Minh Tuan Mobile_Iphone_Discount message - Record: Test Cases/Minh Tuan Mobile_Iphone_Discount message - Record

15-01-2024T11:28:56 - [TEST_STEP][PASSED] - openBrowser(""): Browser is opened with url: ''

15-01-2024T11:28:56 - [MESSAGE][INFO] - Starting 'Chrome' driver

15-01-2024T11:28:56 - [MESSAGE][INFO] - Action delay is set to 0 milliseconds

15-01-2024T11:28:57 - [MESSAGE][PASSED] - Browser is opened with url: ''

15-01-2024T11:28:57 - [TEST_STEP][PASSED] - navigateToUrl("https://minhtuanmobile.com/"): Navigate to 'https://minhtuanmobile.com/' successfully

15-01-2024T11:29:00 - [MESSAGE][PASSED] - Navigate to 'https://minhtuanmobile.com/' successfully

15-01-2024T11:29:00 - [TEST_STEP][PASSED] - maximizeWindow(): Current window maximized

15-01-2024T11:29:00 - [MESSAGE][PASSED] - Current window maximized

15-01-2024T11:29:00 - [TEST_STEP][PASSED] - mouseOver(findTestObject("Object Repository/Page_Homepage Minh Tuan Mobile/span_iPhone")): Object: 'Object Repository/Page_Homepage Minh Tuan Mobile/span_iPhone' is hovered

15-01-2024T11:29:02 - [MESSAGE][PASSED] - Object: 'Object Repository/Page_Homepage Minh Tuan Mobile/span_iPhone' is hovered

15-01-2024T11:29:02 - [TEST_STEP][PASSED] - mouseOver(findTestObject("Object Repository/Page_Homepage Minh Tuan Mobile/a_iPhone 15 Series")): Object: 'Object Repository/Page_Homepage Minh Tuan Mobile/a_iPhone 15 Series' is hovered

15-01-2024T11:29:03 - [MESSAGE][PASSED] - Object: 'Object Repository/Page_Homepage Minh Tuan Mobile/a_iPhone 15 Series' is hovered

15-01-2024T11:29:03 - [TEST_STEP][PASSED] - click(findTestObject("Object Repository/Page_Homepage Minh Tuan Mobile/a_iPhone 15 Pro")): Object: 'Object Repository/Page_Homepage Minh Tuan Mobile/a_iPhone 15 Pro' is clicked on

15-01-2024T11:29:05 - [MESSAGE][PASSED] - Object: 'Object Repository/Page_Homepage Minh Tuan Mobile/a_iPhone 15 Pro' is clicked on

15-01-2024T11:29:05 - [TEST_STEP][PASSED] - click(findTestObject("Object Repository/Page_Iphone 15 Pro/h3_iPhone 15 Pro 128GB product name")): Object: 'Object Repository/Page_Iphone 15 Pro/h3_iPhone 15 Pro 128GB product name' is clicked on

15-01-2024T11:29:09 - [MESSAGE][PASSED] - Object: 'Object Repository/Page_Iphone 15 Pro/h3_iPhone 15 Pro 128GB product name' is clicked on

15-01-2024T11:29:09 - [TEST_STEP][PASSED] - verifyElementPresent(findTestObject("Object Repository/Page_Child Iphone 15 Pro/div_Discount 1"), 0): Object 'Object Repository/Page_Child Iphone 15 Pro/div_Discount 1' is present

15-01-2024T11:29:09 - [MESSAGE][WARNING] - Timeout '0' is invalid. Using default page load timeout: '30'

15-01-2024T11:29:10 - [MESSAGE][PASSED] - Object 'Object Repository/Page_Child Iphone 15 Pro/div_Discount 1' is present

15-01-2024T11:29:10 - [TEST_STEP][PASSED] - verifyElementPresent(findTestObject("Object Repository/Page_Child Iphone 15 Pro/span_Discount 2"), 0): Object 'Object Repository/Page_Child Iphone 15 Pro/span_Discount 2' is present

15-01-2024T11:29:10 - [MESSAGE][WARNING] - Timeout '0' is invalid. Using default page load timeout: '30'

15-01-2024T11:29:10 - [MESSAGE][PASSED] - Object 'Object Repository/Page_Child Iphone 15 Pro/span_Discount 2' is present

15-01-2024T11:29:10 - [TEST_STEP][PASSED] - click(findTestObject("Object Repository/Page_Child Iphone 15 Pro/input_priceitem")): Object: 'Object Repository/Page_Child Iphone 15 Pro/input_priceitem' is clicked on

15-01-2024T11:29:11 - [MESSAGE][PASSED] - Object: 'Object Repository/Page_Child Iphone 15 Pro/input_priceitem' is clicked on

15-01-2024T11:29:11 - [TEST_STEP][PASSED] - click(findTestObject("Object Repository/Page_Child Iphone 15 Pro/btn_Buy now")): Object: 'Object Repository/Page_Child Iphone 15 Pro/btn_Buy now' is clicked on

15-01-2024T11:29:13 - [MESSAGE][PASSED] - Object: 'Object Repository/Page_Child Iphone 15 Pro/btn_Buy now' is clicked on

15-01-2024T11:29:13 - [TEST_STEP][PASSED] - verifyElementPresent(findTestObject("Object Repository/Page_Shoping cart/btn_Trash"), 0): Object 'Object Repository/Page_Shoping cart/btn_Trash' is present

15-01-2024T11:29:13 - [MESSAGE][WARNING] - Timeout '0' is invalid. Using default page load timeout: '30'

15-01-2024T11:29:14 - [MESSAGE][PASSED] - Object 'Object Repository/Page_Shoping cart/btn_Trash' is present

15-01-2024T11:29:14 - [TEST_STEP][PASSED] - closeBrowser(): Browser is closed

15-01-2024T11:29:14 - [MESSAGE][PASSED] - Browser is closed]]></system-out>
         <system-err><![CDATA[]]></system-err>
      </testcase>
      <testcase name="Test Cases/Minh Tuan Mobile_Shopping Cart_Remove Item" time="18.234" classname="Test Cases/Minh Tuan Mobile_Shopping Cart_Remove Item" status="FAILED">
         <failure type="FAILED" message="Test Cases/Minh Tuan Mobile_Shopping Cart_Remove Item FAILED.&#xa;Reason:&#xa;com.kms.katalon.core.exception.StepFailedException: Unable to accept alert&#xa;	at com.kms.katalon.core.webui.keyword.internal.WebUIKeywordMain.stepFailed(WebUIKeywordMain.groovy:64)&#xa;	at com.kms.katalon.core.webui.keyword.internal.WebUIKeywordMain.runKeyword(WebUIKeywordMain.groovy:26)&#xa;	at com.kms.katalon.core.webui.keyword.builtin.AcceptAlertKeyword.acceptAlert(AcceptAlertKeyword.groovy:71)&#xa;	at com.kms.katalon.core.webui.keyword.builtin.AcceptAlertKeyword.execute(AcceptAlertKeyword.groovy:66)&#xa;	at com.kms.katalon.core.keyword.internal.KeywordExecutor.executeKeywordForPlatform(KeywordExecutor.groovy:74)&#xa;	at com.kms.katalon.core.webui.keyword.WebUiBuiltInKeywords.acceptAlert(WebUiBuiltInKeywords.groovy:1561)&#xa;	at Minh Tuan Mobile_Shopping Cart_Remove Item.run(Minh Tuan Mobile_Shopping Cart_Remove Item:59)&#xa;	at com.kms.katalon.core.main.ScriptEngine.run(ScriptEngine.java:194)&#xa;	at com.kms.katalon.core.main.ScriptEngine.runScriptAsRawText(ScriptEngine.java:119)&#xa;	at com.kms.katalon.core.main.TestCaseExecutor.runScript(TestCaseExecutor.java:448)&#xa;	at com.kms.katalon.core.main.TestCaseExecutor.doExecute(TestCaseExecutor.java:439)&#xa;	at com.kms.katalon.core.main.TestCaseExecutor.processExecutionPhase(TestCaseExecutor.java:418)&#xa;	at com.kms.katalon.core.main.TestCaseExecutor.accessMainPhase(TestCaseExecutor.java:410)&#xa;	at com.kms.katalon.core.main.TestCaseExecutor.execute(TestCaseExecutor.java:285)&#xa;	at com.kms.katalon.core.common.CommonExecutor.accessTestCaseMainPhase(CommonExecutor.java:65)&#xa;	at com.kms.katalon.core.main.TestSuiteExecutor.accessTestSuiteMainPhase(TestSuiteExecutor.java:148)&#xa;	at com.kms.katalon.core.main.TestSuiteExecutor.execute(TestSuiteExecutor.java:106)&#xa;	at com.kms.katalon.core.main.TestCaseMain.startTestSuite(TestCaseMain.java:180)&#xa;	at TempTestSuite1705292912911.run(TempTestSuite1705292912911.groovy:36)&#xa;	at java.base/jdk.internal.reflect.NativeMethodAccessorImpl.invoke0(Native Method)&#xa;	at java.base/jdk.internal.reflect.NativeMethodAccessorImpl.invoke(NativeMethodAccessorImpl.java:77)&#xa;	at java.base/jdk.internal.reflect.DelegatingMethodAccessorImpl.invoke(DelegatingMethodAccessorImpl.java:43)&#xa;Caused by: com.kms.katalon.core.exception.StepFailedException: No alert found&#xa;	at com.kms.katalon.core.webui.keyword.internal.WebUIKeywordMain.stepFailed(WebUIKeywordMain.groovy:64)&#xa;	at com.kms.katalon.core.webui.keyword.builtin.AcceptAlertKeyword$_acceptAlert_closure1.doCall(AcceptAlertKeyword.groovy:78)&#xa;	at com.kms.katalon.core.webui.keyword.builtin.AcceptAlertKeyword$_acceptAlert_closure1.call(AcceptAlertKeyword.groovy)&#xa;	at com.kms.katalon.core.webui.keyword.internal.WebUIKeywordMain.runKeyword(WebUIKeywordMain.groovy:20)&#xa;	... 20 more&#xa;"/>
         <system-out><![CDATA[15-01-2024T11:29:14 - [TEST_CASE][FAILED] - Test Cases/Minh Tuan Mobile_Shopping Cart_Remove Item: Test Cases/Minh Tuan Mobile_Shopping Cart_Remove Item FAILED.
Reason:
com.kms.katalon.core.exception.StepFailedException: Unable to accept alert
	at com.kms.katalon.core.webui.keyword.internal.WebUIKeywordMain.stepFailed(WebUIKeywordMain.groovy:64)
	at com.kms.katalon.core.webui.keyword.internal.WebUIKeywordMain.runKeyword(WebUIKeywordMain.groovy:26)
	at com.kms.katalon.core.webui.keyword.builtin.AcceptAlertKeyword.acceptAlert(AcceptAlertKeyword.groovy:71)
	at com.kms.katalon.core.webui.keyword.builtin.AcceptAlertKeyword.execute(AcceptAlertKeyword.groovy:66)
	at com.kms.katalon.core.keyword.internal.KeywordExecutor.executeKeywordForPlatform(KeywordExecutor.groovy:74)
	at com.kms.katalon.core.webui.keyword.WebUiBuiltInKeywords.acceptAlert(WebUiBuiltInKeywords.groovy:1561)
	at Minh Tuan Mobile_Shopping Cart_Remove Item.run(Minh Tuan Mobile_Shopping Cart_Remove Item:59)
	at com.kms.katalon.core.main.ScriptEngine.run(ScriptEngine.java:194)
	at com.kms.katalon.core.main.ScriptEngine.runScriptAsRawText(ScriptEngine.java:119)
	at com.kms.katalon.core.main.TestCaseExecutor.runScript(TestCaseExecutor.java:448)
	at com.kms.katalon.core.main.TestCaseExecutor.doExecute(TestCaseExecutor.java:439)
	at com.kms.katalon.core.main.TestCaseExecutor.processExecutionPhase(TestCaseExecutor.java:418)
	at com.kms.katalon.core.main.TestCaseExecutor.accessMainPhase(TestCaseExecutor.java:410)
	at com.kms.katalon.core.main.TestCaseExecutor.execute(TestCaseExecutor.java:285)
	at com.kms.katalon.core.common.CommonExecutor.accessTestCaseMainPhase(CommonExecutor.java:65)
	at com.kms.katalon.core.main.TestSuiteExecutor.accessTestSuiteMainPhase(TestSuiteExecutor.java:148)
	at com.kms.katalon.core.main.TestSuiteExecutor.execute(TestSuiteExecutor.java:106)
	at com.kms.katalon.core.main.TestCaseMain.startTestSuite(TestCaseMain.java:180)
	at TempTestSuite1705292912911.run(TempTestSuite1705292912911.groovy:36)
	at java.base/jdk.internal.reflect.NativeMethodAccessorImpl.invoke0(Native Method)
	at java.base/jdk.internal.reflect.NativeMethodAccessorImpl.invoke(NativeMethodAccessorImpl.java:77)
	at java.base/jdk.internal.reflect.DelegatingMethodAccessorImpl.invoke(DelegatingMethodAccessorImpl.java:43)
Caused by: com.kms.katalon.core.exception.StepFailedException: No alert found
	at com.kms.katalon.core.webui.keyword.internal.WebUIKeywordMain.stepFailed(WebUIKeywordMain.groovy:64)
	at com.kms.katalon.core.webui.keyword.builtin.AcceptAlertKeyword$_acceptAlert_closure1.doCall(AcceptAlertKeyword.groovy:78)
	at com.kms.katalon.core.webui.keyword.builtin.AcceptAlertKeyword$_acceptAlert_closure1.call(AcceptAlertKeyword.groovy)
	at com.kms.katalon.core.webui.keyword.internal.WebUIKeywordMain.runKeyword(WebUIKeywordMain.groovy:20)
	... 20 more


15-01-2024T11:29:14 - [TEST_STEP][PASSED] - testObj = new com.kms.katalon.core.testobject.TestObject(): null

15-01-2024T11:29:14 - [TEST_STEP][PASSED] - openBrowser(base_url): Browser is opened with url: 'https://minhtuanmobile.com/'

15-01-2024T11:29:14 - [MESSAGE][INFO] - Starting 'Chrome' driver

15-01-2024T11:29:14 - [MESSAGE][INFO] - Action delay is set to 0 milliseconds

15-01-2024T11:29:18 - [MESSAGE][PASSED] - Browser is opened with url: 'https://minhtuanmobile.com/'

15-01-2024T11:29:18 - [TEST_STEP][PASSED] - xMinhTuanLogo = "//img[contains(@alt, "Hệ thống cửa hàng điện thoại Minh Tuấn Mobile")]": null

15-01-2024T11:29:18 - [TEST_STEP][PASSED] - waitForElementVisible(testObj.addProperty("xpath", EQUALS, xMinhTuanLogo), 10): Object '' is visible

15-01-2024T11:29:19 - [MESSAGE][PASSED] - Object '' is visible

15-01-2024T11:29:19 - [TEST_STEP][PASSED] - maximizeWindow(): Current window maximized

15-01-2024T11:29:19 - [MESSAGE][PASSED] - Current window maximized

15-01-2024T11:29:19 - [TEST_STEP][PASSED] - mouseOver(findTestObject("Object Repository/Page_Homepage Minh Tuan Mobile/span_Mac")): Object: 'Object Repository/Page_Homepage Minh Tuan Mobile/span_Mac' is hovered

15-01-2024T11:29:20 - [MESSAGE][PASSED] - Object: 'Object Repository/Page_Homepage Minh Tuan Mobile/span_Mac' is hovered

15-01-2024T11:29:20 - [TEST_STEP][PASSED] - mouseOver(findTestObject("Object Repository/Page_Homepage Minh Tuan Mobile/a_MacBook")): Object: 'Object Repository/Page_Homepage Minh Tuan Mobile/a_MacBook' is hovered

15-01-2024T11:29:22 - [MESSAGE][PASSED] - Object: 'Object Repository/Page_Homepage Minh Tuan Mobile/a_MacBook' is hovered

15-01-2024T11:29:22 - [TEST_STEP][PASSED] - click(findTestObject("Object Repository/Page_Homepage Minh Tuan Mobile/a_MacBook Pro")): Object: 'Object Repository/Page_Homepage Minh Tuan Mobile/a_MacBook Pro' is clicked on

15-01-2024T11:29:23 - [MESSAGE][PASSED] - Object: 'Object Repository/Page_Homepage Minh Tuan Mobile/a_MacBook Pro' is clicked on

15-01-2024T11:29:23 - [TEST_STEP][PASSED] - lMacbooks = ["MacBook Pro 14 inch 2023 M3 8CPU 10GPU 8GB 512GB SSD", "MacBook Pro 14 inch 2023 M3 8CPU 10GPU 8GB 1TB SSD"]: null

15-01-2024T11:29:23 - [TEST_STEP][PASSED] - for (def sMacbook : lMacbooks): Navigate back successfully

15-01-2024T11:29:23 - [TEST_STEP][PASSED] - "Click on item" + sMacbook: null

15-01-2024T11:29:23 - [TEST_STEP][PASSED] - xMacbook = "//h3[text()="" + sMacbook + ""]": null

15-01-2024T11:29:23 - [TEST_STEP][PASSED] - tMacbookObj = testObj.addProperty("xpath", EQUALS, xMacbook): null

15-01-2024T11:29:23 - [TEST_STEP][PASSED] - click(tMacbookObj): Object: '' is clicked on

15-01-2024T11:29:24 - [MESSAGE][PASSED] - Object: '' is clicked on

15-01-2024T11:29:24 - [TEST_STEP][PASSED] - "Click on Add To Cart button to add item" + sMacbook: null

15-01-2024T11:29:24 - [TEST_STEP][PASSED] - xAddToCartBtn = "(//button[@value="addtocart"])[1]": null

15-01-2024T11:29:24 - [TEST_STEP][PASSED] - tAddToCart = testObj.addProperty("xpath", EQUALS, xAddToCartBtn): null

15-01-2024T11:29:24 - [TEST_STEP][PASSED] - click(tAddToCart): Object: '' is clicked on

15-01-2024T11:29:25 - [MESSAGE][PASSED] - Object: '' is clicked on

15-01-2024T11:29:25 - [TEST_STEP][PASSED] - verifyElementPresent(findTestObject("Page_Child Macbook item/popup_Item added"), 3): Object 'Object Repository/Page_Child Macbook item/popup_Item added' is present

15-01-2024T11:29:26 - [MESSAGE][PASSED] - Object 'Object Repository/Page_Child Macbook item/popup_Item added' is present

15-01-2024T11:29:26 - [TEST_STEP][PASSED] - back(): Navigate back successfully

15-01-2024T11:29:27 - [MESSAGE][PASSED] - Navigate back successfully

15-01-2024T11:29:27 - [TEST_STEP][PASSED] - "Click on item" + sMacbook: null

15-01-2024T11:29:27 - [TEST_STEP][PASSED] - xMacbook = "//h3[text()="" + sMacbook + ""]": null

15-01-2024T11:29:27 - [TEST_STEP][PASSED] - tMacbookObj = testObj.addProperty("xpath", EQUALS, xMacbook): null

15-01-2024T11:29:27 - [TEST_STEP][PASSED] - click(tMacbookObj): Object: '' is clicked on

15-01-2024T11:29:28 - [MESSAGE][PASSED] - Object: '' is clicked on

15-01-2024T11:29:28 - [TEST_STEP][PASSED] - "Click on Add To Cart button to add item" + sMacbook: null

15-01-2024T11:29:28 - [TEST_STEP][PASSED] - xAddToCartBtn = "(//button[@value="addtocart"])[1]": null

15-01-2024T11:29:28 - [TEST_STEP][PASSED] - tAddToCart = testObj.addProperty("xpath", EQUALS, xAddToCartBtn): null

15-01-2024T11:29:28 - [TEST_STEP][PASSED] - click(tAddToCart): Object: '' is clicked on

15-01-2024T11:29:29 - [MESSAGE][PASSED] - Object: '' is clicked on

15-01-2024T11:29:29 - [TEST_STEP][PASSED] - verifyElementPresent(findTestObject("Page_Child Macbook item/popup_Item added"), 3): Object 'Object Repository/Page_Child Macbook item/popup_Item added' is present

15-01-2024T11:29:30 - [MESSAGE][PASSED] - Object 'Object Repository/Page_Child Macbook item/popup_Item added' is present

15-01-2024T11:29:30 - [TEST_STEP][PASSED] - back(): Navigate back successfully

15-01-2024T11:29:30 - [MESSAGE][PASSED] - Navigate back successfully

15-01-2024T11:29:30 - [TEST_STEP][PASSED] - xShoppingCart = "//b[text()="Giỏ hàng"]": null

15-01-2024T11:29:30 - [TEST_STEP][PASSED] - tShoppingCartObj = testObj.addProperty("xpath", EQUALS, xShoppingCart): null

15-01-2024T11:29:30 - [TEST_STEP][PASSED] - click(tShoppingCartObj): Object: '' is clicked on

15-01-2024T11:29:31 - [MESSAGE][PASSED] - Object: '' is clicked on

15-01-2024T11:29:31 - [TEST_STEP][FAILED] - for (def sMacbook : lMacbooks): Unable to accept alert (Root cause: com.kms.katalon.core.exception.StepFailedException: Unable to accept alert
	at com.kms.katalon.core.webui.keyword.internal.WebUIKeywordMain.stepFailed(WebUIKeywordMain.groovy:64)
	at com.kms.katalon.core.webui.keyword.internal.WebUIKeywordMain.runKeyword(WebUIKeywordMain.groovy:26)
	at com.kms.katalon.core.webui.keyword.builtin.AcceptAlertKeyword.acceptAlert(AcceptAlertKeyword.groovy:71)
	at com.kms.katalon.core.webui.keyword.builtin.AcceptAlertKeyword.execute(AcceptAlertKeyword.groovy:66)
	at com.kms.katalon.core.keyword.internal.KeywordExecutor.executeKeywordForPlatform(KeywordExecutor.groovy:74)
	at com.kms.katalon.core.webui.keyword.WebUiBuiltInKeywords.acceptAlert(WebUiBuiltInKeywords.groovy:1561)
	at Minh Tuan Mobile_Shopping Cart_Remove Item.run(Minh Tuan Mobile_Shopping Cart_Remove Item:59)
	at com.kms.katalon.core.main.ScriptEngine.run(ScriptEngine.java:194)
	at com.kms.katalon.core.main.ScriptEngine.runScriptAsRawText(ScriptEngine.java:119)
	at com.kms.katalon.core.main.TestCaseExecutor.runScript(TestCaseExecutor.java:448)
	at com.kms.katalon.core.main.TestCaseExecutor.doExecute(TestCaseExecutor.java:439)
	at com.kms.katalon.core.main.TestCaseExecutor.processExecutionPhase(TestCaseExecutor.java:418)
	at com.kms.katalon.core.main.TestCaseExecutor.accessMainPhase(TestCaseExecutor.java:410)
	at com.kms.katalon.core.main.TestCaseExecutor.execute(TestCaseExecutor.java:285)
	at com.kms.katalon.core.common.CommonExecutor.accessTestCaseMainPhase(CommonExecutor.java:65)
	at com.kms.katalon.core.main.TestSuiteExecutor.accessTestSuiteMainPhase(TestSuiteExecutor.java:148)
	at com.kms.katalon.core.main.TestSuiteExecutor.execute(TestSuiteExecutor.java:106)
	at com.kms.katalon.core.main.TestCaseMain.startTestSuite(TestCaseMain.java:180)
	at TempTestSuite1705292912911.run(TempTestSuite1705292912911.groovy:36)
	at java.base/jdk.internal.reflect.NativeMethodAccessorImpl.invoke0(Native Method)
	at java.base/jdk.internal.reflect.NativeMethodAccessorImpl.invoke(NativeMethodAccessorImpl.java:77)
	at java.base/jdk.internal.reflect.DelegatingMethodAccessorImpl.invoke(DelegatingMethodAccessorImpl.java:43)
Caused by: com.kms.katalon.core.exception.StepFailedException: No alert found
	at com.kms.katalon.core.webui.keyword.internal.WebUIKeywordMain.stepFailed(WebUIKeywordMain.groovy:64)
	at com.kms.katalon.core.webui.keyword.builtin.AcceptAlertKeyword$_acceptAlert_closure1.doCall(AcceptAlertKeyword.groovy:78)
	at com.kms.katalon.core.webui.keyword.builtin.AcceptAlertKeyword$_acceptAlert_closure1.call(AcceptAlertKeyword.groovy)
	at com.kms.katalon.core.webui.keyword.internal.WebUIKeywordMain.runKeyword(WebUIKeywordMain.groovy:20)
	... 20 more
)

15-01-2024T11:29:31 - [TEST_STEP][PASSED] - "Click on trash icon of item " + sMacbook + " to delete it": null

15-01-2024T11:29:31 - [TEST_STEP][PASSED] - xMacbookInCart = "//a[normalize-space(text())="" + sMacbook + ""]//following-sibling::button": null

15-01-2024T11:29:31 - [TEST_STEP][PASSED] - tAddToCart = testObj.addProperty("xpath", EQUALS, xMacbookInCart): null

15-01-2024T11:29:31 - [TEST_STEP][PASSED] - click(tAddToCart): Object: '' is clicked on

15-01-2024T11:29:32 - [MESSAGE][PASSED] - Object: '' is clicked on

15-01-2024T11:29:32 - [TEST_STEP][FAILED] - acceptAlert(): Unable to accept alert (Root cause: com.kms.katalon.core.exception.StepFailedException: Unable to accept alert
	at com.kms.katalon.core.webui.keyword.internal.WebUIKeywordMain.stepFailed(WebUIKeywordMain.groovy:64)
	at com.kms.katalon.core.webui.keyword.internal.WebUIKeywordMain.runKeyword(WebUIKeywordMain.groovy:26)
	at com.kms.katalon.core.webui.keyword.builtin.AcceptAlertKeyword.acceptAlert(AcceptAlertKeyword.groovy:71)
	at com.kms.katalon.core.webui.keyword.builtin.AcceptAlertKeyword.execute(AcceptAlertKeyword.groovy:66)
	at com.kms.katalon.core.keyword.internal.KeywordExecutor.executeKeywordForPlatform(KeywordExecutor.groovy:74)
	at com.kms.katalon.core.webui.keyword.WebUiBuiltInKeywords.acceptAlert(WebUiBuiltInKeywords.groovy:1561)
	at Minh Tuan Mobile_Shopping Cart_Remove Item.run(Minh Tuan Mobile_Shopping Cart_Remove Item:59)
	at com.kms.katalon.core.main.ScriptEngine.run(ScriptEngine.java:194)
	at com.kms.katalon.core.main.ScriptEngine.runScriptAsRawText(ScriptEngine.java:119)
	at com.kms.katalon.core.main.TestCaseExecutor.runScript(TestCaseExecutor.java:448)
	at com.kms.katalon.core.main.TestCaseExecutor.doExecute(TestCaseExecutor.java:439)
	at com.kms.katalon.core.main.TestCaseExecutor.processExecutionPhase(TestCaseExecutor.java:418)
	at com.kms.katalon.core.main.TestCaseExecutor.accessMainPhase(TestCaseExecutor.java:410)
	at com.kms.katalon.core.main.TestCaseExecutor.execute(TestCaseExecutor.java:285)
	at com.kms.katalon.core.common.CommonExecutor.accessTestCaseMainPhase(CommonExecutor.java:65)
	at com.kms.katalon.core.main.TestSuiteExecutor.accessTestSuiteMainPhase(TestSuiteExecutor.java:148)
	at com.kms.katalon.core.main.TestSuiteExecutor.execute(TestSuiteExecutor.java:106)
	at com.kms.katalon.core.main.TestCaseMain.startTestSuite(TestCaseMain.java:180)
	at TempTestSuite1705292912911.run(TempTestSuite1705292912911.groovy:36)
	at java.base/jdk.internal.reflect.NativeMethodAccessorImpl.invoke0(Native Method)
	at java.base/jdk.internal.reflect.NativeMethodAccessorImpl.invoke(NativeMethodAccessorImpl.java:77)
	at java.base/jdk.internal.reflect.DelegatingMethodAccessorImpl.invoke(DelegatingMethodAccessorImpl.java:43)
Caused by: com.kms.katalon.core.exception.StepFailedException: No alert found
	at com.kms.katalon.core.webui.keyword.internal.WebUIKeywordMain.stepFailed(WebUIKeywordMain.groovy:64)
	at com.kms.katalon.core.webui.keyword.builtin.AcceptAlertKeyword$_acceptAlert_closure1.doCall(AcceptAlertKeyword.groovy:78)
	at com.kms.katalon.core.webui.keyword.builtin.AcceptAlertKeyword$_acceptAlert_closure1.call(AcceptAlertKeyword.groovy)
	at com.kms.katalon.core.webui.keyword.internal.WebUIKeywordMain.runKeyword(WebUIKeywordMain.groovy:20)
	... 20 more
)

15-01-2024T11:29:32 - [MESSAGE][FAILED] - No alert found (Root cause: com.kms.katalon.core.exception.StepFailedException: No alert found
	at com.kms.katalon.core.webui.keyword.internal.WebUIKeywordMain.stepFailed(WebUIKeywordMain.groovy:64)
	at com.kms.katalon.core.webui.keyword.builtin.AcceptAlertKeyword$_acceptAlert_closure1.doCall(AcceptAlertKeyword.groovy:78)
	at com.kms.katalon.core.webui.keyword.builtin.AcceptAlertKeyword$_acceptAlert_closure1.call(AcceptAlertKeyword.groovy)
	at com.kms.katalon.core.webui.keyword.internal.WebUIKeywordMain.runKeyword(WebUIKeywordMain.groovy:20)
	at com.kms.katalon.core.webui.keyword.builtin.AcceptAlertKeyword.acceptAlert(AcceptAlertKeyword.groovy:71)
	at com.kms.katalon.core.webui.keyword.builtin.AcceptAlertKeyword.execute(AcceptAlertKeyword.groovy:66)
	at com.kms.katalon.core.keyword.internal.KeywordExecutor.executeKeywordForPlatform(KeywordExecutor.groovy:74)
	at com.kms.katalon.core.webui.keyword.WebUiBuiltInKeywords.acceptAlert(WebUiBuiltInKeywords.groovy:1561)
	at Minh Tuan Mobile_Shopping Cart_Remove Item.run(Minh Tuan Mobile_Shopping Cart_Remove Item:59)
	at com.kms.katalon.core.main.ScriptEngine.run(ScriptEngine.java:194)
	at com.kms.katalon.core.main.ScriptEngine.runScriptAsRawText(ScriptEngine.java:119)
	at com.kms.katalon.core.main.TestCaseExecutor.runScript(TestCaseExecutor.java:448)
	at com.kms.katalon.core.main.TestCaseExecutor.doExecute(TestCaseExecutor.java:439)
	at com.kms.katalon.core.main.TestCaseExecutor.processExecutionPhase(TestCaseExecutor.java:418)
	at com.kms.katalon.core.main.TestCaseExecutor.accessMainPhase(TestCaseExecutor.java:410)
	at com.kms.katalon.core.main.TestCaseExecutor.execute(TestCaseExecutor.java:285)
	at com.kms.katalon.core.common.CommonExecutor.accessTestCaseMainPhase(CommonExecutor.java:65)
	at com.kms.katalon.core.main.TestSuiteExecutor.accessTestSuiteMainPhase(TestSuiteExecutor.java:148)
	at com.kms.katalon.core.main.TestSuiteExecutor.execute(TestSuiteExecutor.java:106)
	at com.kms.katalon.core.main.TestCaseMain.startTestSuite(TestCaseMain.java:180)
	at TempTestSuite1705292912911.run(TempTestSuite1705292912911.groovy:36)
	at java.base/jdk.internal.reflect.NativeMethodAccessorImpl.invoke0(Native Method)
	at java.base/jdk.internal.reflect.NativeMethodAccessorImpl.invoke(NativeMethodAccessorImpl.java:77)
	at java.base/jdk.internal.reflect.DelegatingMethodAccessorImpl.invoke(DelegatingMethodAccessorImpl.java:43)
)
[[ATTACHMENT|/home/ltcuong/Katalon Studio/Demo Project/Reports/20240115_112831/Minh Tuan Mobile_Item_Test suite/20240115_112832/1705292972473.png]]

15-01-2024T11:29:33 - [MESSAGE][FAILED] - Unable to accept alert (Root cause: com.kms.katalon.core.exception.StepFailedException: Unable to accept alert
	at com.kms.katalon.core.webui.keyword.internal.WebUIKeywordMain.stepFailed(WebUIKeywordMain.groovy:64)
	at com.kms.katalon.core.webui.keyword.internal.WebUIKeywordMain.runKeyword(WebUIKeywordMain.groovy:26)
	at com.kms.katalon.core.webui.keyword.builtin.AcceptAlertKeyword.acceptAlert(AcceptAlertKeyword.groovy:71)
	at com.kms.katalon.core.webui.keyword.builtin.AcceptAlertKeyword.execute(AcceptAlertKeyword.groovy:66)
	at com.kms.katalon.core.keyword.internal.KeywordExecutor.executeKeywordForPlatform(KeywordExecutor.groovy:74)
	at com.kms.katalon.core.webui.keyword.WebUiBuiltInKeywords.acceptAlert(WebUiBuiltInKeywords.groovy:1561)
	at Minh Tuan Mobile_Shopping Cart_Remove Item.run(Minh Tuan Mobile_Shopping Cart_Remove Item:59)
	at com.kms.katalon.core.main.ScriptEngine.run(ScriptEngine.java:194)
	at com.kms.katalon.core.main.ScriptEngine.runScriptAsRawText(ScriptEngine.java:119)
	at com.kms.katalon.core.main.TestCaseExecutor.runScript(TestCaseExecutor.java:448)
	at com.kms.katalon.core.main.TestCaseExecutor.doExecute(TestCaseExecutor.java:439)
	at com.kms.katalon.core.main.TestCaseExecutor.processExecutionPhase(TestCaseExecutor.java:418)
	at com.kms.katalon.core.main.TestCaseExecutor.accessMainPhase(TestCaseExecutor.java:410)
	at com.kms.katalon.core.main.TestCaseExecutor.execute(TestCaseExecutor.java:285)
	at com.kms.katalon.core.common.CommonExecutor.accessTestCaseMainPhase(CommonExecutor.java:65)
	at com.kms.katalon.core.main.TestSuiteExecutor.accessTestSuiteMainPhase(TestSuiteExecutor.java:148)
	at com.kms.katalon.core.main.TestSuiteExecutor.execute(TestSuiteExecutor.java:106)
	at com.kms.katalon.core.main.TestCaseMain.startTestSuite(TestCaseMain.java:180)
	at TempTestSuite1705292912911.run(TempTestSuite1705292912911.groovy:36)
	at java.base/jdk.internal.reflect.NativeMethodAccessorImpl.invoke0(Native Method)
	at java.base/jdk.internal.reflect.NativeMethodAccessorImpl.invoke(NativeMethodAccessorImpl.java:77)
	at java.base/jdk.internal.reflect.DelegatingMethodAccessorImpl.invoke(DelegatingMethodAccessorImpl.java:43)
Caused by: com.kms.katalon.core.exception.StepFailedException: No alert found
	at com.kms.katalon.core.webui.keyword.internal.WebUIKeywordMain.stepFailed(WebUIKeywordMain.groovy:64)
	at com.kms.katalon.core.webui.keyword.builtin.AcceptAlertKeyword$_acceptAlert_closure1.doCall(AcceptAlertKeyword.groovy:78)
	at com.kms.katalon.core.webui.keyword.builtin.AcceptAlertKeyword$_acceptAlert_closure1.call(AcceptAlertKeyword.groovy)
	at com.kms.katalon.core.webui.keyword.internal.WebUIKeywordMain.runKeyword(WebUIKeywordMain.groovy:20)
	... 20 more
)
[[ATTACHMENT|/home/ltcuong/Katalon Studio/Demo Project/Reports/20240115_112831/Minh Tuan Mobile_Item_Test suite/20240115_112832/1705292972731.png]]]]></system-out>
         <system-err><![CDATA[15-01-2024T11:29:14 - [TEST_CASE][FAILED] - Test Cases/Minh Tuan Mobile_Shopping Cart_Remove Item: Test Cases/Minh Tuan Mobile_Shopping Cart_Remove Item FAILED.
Reason:
com.kms.katalon.core.exception.StepFailedException: Unable to accept alert
	at com.kms.katalon.core.webui.keyword.internal.WebUIKeywordMain.stepFailed(WebUIKeywordMain.groovy:64)
	at com.kms.katalon.core.webui.keyword.internal.WebUIKeywordMain.runKeyword(WebUIKeywordMain.groovy:26)
	at com.kms.katalon.core.webui.keyword.builtin.AcceptAlertKeyword.acceptAlert(AcceptAlertKeyword.groovy:71)
	at com.kms.katalon.core.webui.keyword.builtin.AcceptAlertKeyword.execute(AcceptAlertKeyword.groovy:66)
	at com.kms.katalon.core.keyword.internal.KeywordExecutor.executeKeywordForPlatform(KeywordExecutor.groovy:74)
	at com.kms.katalon.core.webui.keyword.WebUiBuiltInKeywords.acceptAlert(WebUiBuiltInKeywords.groovy:1561)
	at Minh Tuan Mobile_Shopping Cart_Remove Item.run(Minh Tuan Mobile_Shopping Cart_Remove Item:59)
	at com.kms.katalon.core.main.ScriptEngine.run(ScriptEngine.java:194)
	at com.kms.katalon.core.main.ScriptEngine.runScriptAsRawText(ScriptEngine.java:119)
	at com.kms.katalon.core.main.TestCaseExecutor.runScript(TestCaseExecutor.java:448)
	at com.kms.katalon.core.main.TestCaseExecutor.doExecute(TestCaseExecutor.java:439)
	at com.kms.katalon.core.main.TestCaseExecutor.processExecutionPhase(TestCaseExecutor.java:418)
	at com.kms.katalon.core.main.TestCaseExecutor.accessMainPhase(TestCaseExecutor.java:410)
	at com.kms.katalon.core.main.TestCaseExecutor.execute(TestCaseExecutor.java:285)
	at com.kms.katalon.core.common.CommonExecutor.accessTestCaseMainPhase(CommonExecutor.java:65)
	at com.kms.katalon.core.main.TestSuiteExecutor.accessTestSuiteMainPhase(TestSuiteExecutor.java:148)
	at com.kms.katalon.core.main.TestSuiteExecutor.execute(TestSuiteExecutor.java:106)
	at com.kms.katalon.core.main.TestCaseMain.startTestSuite(TestCaseMain.java:180)
	at TempTestSuite1705292912911.run(TempTestSuite1705292912911.groovy:36)
	at java.base/jdk.internal.reflect.NativeMethodAccessorImpl.invoke0(Native Method)
	at java.base/jdk.internal.reflect.NativeMethodAccessorImpl.invoke(NativeMethodAccessorImpl.java:77)
	at java.base/jdk.internal.reflect.DelegatingMethodAccessorImpl.invoke(DelegatingMethodAccessorImpl.java:43)
Caused by: com.kms.katalon.core.exception.StepFailedException: No alert found
	at com.kms.katalon.core.webui.keyword.internal.WebUIKeywordMain.stepFailed(WebUIKeywordMain.groovy:64)
	at com.kms.katalon.core.webui.keyword.builtin.AcceptAlertKeyword$_acceptAlert_closure1.doCall(AcceptAlertKeyword.groovy:78)
	at com.kms.katalon.core.webui.keyword.builtin.AcceptAlertKeyword$_acceptAlert_closure1.call(AcceptAlertKeyword.groovy)
	at com.kms.katalon.core.webui.keyword.internal.WebUIKeywordMain.runKeyword(WebUIKeywordMain.groovy:20)
	... 20 more]]></system-err>
      </testcase>
      <system-out><![CDATA[15-01-2024T11:28:37 - [TEST_SUITE][FAILED] - Minh Tuan Mobile_Item_Test suite: Test Cases/Minh Tuan Mobile_Shopping Cart_Remove Item FAILED.
Reason:
com.kms.katalon.core.exception.StepFailedException: Unable to accept alert
	at com.kms.katalon.core.webui.keyword.internal.WebUIKeywordMain.stepFailed(WebUIKeywordMain.groovy:64)
	at com.kms.katalon.core.webui.keyword.internal.WebUIKeywordMain.runKeyword(WebUIKeywordMain.groovy:26)
	at com.kms.katalon.core.webui.keyword.builtin.AcceptAlertKeyword.acceptAlert(AcceptAlertKeyword.groovy:71)
	at com.kms.katalon.core.webui.keyword.builtin.AcceptAlertKeyword.execute(AcceptAlertKeyword.groovy:66)
	at com.kms.katalon.core.keyword.internal.KeywordExecutor.executeKeywordForPlatform(KeywordExecutor.groovy:74)
	at com.kms.katalon.core.webui.keyword.WebUiBuiltInKeywords.acceptAlert(WebUiBuiltInKeywords.groovy:1561)
	at Minh Tuan Mobile_Shopping Cart_Remove Item.run(Minh Tuan Mobile_Shopping Cart_Remove Item:59)
	at com.kms.katalon.core.main.ScriptEngine.run(ScriptEngine.java:194)
	at com.kms.katalon.core.main.ScriptEngine.runScriptAsRawText(ScriptEngine.java:119)
	at com.kms.katalon.core.main.TestCaseExecutor.runScript(TestCaseExecutor.java:448)
	at com.kms.katalon.core.main.TestCaseExecutor.doExecute(TestCaseExecutor.java:439)
	at com.kms.katalon.core.main.TestCaseExecutor.processExecutionPhase(TestCaseExecutor.java:418)
	at com.kms.katalon.core.main.TestCaseExecutor.accessMainPhase(TestCaseExecutor.java:410)
	at com.kms.katalon.core.main.TestCaseExecutor.execute(TestCaseExecutor.java:285)
	at com.kms.katalon.core.common.CommonExecutor.accessTestCaseMainPhase(CommonExecutor.java:65)
	at com.kms.katalon.core.main.TestSuiteExecutor.accessTestSuiteMainPhase(TestSuiteExecutor.java:148)
	at com.kms.katalon.core.main.TestSuiteExecutor.execute(TestSuiteExecutor.java:106)
	at com.kms.katalon.core.main.TestCaseMain.startTestSuite(TestCaseMain.java:180)
	at TempTestSuite1705292912911.run(TempTestSuite1705292912911.groovy:36)
	at java.base/jdk.internal.reflect.NativeMethodAccessorImpl.invoke0(Native Method)
	at java.base/jdk.internal.reflect.NativeMethodAccessorImpl.invoke(NativeMethodAccessorImpl.java:77)
	at java.base/jdk.internal.reflect.DelegatingMethodAccessorImpl.invoke(DelegatingMethodAccessorImpl.java:43)
Caused by: com.kms.katalon.core.exception.StepFailedException: No alert found
	at com.kms.katalon.core.webui.keyword.internal.WebUIKeywordMain.stepFailed(WebUIKeywordMain.groovy:64)
	at com.kms.katalon.core.webui.keyword.builtin.AcceptAlertKeyword$_acceptAlert_closure1.doCall(AcceptAlertKeyword.groovy:78)
	at com.kms.katalon.core.webui.keyword.builtin.AcceptAlertKeyword$_acceptAlert_closure1.call(AcceptAlertKeyword.groovy)
	at com.kms.katalon.core.webui.keyword.internal.WebUIKeywordMain.runKeyword(WebUIKeywordMain.groovy:20)
	... 20 more]]></system-out>
      <system-err><![CDATA[15-01-2024T11:28:37 - [TEST_SUITE][FAILED] - Minh Tuan Mobile_Item_Test suite: Test Cases/Minh Tuan Mobile_Shopping Cart_Remove Item FAILED.
Reason:
com.kms.katalon.core.exception.StepFailedException: Unable to accept alert
	at com.kms.katalon.core.webui.keyword.internal.WebUIKeywordMain.stepFailed(WebUIKeywordMain.groovy:64)
	at com.kms.katalon.core.webui.keyword.internal.WebUIKeywordMain.runKeyword(WebUIKeywordMain.groovy:26)
	at com.kms.katalon.core.webui.keyword.builtin.AcceptAlertKeyword.acceptAlert(AcceptAlertKeyword.groovy:71)
	at com.kms.katalon.core.webui.keyword.builtin.AcceptAlertKeyword.execute(AcceptAlertKeyword.groovy:66)
	at com.kms.katalon.core.keyword.internal.KeywordExecutor.executeKeywordForPlatform(KeywordExecutor.groovy:74)
	at com.kms.katalon.core.webui.keyword.WebUiBuiltInKeywords.acceptAlert(WebUiBuiltInKeywords.groovy:1561)
	at Minh Tuan Mobile_Shopping Cart_Remove Item.run(Minh Tuan Mobile_Shopping Cart_Remove Item:59)
	at com.kms.katalon.core.main.ScriptEngine.run(ScriptEngine.java:194)
	at com.kms.katalon.core.main.ScriptEngine.runScriptAsRawText(ScriptEngine.java:119)
	at com.kms.katalon.core.main.TestCaseExecutor.runScript(TestCaseExecutor.java:448)
	at com.kms.katalon.core.main.TestCaseExecutor.doExecute(TestCaseExecutor.java:439)
	at com.kms.katalon.core.main.TestCaseExecutor.processExecutionPhase(TestCaseExecutor.java:418)
	at com.kms.katalon.core.main.TestCaseExecutor.accessMainPhase(TestCaseExecutor.java:410)
	at com.kms.katalon.core.main.TestCaseExecutor.execute(TestCaseExecutor.java:285)
	at com.kms.katalon.core.common.CommonExecutor.accessTestCaseMainPhase(CommonExecutor.java:65)
	at com.kms.katalon.core.main.TestSuiteExecutor.accessTestSuiteMainPhase(TestSuiteExecutor.java:148)
	at com.kms.katalon.core.main.TestSuiteExecutor.execute(TestSuiteExecutor.java:106)
	at com.kms.katalon.core.main.TestCaseMain.startTestSuite(TestCaseMain.java:180)
	at TempTestSuite1705292912911.run(TempTestSuite1705292912911.groovy:36)
	at java.base/jdk.internal.reflect.NativeMethodAccessorImpl.invoke0(Native Method)
	at java.base/jdk.internal.reflect.NativeMethodAccessorImpl.invoke(NativeMethodAccessorImpl.java:77)
	at java.base/jdk.internal.reflect.DelegatingMethodAccessorImpl.invoke(DelegatingMethodAccessorImpl.java:43)
Caused by: com.kms.katalon.core.exception.StepFailedException: No alert found
	at com.kms.katalon.core.webui.keyword.internal.WebUIKeywordMain.stepFailed(WebUIKeywordMain.groovy:64)
	at com.kms.katalon.core.webui.keyword.builtin.AcceptAlertKeyword$_acceptAlert_closure1.doCall(AcceptAlertKeyword.groovy:78)
	at com.kms.katalon.core.webui.keyword.builtin.AcceptAlertKeyword$_acceptAlert_closure1.call(AcceptAlertKeyword.groovy)
	at com.kms.katalon.core.webui.keyword.internal.WebUIKeywordMain.runKeyword(WebUIKeywordMain.groovy:20)
	... 20 more]]></system-err>
   </testsuite>
</testsuites>
