<?xml version="1.0" encoding="UTF-8"?>
<testsuites name="Minh Tuan Mobile_Item_Test suite" time="82.225" tests="3" failures="2" errors="0">
   <testsuite name="Minh Tuan Mobile_Item_Test suite" tests="3" failures="2" errors="0" time="82.225" skipped="0" timestamp="15-01-2024T12:27:15" hostname="ltcuong - ltcuong" id="Test Suites/Minh Tuan Mobile_Item_Test suite">
      <properties>
         <property name="deviceName" value=""/>
         <property name="devicePlatform" value=""/>
         <property name="logFolder" value="/home/ltcuong/Katalon Studio/Demo Project/Reports/20240115_122711/Minh Tuan Mobile_Item_Test suite/20240115_122711"/>
         <property name="logFiles" value="/home/ltcuong/Katalon Studio/Demo Project/Reports/20240115_122711/Minh Tuan Mobile_Item_Test suite/20240115_122711/execution0.log"/>
         <property name="attachments" value="/home/ltcuong/Katalon Studio/Demo Project/Reports/20240115_122711/Minh Tuan Mobile_Item_Test suite/20240115_122711/1705296487265.png, /home/ltcuong/Katalon Studio/Demo Project/Screenshots/Screenshot1.png, /home/ltcuong/Katalon Studio/Demo Project/Screenshots/Screenshot2.png, /home/ltcuong/Katalon Studio/Demo Project/Screenshots/Screenshot3.png, /home/ltcuong/Katalon Studio/Demo Project/Screenshots/Screenshot4.png, /home/ltcuong/Katalon Studio/Demo Project/Screenshots/Screenshot5.png, /home/ltcuong/Katalon Studio/Demo Project/Screenshots/Screenshot6.png, /home/ltcuong/Katalon Studio/Demo Project/Screenshots/Screenshot7.png, /home/ltcuong/Katalon Studio/Demo Project/Screenshots/Screenshot8.png, /home/ltcuong/Katalon Studio/Demo Project/Screenshots/Screenshot9.png, /home/ltcuong/Katalon Studio/Demo Project/Screenshots/Screenshot10.png, /home/ltcuong/Katalon Studio/Demo Project/Reports/20240115_122711/Minh Tuan Mobile_Item_Test suite/20240115_122711/1705296517737.png, /home/ltcuong/Katalon Studio/Demo Project/Reports/20240115_122711/Minh Tuan Mobile_Item_Test suite/20240115_122711/1705296517845.png"/>
         <property name="hostName" value="ltcuong - ltcuong"/>
         <property name="os" value="Linux 64bit"/>
         <property name="katalonVersion" value="9.2.0.212"/>
         <property name="browser" value="Firefox 121.0"/>
         <property name="hostAddress" value="127.0.1.1"/>
         <property name="sessionId" value="7b40173e-0c07-4b4a-972c-bf9bc5fda898"/>
         <property name="seleniumVersion" value="3.141.59"/>
         <property name="proxyInformation" value="ProxyInformation { proxyOption=NO_PROXY, proxyServerType=HTTP, username=, password=********, proxyServerAddress=, proxyServerPort=0, executionList=&quot;&quot;, isApplyToDesiredCapabilities=true }"/>
         <property name="platform" value="Linux"/>
      </properties>
      <testcase name="Test Cases/Minh Tuan Mobile_Macbook_Add Item - Spy Object" time="36.265" classname="Test Cases/Minh Tuan Mobile_Macbook_Add Item - Spy Object" status="PASSED">
         <system-out><![CDATA[15-01-2024T12:27:15 - [TEST_CASE][PASSED] - Test Cases/Minh Tuan Mobile_Macbook_Add Item - Spy Object: Test Cases/Minh Tuan Mobile_Macbook_Add Item - Spy Object

15-01-2024T12:27:16 - [TEST_STEP][PASSED] - openBrowser(""): Browser is opened with url: ''

15-01-2024T12:27:16 - [MESSAGE][INFO] - Starting 'Firefox' driver

15-01-2024T12:27:16 - [MESSAGE][INFO] - Action delay is set to 0 milliseconds

15-01-2024T12:27:31 - [MESSAGE][PASSED] - Browser is opened with url: ''

15-01-2024T12:27:31 - [TEST_STEP][PASSED] - navigateToUrl(base_url): Navigate to 'https://minhtuanmobile.com/' successfully

15-01-2024T12:27:35 - [MESSAGE][PASSED] - Navigate to 'https://minhtuanmobile.com/' successfully

15-01-2024T12:27:35 - [TEST_STEP][PASSED] - maximizeWindow(): Current window maximized

15-01-2024T12:27:35 - [MESSAGE][PASSED] - Current window maximized

15-01-2024T12:27:35 - [TEST_STEP][PASSED] - delay(5): Delayed 5 second(s)

15-01-2024T12:27:40 - [MESSAGE][PASSED] - Delayed 5 second(s)

15-01-2024T12:27:40 - [TEST_STEP][PASSED] - waitForElementVisible(findTestObject("Page_Homepage Minh Tuan Mobile/span_Mac"), 10): Object 'Object Repository/Page_Homepage Minh Tuan Mobile/span_Mac' is visible

15-01-2024T12:27:41 - [MESSAGE][PASSED] - Object 'Object Repository/Page_Homepage Minh Tuan Mobile/span_Mac' is visible

15-01-2024T12:27:41 - [TEST_STEP][PASSED] - mouseOver(findTestObject("Page_Homepage Minh Tuan Mobile/span_Mac")): Object: 'Object Repository/Page_Homepage Minh Tuan Mobile/span_Mac' is hovered

15-01-2024T12:27:42 - [MESSAGE][PASSED] - Object: 'Object Repository/Page_Homepage Minh Tuan Mobile/span_Mac' is hovered

15-01-2024T12:27:42 - [TEST_STEP][PASSED] - mouseOver(findTestObject("Page_Homepage Minh Tuan Mobile/a_MacBook")): Object: 'Object Repository/Page_Homepage Minh Tuan Mobile/a_MacBook' is hovered

15-01-2024T12:27:43 - [MESSAGE][PASSED] - Object: 'Object Repository/Page_Homepage Minh Tuan Mobile/a_MacBook' is hovered

15-01-2024T12:27:43 - [TEST_STEP][PASSED] - click(findTestObject("Page_Homepage Minh Tuan Mobile/a_MacBook Pro")): Object: 'Object Repository/Page_Homepage Minh Tuan Mobile/a_MacBook Pro' is clicked on

15-01-2024T12:27:45 - [MESSAGE][PASSED] - Object: 'Object Repository/Page_Homepage Minh Tuan Mobile/a_MacBook Pro' is clicked on

15-01-2024T12:27:45 - [TEST_STEP][PASSED] - waitForElementClickable(findTestObject("Page_Macbook/h3_MacBook Pro 14 inch 2023 M3 8CPU 10GPU 8GB 512GB SSD"), 10): Object 'Object Repository/Page_Macbook/h3_MacBook Pro 14 inch 2023 M3 8CPU 10GPU 8GB 512GB SSD' is clickable

15-01-2024T12:27:46 - [MESSAGE][PASSED] - Object 'Object Repository/Page_Macbook/h3_MacBook Pro 14 inch 2023 M3 8CPU 10GPU 8GB 512GB SSD' is clickable

15-01-2024T12:27:46 - [TEST_STEP][PASSED] - click(findTestObject("Page_Macbook/h3_MacBook Pro 14 inch 2023 M3 8CPU 10GPU 8GB 512GB SSD")): Object: 'Object Repository/Page_Macbook/h3_MacBook Pro 14 inch 2023 M3 8CPU 10GPU 8GB 512GB SSD' is clicked on

15-01-2024T12:27:47 - [MESSAGE][PASSED] - Object: 'Object Repository/Page_Macbook/h3_MacBook Pro 14 inch 2023 M3 8CPU 10GPU 8GB 512GB SSD' is clicked on

15-01-2024T12:27:47 - [TEST_STEP][PASSED] - click(findTestObject("Page_Child Macbook item/btn_Add item")): Object: 'Object Repository/Page_Child Macbook item/btn_Add item' is clicked on

15-01-2024T12:27:48 - [MESSAGE][PASSED] - Object: 'Object Repository/Page_Child Macbook item/btn_Add item' is clicked on

15-01-2024T12:27:48 - [TEST_STEP][PASSED] - verifyElementPresent(findTestObject("Page_Child Macbook item/popup_Item added"), 3): Object 'Object Repository/Page_Child Macbook item/popup_Item added' is present

15-01-2024T12:27:49 - [MESSAGE][PASSED] - Object 'Object Repository/Page_Child Macbook item/popup_Item added' is present

15-01-2024T12:27:49 - [TEST_STEP][PASSED] - closeBrowser(): Browser is closed

15-01-2024T12:27:52 - [MESSAGE][PASSED] - Browser is closed]]></system-out>
         <system-err><![CDATA[]]></system-err>
      </testcase>
      <testcase name="Test Cases/Minh Tuan Mobile_Iphone_Discount message - Record" time="15.401" classname="Test Cases/Minh Tuan Mobile_Iphone_Discount message - Record" status="FAILED">
         <failure type="FAILED" message="Test Cases/Minh Tuan Mobile_Iphone_Discount message - Record FAILED.&#xa;Reason:&#xa;com.kms.katalon.core.exception.StepFailedException: Unable to click on object 'Object Repository/Page_Child Iphone 15 Pro/btn_Buy now'&#xa;	at com.kms.katalon.core.webui.keyword.internal.WebUIKeywordMain.stepFailed(WebUIKeywordMain.groovy:64)&#xa;	at com.kms.katalon.core.webui.keyword.internal.WebUIKeywordMain.runKeyword(WebUIKeywordMain.groovy:26)&#xa;	at com.kms.katalon.core.webui.keyword.builtin.ClickKeyword.click(ClickKeyword.groovy:74)&#xa;	at com.kms.katalon.core.webui.keyword.builtin.ClickKeyword.execute(ClickKeyword.groovy:40)&#xa;	at com.kms.katalon.core.keyword.internal.KeywordExecutor.executeKeywordForPlatform(KeywordExecutor.groovy:74)&#xa;	at com.kms.katalon.core.webui.keyword.WebUiBuiltInKeywords.click(WebUiBuiltInKeywords.groovy:659)&#xa;	at Minh Tuan Mobile_Iphone_Discount message - Record.run(Minh Tuan Mobile_Iphone_Discount message - Record:40)&#xa;	at com.kms.katalon.core.main.ScriptEngine.run(ScriptEngine.java:194)&#xa;	at com.kms.katalon.core.main.ScriptEngine.runScriptAsRawText(ScriptEngine.java:119)&#xa;	at com.kms.katalon.core.main.TestCaseExecutor.runScript(TestCaseExecutor.java:448)&#xa;	at com.kms.katalon.core.main.TestCaseExecutor.doExecute(TestCaseExecutor.java:439)&#xa;	at com.kms.katalon.core.main.TestCaseExecutor.processExecutionPhase(TestCaseExecutor.java:418)&#xa;	at com.kms.katalon.core.main.TestCaseExecutor.accessMainPhase(TestCaseExecutor.java:410)&#xa;	at com.kms.katalon.core.main.TestCaseExecutor.execute(TestCaseExecutor.java:285)&#xa;	at com.kms.katalon.core.common.CommonExecutor.accessTestCaseMainPhase(CommonExecutor.java:65)&#xa;	at com.kms.katalon.core.main.TestSuiteExecutor.accessTestSuiteMainPhase(TestSuiteExecutor.java:148)&#xa;	at com.kms.katalon.core.main.TestSuiteExecutor.execute(TestSuiteExecutor.java:106)&#xa;	at com.kms.katalon.core.main.TestCaseMain.startTestSuite(TestCaseMain.java:180)&#xa;	at TempTestSuite1705296431003.run(TempTestSuite1705296431003.groovy:36)&#xa;	at java.base/jdk.internal.reflect.NativeMethodAccessorImpl.invoke0(Native Method)&#xa;	at java.base/jdk.internal.reflect.NativeMethodAccessorImpl.invoke(NativeMethodAccessorImpl.java:77)&#xa;	at java.base/jdk.internal.reflect.DelegatingMethodAccessorImpl.invoke(DelegatingMethodAccessorImpl.java:43)&#xa;Caused by: org.openqa.selenium.ElementNotInteractableException: Element &lt;button class=&quot;btn-pdetail-muangay pdinfo_faddcart__btn pdinfo_faddcart__submit btn shadow-sm&quot; type=&quot;submit&quot;> could not be scrolled into view&#xa;Build info: version: '3.141.59', revision: 'e82be7d358', time: '2018-11-14T08:25:53'&#xa;System info: host: 'ltcuong', ip: '127.0.1.1', os.name: 'Linux', os.arch: 'amd64', os.version: '5.15.60-051560-generic', java.version: '17.0.9'&#xa;Driver info: com.kms.katalon.core.webui.driver.firefox.CGeckoDriver&#xa;Capabilities {acceptInsecureCerts: true, browserName: firefox, browserVersion: 121.0.1, javascriptEnabled: true, moz:accessibilityChecks: false, moz:buildID: 20240108143603, moz:geckodriverVersion: 0.33.0, moz:headless: false, moz:platformVersion: 5.15.60-051560-generic, moz:processID: 31305, moz:profile: /tmp/rust_mozprofileJhd4qK, moz:shutdownTimeout: 60000, moz:webdriverClick: true, moz:windowless: false, pageLoadStrategy: normal, platform: LINUX, platformName: LINUX, proxy: Proxy(direct), setWindowRect: true, strictFileInteractability: false, timeouts: {implicit: 0, pageLoad: 300000, script: 30000}, unhandledPromptBehavior: dismiss and notify}&#xa;Session ID: 14bc1de8-27d3-4312-ba59-5f238ac3faaa&#xa;	at java.base/jdk.internal.reflect.NativeConstructorAccessorImpl.newInstance0(Native Method)&#xa;	at java.base/jdk.internal.reflect.NativeConstructorAccessorImpl.newInstance(NativeConstructorAccessorImpl.java:77)&#xa;	at java.base/jdk.internal.reflect.DelegatingConstructorAccessorImpl.newInstance(DelegatingConstructorAccessorImpl.java:45)&#xa;	at org.openqa.selenium.remote.http.W3CHttpResponseCodec.createException(W3CHttpResponseCodec.java:187)&#xa;	at org.openqa.selenium.remote.http.W3CHttpResponseCodec.decode(W3CHttpResponseCodec.java:122)&#xa;	at org.openqa.selenium.remote.http.W3CHttpResponseCodec.decode(W3CHttpResponseCodec.java:49)&#xa;	at org.openqa.selenium.remote.HttpCommandExecutor.execute(HttpCommandExecutor.java:158)&#xa;	at org.openqa.selenium.remote.service.DriverCommandExecutor.execute(DriverCommandExecutor.java:83)&#xa;	at org.openqa.selenium.remote.RemoteWebDriver.execute(RemoteWebDriver.java:552)&#xa;	at com.kms.katalon.selenium.driver.CFirefoxDriver.execute(CFirefoxDriver.java:28)&#xa;	at org.openqa.selenium.remote.RemoteWebElement.execute(RemoteWebElement.java:285)&#xa;	at org.openqa.selenium.remote.RemoteWebElement.click(RemoteWebElement.java:84)&#xa;	at java.base/jdk.internal.reflect.NativeMethodAccessorImpl.invoke0(Native Method)&#xa;	at java.base/jdk.internal.reflect.NativeMethodAccessorImpl.invoke(NativeMethodAccessorImpl.java:77)&#xa;	at java.base/jdk.internal.reflect.DelegatingMethodAccessorImpl.invoke(DelegatingMethodAccessorImpl.java:43)&#xa;	at org.openqa.selenium.support.events.EventFiringWebDriver$EventFiringWebElement.lambda$new$0(EventFiringWebDriver.java:404)&#xa;	at jdk.proxy2/jdk.proxy2.$Proxy24.click(Unknown Source)&#xa;	at org.openqa.selenium.support.events.EventFiringWebDriver$EventFiringWebElement.click(EventFiringWebDriver.java:417)&#xa;	at org.openqa.selenium.WebElement$click.call(Unknown Source)&#xa;	at com.kms.katalon.core.webui.keyword.builtin.ClickKeyword.clickUntilSuccessWithTimeout(ClickKeyword.groovy:81)&#xa;	at com.kms.katalon.core.webui.keyword.builtin.ClickKeyword.clickUntilSuccessWithTimeout(ClickKeyword.groovy)&#xa;	at java.base/jdk.internal.reflect.NativeMethodAccessorImpl.invoke0(Native Method)&#xa;	at java.base/jdk.internal.reflect.NativeMethodAccessorImpl.invoke(NativeMethodAccessorImpl.java:77)&#xa;	at java.base/jdk.internal.reflect.DelegatingMethodAccessorImpl.invoke(DelegatingMethodAccessorImpl.java:43)&#xa;	at com.kms.katalon.core.webui.keyword.builtin.ClickKeyword$_click_closure1.doCall(ClickKeyword.groovy:67)&#xa;	at com.kms.katalon.core.webui.keyword.builtin.ClickKeyword$_click_closure1.call(ClickKeyword.groovy)&#xa;	at com.kms.katalon.core.webui.keyword.internal.WebUIKeywordMain.runKeyword(WebUIKeywordMain.groovy:20)&#xa;	... 20 more&#xa;"/>
         <system-out><![CDATA[15-01-2024T12:27:52 - [TEST_CASE][FAILED] - Test Cases/Minh Tuan Mobile_Iphone_Discount message - Record: Test Cases/Minh Tuan Mobile_Iphone_Discount message - Record FAILED.
Reason:
com.kms.katalon.core.exception.StepFailedException: Unable to click on object 'Object Repository/Page_Child Iphone 15 Pro/btn_Buy now'
	at com.kms.katalon.core.webui.keyword.internal.WebUIKeywordMain.stepFailed(WebUIKeywordMain.groovy:64)
	at com.kms.katalon.core.webui.keyword.internal.WebUIKeywordMain.runKeyword(WebUIKeywordMain.groovy:26)
	at com.kms.katalon.core.webui.keyword.builtin.ClickKeyword.click(ClickKeyword.groovy:74)
	at com.kms.katalon.core.webui.keyword.builtin.ClickKeyword.execute(ClickKeyword.groovy:40)
	at com.kms.katalon.core.keyword.internal.KeywordExecutor.executeKeywordForPlatform(KeywordExecutor.groovy:74)
	at com.kms.katalon.core.webui.keyword.WebUiBuiltInKeywords.click(WebUiBuiltInKeywords.groovy:659)
	at Minh Tuan Mobile_Iphone_Discount message - Record.run(Minh Tuan Mobile_Iphone_Discount message - Record:40)
	at com.kms.katalon.core.main.ScriptEngine.run(ScriptEngine.java:194)
	at com.kms.katalon.core.main.ScriptEngine.runScriptAsRawText(ScriptEngine.java:119)
	at com.kms.katalon.core.main.TestCaseExecutor.runScript(TestCaseExecutor.java:448)
	at com.kms.katalon.core.main.TestCaseExecutor.doExecute(TestCaseExecutor.java:439)
	at com.kms.katalon.core.main.TestCaseExecutor.processExecutionPhase(TestCaseExecutor.java:418)
	at com.kms.katalon.core.main.TestCaseExecutor.accessMainPhase(TestCaseExecutor.java:410)
	at com.kms.katalon.core.main.TestCaseExecutor.execute(TestCaseExecutor.java:285)
	at com.kms.katalon.core.common.CommonExecutor.accessTestCaseMainPhase(CommonExecutor.java:65)
	at com.kms.katalon.core.main.TestSuiteExecutor.accessTestSuiteMainPhase(TestSuiteExecutor.java:148)
	at com.kms.katalon.core.main.TestSuiteExecutor.execute(TestSuiteExecutor.java:106)
	at com.kms.katalon.core.main.TestCaseMain.startTestSuite(TestCaseMain.java:180)
	at TempTestSuite1705296431003.run(TempTestSuite1705296431003.groovy:36)
	at java.base/jdk.internal.reflect.NativeMethodAccessorImpl.invoke0(Native Method)
	at java.base/jdk.internal.reflect.NativeMethodAccessorImpl.invoke(NativeMethodAccessorImpl.java:77)
	at java.base/jdk.internal.reflect.DelegatingMethodAccessorImpl.invoke(DelegatingMethodAccessorImpl.java:43)
Caused by: org.openqa.selenium.ElementNotInteractableException: Element <button class="btn-pdetail-muangay pdinfo_faddcart__btn pdinfo_faddcart__submit btn shadow-sm" type="submit"> could not be scrolled into view
Build info: version: '3.141.59', revision: 'e82be7d358', time: '2018-11-14T08:25:53'
System info: host: 'ltcuong', ip: '127.0.1.1', os.name: 'Linux', os.arch: 'amd64', os.version: '5.15.60-051560-generic', java.version: '17.0.9'
Driver info: com.kms.katalon.core.webui.driver.firefox.CGeckoDriver
Capabilities {acceptInsecureCerts: true, browserName: firefox, browserVersion: 121.0.1, javascriptEnabled: true, moz:accessibilityChecks: false, moz:buildID: 20240108143603, moz:geckodriverVersion: 0.33.0, moz:headless: false, moz:platformVersion: 5.15.60-051560-generic, moz:processID: 31305, moz:profile: /tmp/rust_mozprofileJhd4qK, moz:shutdownTimeout: 60000, moz:webdriverClick: true, moz:windowless: false, pageLoadStrategy: normal, platform: LINUX, platformName: LINUX, proxy: Proxy(direct), setWindowRect: true, strictFileInteractability: false, timeouts: {implicit: 0, pageLoad: 300000, script: 30000}, unhandledPromptBehavior: dismiss and notify}
Session ID: 14bc1de8-27d3-4312-ba59-5f238ac3faaa
	at java.base/jdk.internal.reflect.NativeConstructorAccessorImpl.newInstance0(Native Method)
	at java.base/jdk.internal.reflect.NativeConstructorAccessorImpl.newInstance(NativeConstructorAccessorImpl.java:77)
	at java.base/jdk.internal.reflect.DelegatingConstructorAccessorImpl.newInstance(DelegatingConstructorAccessorImpl.java:45)
	at org.openqa.selenium.remote.http.W3CHttpResponseCodec.createException(W3CHttpResponseCodec.java:187)
	at org.openqa.selenium.remote.http.W3CHttpResponseCodec.decode(W3CHttpResponseCodec.java:122)
	at org.openqa.selenium.remote.http.W3CHttpResponseCodec.decode(W3CHttpResponseCodec.java:49)
	at org.openqa.selenium.remote.HttpCommandExecutor.execute(HttpCommandExecutor.java:158)
	at org.openqa.selenium.remote.service.DriverCommandExecutor.execute(DriverCommandExecutor.java:83)
	at org.openqa.selenium.remote.RemoteWebDriver.execute(RemoteWebDriver.java:552)
	at com.kms.katalon.selenium.driver.CFirefoxDriver.execute(CFirefoxDriver.java:28)
	at org.openqa.selenium.remote.RemoteWebElement.execute(RemoteWebElement.java:285)
	at org.openqa.selenium.remote.RemoteWebElement.click(RemoteWebElement.java:84)
	at java.base/jdk.internal.reflect.NativeMethodAccessorImpl.invoke0(Native Method)
	at java.base/jdk.internal.reflect.NativeMethodAccessorImpl.invoke(NativeMethodAccessorImpl.java:77)
	at java.base/jdk.internal.reflect.DelegatingMethodAccessorImpl.invoke(DelegatingMethodAccessorImpl.java:43)
	at org.openqa.selenium.support.events.EventFiringWebDriver$EventFiringWebElement.lambda$new$0(EventFiringWebDriver.java:404)
	at jdk.proxy2/jdk.proxy2.$Proxy24.click(Unknown Source)
	at org.openqa.selenium.support.events.EventFiringWebDriver$EventFiringWebElement.click(EventFiringWebDriver.java:417)
	at org.openqa.selenium.WebElement$click.call(Unknown Source)
	at com.kms.katalon.core.webui.keyword.builtin.ClickKeyword.clickUntilSuccessWithTimeout(ClickKeyword.groovy:81)
	at com.kms.katalon.core.webui.keyword.builtin.ClickKeyword.clickUntilSuccessWithTimeout(ClickKeyword.groovy)
	at java.base/jdk.internal.reflect.NativeMethodAccessorImpl.invoke0(Native Method)
	at java.base/jdk.internal.reflect.NativeMethodAccessorImpl.invoke(NativeMethodAccessorImpl.java:77)
	at java.base/jdk.internal.reflect.DelegatingMethodAccessorImpl.invoke(DelegatingMethodAccessorImpl.java:43)
	at com.kms.katalon.core.webui.keyword.builtin.ClickKeyword$_click_closure1.doCall(ClickKeyword.groovy:67)
	at com.kms.katalon.core.webui.keyword.builtin.ClickKeyword$_click_closure1.call(ClickKeyword.groovy)
	at com.kms.katalon.core.webui.keyword.internal.WebUIKeywordMain.runKeyword(WebUIKeywordMain.groovy:20)
	... 20 more


15-01-2024T12:27:52 - [TEST_STEP][PASSED] - openBrowser(""): Browser is opened with url: ''

15-01-2024T12:27:52 - [MESSAGE][INFO] - Starting 'Firefox' driver

15-01-2024T12:27:52 - [MESSAGE][INFO] - Action delay is set to 0 milliseconds

15-01-2024T12:27:56 - [MESSAGE][PASSED] - Browser is opened with url: ''

15-01-2024T12:27:56 - [TEST_STEP][PASSED] - navigateToUrl("https://minhtuanmobile.com/"): Navigate to 'https://minhtuanmobile.com/' successfully

15-01-2024T12:27:58 - [MESSAGE][PASSED] - Navigate to 'https://minhtuanmobile.com/' successfully

15-01-2024T12:27:58 - [TEST_STEP][PASSED] - maximizeWindow(): Current window maximized

15-01-2024T12:27:58 - [MESSAGE][PASSED] - Current window maximized

15-01-2024T12:27:58 - [TEST_STEP][PASSED] - mouseOver(findTestObject("Object Repository/Page_Homepage Minh Tuan Mobile/span_iPhone")): Object: 'Object Repository/Page_Homepage Minh Tuan Mobile/span_iPhone' is hovered

15-01-2024T12:27:59 - [MESSAGE][PASSED] - Object: 'Object Repository/Page_Homepage Minh Tuan Mobile/span_iPhone' is hovered

15-01-2024T12:27:59 - [TEST_STEP][PASSED] - mouseOver(findTestObject("Object Repository/Page_Homepage Minh Tuan Mobile/a_iPhone 15 Series")): Object: 'Object Repository/Page_Homepage Minh Tuan Mobile/a_iPhone 15 Series' is hovered

15-01-2024T12:28:01 - [MESSAGE][PASSED] - Object: 'Object Repository/Page_Homepage Minh Tuan Mobile/a_iPhone 15 Series' is hovered

15-01-2024T12:28:01 - [TEST_STEP][PASSED] - click(findTestObject("Object Repository/Page_Homepage Minh Tuan Mobile/a_iPhone 15 Pro")): Object: 'Object Repository/Page_Homepage Minh Tuan Mobile/a_iPhone 15 Pro' is clicked on

15-01-2024T12:28:03 - [MESSAGE][PASSED] - Object: 'Object Repository/Page_Homepage Minh Tuan Mobile/a_iPhone 15 Pro' is clicked on

15-01-2024T12:28:03 - [TEST_STEP][PASSED] - click(findTestObject("Object Repository/Page_Iphone 15 Pro/h3_iPhone 15 Pro 128GB product name")): Object: 'Object Repository/Page_Iphone 15 Pro/h3_iPhone 15 Pro 128GB product name' is clicked on

15-01-2024T12:28:04 - [MESSAGE][PASSED] - Object: 'Object Repository/Page_Iphone 15 Pro/h3_iPhone 15 Pro 128GB product name' is clicked on

15-01-2024T12:28:04 - [TEST_STEP][PASSED] - verifyElementPresent(findTestObject("Object Repository/Page_Child Iphone 15 Pro/div_Discount 1"), 0): Object 'Object Repository/Page_Child Iphone 15 Pro/div_Discount 1' is present

15-01-2024T12:28:04 - [MESSAGE][WARNING] - Timeout '0' is invalid. Using default page load timeout: '30'

15-01-2024T12:28:05 - [MESSAGE][PASSED] - Object 'Object Repository/Page_Child Iphone 15 Pro/div_Discount 1' is present

15-01-2024T12:28:05 - [TEST_STEP][PASSED] - verifyElementPresent(findTestObject("Object Repository/Page_Child Iphone 15 Pro/span_Discount 2"), 0): Object 'Object Repository/Page_Child Iphone 15 Pro/span_Discount 2' is present

15-01-2024T12:28:05 - [MESSAGE][WARNING] - Timeout '0' is invalid. Using default page load timeout: '30'

15-01-2024T12:28:05 - [MESSAGE][PASSED] - Object 'Object Repository/Page_Child Iphone 15 Pro/span_Discount 2' is present

15-01-2024T12:28:05 - [TEST_STEP][PASSED] - click(findTestObject("Object Repository/Page_Child Iphone 15 Pro/input_priceitem")): Object: 'Object Repository/Page_Child Iphone 15 Pro/input_priceitem' is clicked on

15-01-2024T12:28:06 - [MESSAGE][PASSED] - Object: 'Object Repository/Page_Child Iphone 15 Pro/input_priceitem' is clicked on

15-01-2024T12:28:06 - [TEST_STEP][FAILED] - click(findTestObject("Object Repository/Page_Child Iphone 15 Pro/btn_Buy now")): Unable to click on object 'Object Repository/Page_Child Iphone 15 Pro/btn_Buy now' (Root cause: com.kms.katalon.core.exception.StepFailedException: Unable to click on object 'Object Repository/Page_Child Iphone 15 Pro/btn_Buy now'
	at com.kms.katalon.core.webui.keyword.internal.WebUIKeywordMain.stepFailed(WebUIKeywordMain.groovy:64)
	at com.kms.katalon.core.webui.keyword.internal.WebUIKeywordMain.runKeyword(WebUIKeywordMain.groovy:26)
	at com.kms.katalon.core.webui.keyword.builtin.ClickKeyword.click(ClickKeyword.groovy:74)
	at com.kms.katalon.core.webui.keyword.builtin.ClickKeyword.execute(ClickKeyword.groovy:40)
	at com.kms.katalon.core.keyword.internal.KeywordExecutor.executeKeywordForPlatform(KeywordExecutor.groovy:74)
	at com.kms.katalon.core.webui.keyword.WebUiBuiltInKeywords.click(WebUiBuiltInKeywords.groovy:659)
	at Minh Tuan Mobile_Iphone_Discount message - Record.run(Minh Tuan Mobile_Iphone_Discount message - Record:40)
	at com.kms.katalon.core.main.ScriptEngine.run(ScriptEngine.java:194)
	at com.kms.katalon.core.main.ScriptEngine.runScriptAsRawText(ScriptEngine.java:119)
	at com.kms.katalon.core.main.TestCaseExecutor.runScript(TestCaseExecutor.java:448)
	at com.kms.katalon.core.main.TestCaseExecutor.doExecute(TestCaseExecutor.java:439)
	at com.kms.katalon.core.main.TestCaseExecutor.processExecutionPhase(TestCaseExecutor.java:418)
	at com.kms.katalon.core.main.TestCaseExecutor.accessMainPhase(TestCaseExecutor.java:410)
	at com.kms.katalon.core.main.TestCaseExecutor.execute(TestCaseExecutor.java:285)
	at com.kms.katalon.core.common.CommonExecutor.accessTestCaseMainPhase(CommonExecutor.java:65)
	at com.kms.katalon.core.main.TestSuiteExecutor.accessTestSuiteMainPhase(TestSuiteExecutor.java:148)
	at com.kms.katalon.core.main.TestSuiteExecutor.execute(TestSuiteExecutor.java:106)
	at com.kms.katalon.core.main.TestCaseMain.startTestSuite(TestCaseMain.java:180)
	at TempTestSuite1705296431003.run(TempTestSuite1705296431003.groovy:36)
	at java.base/jdk.internal.reflect.NativeMethodAccessorImpl.invoke0(Native Method)
	at java.base/jdk.internal.reflect.NativeMethodAccessorImpl.invoke(NativeMethodAccessorImpl.java:77)
	at java.base/jdk.internal.reflect.DelegatingMethodAccessorImpl.invoke(DelegatingMethodAccessorImpl.java:43)
Caused by: org.openqa.selenium.ElementNotInteractableException: Element <button class="btn-pdetail-muangay pdinfo_faddcart__btn pdinfo_faddcart__submit btn shadow-sm" type="submit"> could not be scrolled into view
Build info: version: '3.141.59', revision: 'e82be7d358', time: '2018-11-14T08:25:53'
System info: host: 'ltcuong', ip: '127.0.1.1', os.name: 'Linux', os.arch: 'amd64', os.version: '5.15.60-051560-generic', java.version: '17.0.9'
Driver info: com.kms.katalon.core.webui.driver.firefox.CGeckoDriver
Capabilities {acceptInsecureCerts: true, browserName: firefox, browserVersion: 121.0.1, javascriptEnabled: true, moz:accessibilityChecks: false, moz:buildID: 20240108143603, moz:geckodriverVersion: 0.33.0, moz:headless: false, moz:platformVersion: 5.15.60-051560-generic, moz:processID: 31305, moz:profile: /tmp/rust_mozprofileJhd4qK, moz:shutdownTimeout: 60000, moz:webdriverClick: true, moz:windowless: false, pageLoadStrategy: normal, platform: LINUX, platformName: LINUX, proxy: Proxy(direct), setWindowRect: true, strictFileInteractability: false, timeouts: {implicit: 0, pageLoad: 300000, script: 30000}, unhandledPromptBehavior: dismiss and notify}
Session ID: 14bc1de8-27d3-4312-ba59-5f238ac3faaa
	at java.base/jdk.internal.reflect.NativeConstructorAccessorImpl.newInstance0(Native Method)
	at java.base/jdk.internal.reflect.NativeConstructorAccessorImpl.newInstance(NativeConstructorAccessorImpl.java:77)
	at java.base/jdk.internal.reflect.DelegatingConstructorAccessorImpl.newInstance(DelegatingConstructorAccessorImpl.java:45)
	at org.openqa.selenium.remote.http.W3CHttpResponseCodec.createException(W3CHttpResponseCodec.java:187)
	at org.openqa.selenium.remote.http.W3CHttpResponseCodec.decode(W3CHttpResponseCodec.java:122)
	at org.openqa.selenium.remote.http.W3CHttpResponseCodec.decode(W3CHttpResponseCodec.java:49)
	at org.openqa.selenium.remote.HttpCommandExecutor.execute(HttpCommandExecutor.java:158)
	at org.openqa.selenium.remote.service.DriverCommandExecutor.execute(DriverCommandExecutor.java:83)
	at org.openqa.selenium.remote.RemoteWebDriver.execute(RemoteWebDriver.java:552)
	at com.kms.katalon.selenium.driver.CFirefoxDriver.execute(CFirefoxDriver.java:28)
	at org.openqa.selenium.remote.RemoteWebElement.execute(RemoteWebElement.java:285)
	at org.openqa.selenium.remote.RemoteWebElement.click(RemoteWebElement.java:84)
	at java.base/jdk.internal.reflect.NativeMethodAccessorImpl.invoke0(Native Method)
	at java.base/jdk.internal.reflect.NativeMethodAccessorImpl.invoke(NativeMethodAccessorImpl.java:77)
	at java.base/jdk.internal.reflect.DelegatingMethodAccessorImpl.invoke(DelegatingMethodAccessorImpl.java:43)
	at org.openqa.selenium.support.events.EventFiringWebDriver$EventFiringWebElement.lambda$new$0(EventFiringWebDriver.java:404)
	at jdk.proxy2/jdk.proxy2.$Proxy24.click(Unknown Source)
	at org.openqa.selenium.support.events.EventFiringWebDriver$EventFiringWebElement.click(EventFiringWebDriver.java:417)
	at org.openqa.selenium.WebElement$click.call(Unknown Source)
	at com.kms.katalon.core.webui.keyword.builtin.ClickKeyword.clickUntilSuccessWithTimeout(ClickKeyword.groovy:81)
	at com.kms.katalon.core.webui.keyword.builtin.ClickKeyword.clickUntilSuccessWithTimeout(ClickKeyword.groovy)
	at java.base/jdk.internal.reflect.NativeMethodAccessorImpl.invoke0(Native Method)
	at java.base/jdk.internal.reflect.NativeMethodAccessorImpl.invoke(NativeMethodAccessorImpl.java:77)
	at java.base/jdk.internal.reflect.DelegatingMethodAccessorImpl.invoke(DelegatingMethodAccessorImpl.java:43)
	at com.kms.katalon.core.webui.keyword.builtin.ClickKeyword$_click_closure1.doCall(ClickKeyword.groovy:67)
	at com.kms.katalon.core.webui.keyword.builtin.ClickKeyword$_click_closure1.call(ClickKeyword.groovy)
	at com.kms.katalon.core.webui.keyword.internal.WebUIKeywordMain.runKeyword(WebUIKeywordMain.groovy:20)
	at com.kms.katalon.core.webui.keyword.builtin.ClickKeyword.click(ClickKeyword.groovy:74)
	at com.kms.katalon.core.webui.keyword.builtin.ClickKeyword.execute(ClickKeyword.groovy:40)
	at com.kms.katalon.core.keyword.internal.KeywordExecutor.executeKeywordForPlatform(KeywordExecutor.groovy:74)
	at com.kms.katalon.core.webui.keyword.WebUiBuiltInKeywords.click(WebUiBuiltInKeywords.groovy:659)
	at Script1705247690707.run(Script1705247690707.groovy:40)
	... 15 more
)

15-01-2024T12:28:07 - [MESSAGE][FAILED] - Unable to click on object 'Object Repository/Page_Child Iphone 15 Pro/btn_Buy now' (Root cause: com.kms.katalon.core.exception.StepFailedException: Unable to click on object 'Object Repository/Page_Child Iphone 15 Pro/btn_Buy now'
	at com.kms.katalon.core.webui.keyword.internal.WebUIKeywordMain.stepFailed(WebUIKeywordMain.groovy:64)
	at com.kms.katalon.core.webui.keyword.internal.WebUIKeywordMain.runKeyword(WebUIKeywordMain.groovy:26)
	at com.kms.katalon.core.webui.keyword.builtin.ClickKeyword.click(ClickKeyword.groovy:74)
	at com.kms.katalon.core.webui.keyword.builtin.ClickKeyword.execute(ClickKeyword.groovy:40)
	at com.kms.katalon.core.keyword.internal.KeywordExecutor.executeKeywordForPlatform(KeywordExecutor.groovy:74)
	at com.kms.katalon.core.webui.keyword.WebUiBuiltInKeywords.click(WebUiBuiltInKeywords.groovy:659)
	at Minh Tuan Mobile_Iphone_Discount message - Record.run(Minh Tuan Mobile_Iphone_Discount message - Record:40)
	at com.kms.katalon.core.main.ScriptEngine.run(ScriptEngine.java:194)
	at com.kms.katalon.core.main.ScriptEngine.runScriptAsRawText(ScriptEngine.java:119)
	at com.kms.katalon.core.main.TestCaseExecutor.runScript(TestCaseExecutor.java:448)
	at com.kms.katalon.core.main.TestCaseExecutor.doExecute(TestCaseExecutor.java:439)
	at com.kms.katalon.core.main.TestCaseExecutor.processExecutionPhase(TestCaseExecutor.java:418)
	at com.kms.katalon.core.main.TestCaseExecutor.accessMainPhase(TestCaseExecutor.java:410)
	at com.kms.katalon.core.main.TestCaseExecutor.execute(TestCaseExecutor.java:285)
	at com.kms.katalon.core.common.CommonExecutor.accessTestCaseMainPhase(CommonExecutor.java:65)
	at com.kms.katalon.core.main.TestSuiteExecutor.accessTestSuiteMainPhase(TestSuiteExecutor.java:148)
	at com.kms.katalon.core.main.TestSuiteExecutor.execute(TestSuiteExecutor.java:106)
	at com.kms.katalon.core.main.TestCaseMain.startTestSuite(TestCaseMain.java:180)
	at TempTestSuite1705296431003.run(TempTestSuite1705296431003.groovy:36)
	at java.base/jdk.internal.reflect.NativeMethodAccessorImpl.invoke0(Native Method)
	at java.base/jdk.internal.reflect.NativeMethodAccessorImpl.invoke(NativeMethodAccessorImpl.java:77)
	at java.base/jdk.internal.reflect.DelegatingMethodAccessorImpl.invoke(DelegatingMethodAccessorImpl.java:43)
Caused by: org.openqa.selenium.ElementNotInteractableException: Element <button class="btn-pdetail-muangay pdinfo_faddcart__btn pdinfo_faddcart__submit btn shadow-sm" type="submit"> could not be scrolled into view
Build info: version: '3.141.59', revision: 'e82be7d358', time: '2018-11-14T08:25:53'
System info: host: 'ltcuong', ip: '127.0.1.1', os.name: 'Linux', os.arch: 'amd64', os.version: '5.15.60-051560-generic', java.version: '17.0.9'
Driver info: com.kms.katalon.core.webui.driver.firefox.CGeckoDriver
Capabilities {acceptInsecureCerts: true, browserName: firefox, browserVersion: 121.0.1, javascriptEnabled: true, moz:accessibilityChecks: false, moz:buildID: 20240108143603, moz:geckodriverVersion: 0.33.0, moz:headless: false, moz:platformVersion: 5.15.60-051560-generic, moz:processID: 31305, moz:profile: /tmp/rust_mozprofileJhd4qK, moz:shutdownTimeout: 60000, moz:webdriverClick: true, moz:windowless: false, pageLoadStrategy: normal, platform: LINUX, platformName: LINUX, proxy: Proxy(direct), setWindowRect: true, strictFileInteractability: false, timeouts: {implicit: 0, pageLoad: 300000, script: 30000}, unhandledPromptBehavior: dismiss and notify}
Session ID: 14bc1de8-27d3-4312-ba59-5f238ac3faaa
	at java.base/jdk.internal.reflect.NativeConstructorAccessorImpl.newInstance0(Native Method)
	at java.base/jdk.internal.reflect.NativeConstructorAccessorImpl.newInstance(NativeConstructorAccessorImpl.java:77)
	at java.base/jdk.internal.reflect.DelegatingConstructorAccessorImpl.newInstance(DelegatingConstructorAccessorImpl.java:45)
	at org.openqa.selenium.remote.http.W3CHttpResponseCodec.createException(W3CHttpResponseCodec.java:187)
	at org.openqa.selenium.remote.http.W3CHttpResponseCodec.decode(W3CHttpResponseCodec.java:122)
	at org.openqa.selenium.remote.http.W3CHttpResponseCodec.decode(W3CHttpResponseCodec.java:49)
	at org.openqa.selenium.remote.HttpCommandExecutor.execute(HttpCommandExecutor.java:158)
	at org.openqa.selenium.remote.service.DriverCommandExecutor.execute(DriverCommandExecutor.java:83)
	at org.openqa.selenium.remote.RemoteWebDriver.execute(RemoteWebDriver.java:552)
	at com.kms.katalon.selenium.driver.CFirefoxDriver.execute(CFirefoxDriver.java:28)
	at org.openqa.selenium.remote.RemoteWebElement.execute(RemoteWebElement.java:285)
	at org.openqa.selenium.remote.RemoteWebElement.click(RemoteWebElement.java:84)
	at java.base/jdk.internal.reflect.NativeMethodAccessorImpl.invoke0(Native Method)
	at java.base/jdk.internal.reflect.NativeMethodAccessorImpl.invoke(NativeMethodAccessorImpl.java:77)
	at java.base/jdk.internal.reflect.DelegatingMethodAccessorImpl.invoke(DelegatingMethodAccessorImpl.java:43)
	at org.openqa.selenium.support.events.EventFiringWebDriver$EventFiringWebElement.lambda$new$0(EventFiringWebDriver.java:404)
	at jdk.proxy2/jdk.proxy2.$Proxy24.click(Unknown Source)
	at org.openqa.selenium.support.events.EventFiringWebDriver$EventFiringWebElement.click(EventFiringWebDriver.java:417)
	at org.openqa.selenium.WebElement$click.call(Unknown Source)
	at com.kms.katalon.core.webui.keyword.builtin.ClickKeyword.clickUntilSuccessWithTimeout(ClickKeyword.groovy:81)
	at com.kms.katalon.core.webui.keyword.builtin.ClickKeyword.clickUntilSuccessWithTimeout(ClickKeyword.groovy)
	at java.base/jdk.internal.reflect.NativeMethodAccessorImpl.invoke0(Native Method)
	at java.base/jdk.internal.reflect.NativeMethodAccessorImpl.invoke(NativeMethodAccessorImpl.java:77)
	at java.base/jdk.internal.reflect.DelegatingMethodAccessorImpl.invoke(DelegatingMethodAccessorImpl.java:43)
	at com.kms.katalon.core.webui.keyword.builtin.ClickKeyword$_click_closure1.doCall(ClickKeyword.groovy:67)
	at com.kms.katalon.core.webui.keyword.builtin.ClickKeyword$_click_closure1.call(ClickKeyword.groovy)
	at com.kms.katalon.core.webui.keyword.internal.WebUIKeywordMain.runKeyword(WebUIKeywordMain.groovy:20)
	at com.kms.katalon.core.webui.keyword.builtin.ClickKeyword.click(ClickKeyword.groovy:74)
	at com.kms.katalon.core.webui.keyword.builtin.ClickKeyword.execute(ClickKeyword.groovy:40)
	at com.kms.katalon.core.keyword.internal.KeywordExecutor.executeKeywordForPlatform(KeywordExecutor.groovy:74)
	at com.kms.katalon.core.webui.keyword.WebUiBuiltInKeywords.click(WebUiBuiltInKeywords.groovy:659)
	at Script1705247690707.run(Script1705247690707.groovy:40)
	... 15 more
)
[[ATTACHMENT|/home/ltcuong/Katalon Studio/Demo Project/Reports/20240115_122711/Minh Tuan Mobile_Item_Test suite/20240115_122711/1705296487265.png]]]]></system-out>
         <system-err><![CDATA[15-01-2024T12:27:52 - [TEST_CASE][FAILED] - Test Cases/Minh Tuan Mobile_Iphone_Discount message - Record: Test Cases/Minh Tuan Mobile_Iphone_Discount message - Record FAILED.
Reason:
com.kms.katalon.core.exception.StepFailedException: Unable to click on object 'Object Repository/Page_Child Iphone 15 Pro/btn_Buy now'
	at com.kms.katalon.core.webui.keyword.internal.WebUIKeywordMain.stepFailed(WebUIKeywordMain.groovy:64)
	at com.kms.katalon.core.webui.keyword.internal.WebUIKeywordMain.runKeyword(WebUIKeywordMain.groovy:26)
	at com.kms.katalon.core.webui.keyword.builtin.ClickKeyword.click(ClickKeyword.groovy:74)
	at com.kms.katalon.core.webui.keyword.builtin.ClickKeyword.execute(ClickKeyword.groovy:40)
	at com.kms.katalon.core.keyword.internal.KeywordExecutor.executeKeywordForPlatform(KeywordExecutor.groovy:74)
	at com.kms.katalon.core.webui.keyword.WebUiBuiltInKeywords.click(WebUiBuiltInKeywords.groovy:659)
	at Minh Tuan Mobile_Iphone_Discount message - Record.run(Minh Tuan Mobile_Iphone_Discount message - Record:40)
	at com.kms.katalon.core.main.ScriptEngine.run(ScriptEngine.java:194)
	at com.kms.katalon.core.main.ScriptEngine.runScriptAsRawText(ScriptEngine.java:119)
	at com.kms.katalon.core.main.TestCaseExecutor.runScript(TestCaseExecutor.java:448)
	at com.kms.katalon.core.main.TestCaseExecutor.doExecute(TestCaseExecutor.java:439)
	at com.kms.katalon.core.main.TestCaseExecutor.processExecutionPhase(TestCaseExecutor.java:418)
	at com.kms.katalon.core.main.TestCaseExecutor.accessMainPhase(TestCaseExecutor.java:410)
	at com.kms.katalon.core.main.TestCaseExecutor.execute(TestCaseExecutor.java:285)
	at com.kms.katalon.core.common.CommonExecutor.accessTestCaseMainPhase(CommonExecutor.java:65)
	at com.kms.katalon.core.main.TestSuiteExecutor.accessTestSuiteMainPhase(TestSuiteExecutor.java:148)
	at com.kms.katalon.core.main.TestSuiteExecutor.execute(TestSuiteExecutor.java:106)
	at com.kms.katalon.core.main.TestCaseMain.startTestSuite(TestCaseMain.java:180)
	at TempTestSuite1705296431003.run(TempTestSuite1705296431003.groovy:36)
	at java.base/jdk.internal.reflect.NativeMethodAccessorImpl.invoke0(Native Method)
	at java.base/jdk.internal.reflect.NativeMethodAccessorImpl.invoke(NativeMethodAccessorImpl.java:77)
	at java.base/jdk.internal.reflect.DelegatingMethodAccessorImpl.invoke(DelegatingMethodAccessorImpl.java:43)
Caused by: org.openqa.selenium.ElementNotInteractableException: Element <button class="btn-pdetail-muangay pdinfo_faddcart__btn pdinfo_faddcart__submit btn shadow-sm" type="submit"> could not be scrolled into view
Build info: version: '3.141.59', revision: 'e82be7d358', time: '2018-11-14T08:25:53'
System info: host: 'ltcuong', ip: '127.0.1.1', os.name: 'Linux', os.arch: 'amd64', os.version: '5.15.60-051560-generic', java.version: '17.0.9'
Driver info: com.kms.katalon.core.webui.driver.firefox.CGeckoDriver
Capabilities {acceptInsecureCerts: true, browserName: firefox, browserVersion: 121.0.1, javascriptEnabled: true, moz:accessibilityChecks: false, moz:buildID: 20240108143603, moz:geckodriverVersion: 0.33.0, moz:headless: false, moz:platformVersion: 5.15.60-051560-generic, moz:processID: 31305, moz:profile: /tmp/rust_mozprofileJhd4qK, moz:shutdownTimeout: 60000, moz:webdriverClick: true, moz:windowless: false, pageLoadStrategy: normal, platform: LINUX, platformName: LINUX, proxy: Proxy(direct), setWindowRect: true, strictFileInteractability: false, timeouts: {implicit: 0, pageLoad: 300000, script: 30000}, unhandledPromptBehavior: dismiss and notify}
Session ID: 14bc1de8-27d3-4312-ba59-5f238ac3faaa
	at java.base/jdk.internal.reflect.NativeConstructorAccessorImpl.newInstance0(Native Method)
	at java.base/jdk.internal.reflect.NativeConstructorAccessorImpl.newInstance(NativeConstructorAccessorImpl.java:77)
	at java.base/jdk.internal.reflect.DelegatingConstructorAccessorImpl.newInstance(DelegatingConstructorAccessorImpl.java:45)
	at org.openqa.selenium.remote.http.W3CHttpResponseCodec.createException(W3CHttpResponseCodec.java:187)
	at org.openqa.selenium.remote.http.W3CHttpResponseCodec.decode(W3CHttpResponseCodec.java:122)
	at org.openqa.selenium.remote.http.W3CHttpResponseCodec.decode(W3CHttpResponseCodec.java:49)
	at org.openqa.selenium.remote.HttpCommandExecutor.execute(HttpCommandExecutor.java:158)
	at org.openqa.selenium.remote.service.DriverCommandExecutor.execute(DriverCommandExecutor.java:83)
	at org.openqa.selenium.remote.RemoteWebDriver.execute(RemoteWebDriver.java:552)
	at com.kms.katalon.selenium.driver.CFirefoxDriver.execute(CFirefoxDriver.java:28)
	at org.openqa.selenium.remote.RemoteWebElement.execute(RemoteWebElement.java:285)
	at org.openqa.selenium.remote.RemoteWebElement.click(RemoteWebElement.java:84)
	at java.base/jdk.internal.reflect.NativeMethodAccessorImpl.invoke0(Native Method)
	at java.base/jdk.internal.reflect.NativeMethodAccessorImpl.invoke(NativeMethodAccessorImpl.java:77)
	at java.base/jdk.internal.reflect.DelegatingMethodAccessorImpl.invoke(DelegatingMethodAccessorImpl.java:43)
	at org.openqa.selenium.support.events.EventFiringWebDriver$EventFiringWebElement.lambda$new$0(EventFiringWebDriver.java:404)
	at jdk.proxy2/jdk.proxy2.$Proxy24.click(Unknown Source)
	at org.openqa.selenium.support.events.EventFiringWebDriver$EventFiringWebElement.click(EventFiringWebDriver.java:417)
	at org.openqa.selenium.WebElement$click.call(Unknown Source)
	at com.kms.katalon.core.webui.keyword.builtin.ClickKeyword.clickUntilSuccessWithTimeout(ClickKeyword.groovy:81)
	at com.kms.katalon.core.webui.keyword.builtin.ClickKeyword.clickUntilSuccessWithTimeout(ClickKeyword.groovy)
	at java.base/jdk.internal.reflect.NativeMethodAccessorImpl.invoke0(Native Method)
	at java.base/jdk.internal.reflect.NativeMethodAccessorImpl.invoke(NativeMethodAccessorImpl.java:77)
	at java.base/jdk.internal.reflect.DelegatingMethodAccessorImpl.invoke(DelegatingMethodAccessorImpl.java:43)
	at com.kms.katalon.core.webui.keyword.builtin.ClickKeyword$_click_closure1.doCall(ClickKeyword.groovy:67)
	at com.kms.katalon.core.webui.keyword.builtin.ClickKeyword$_click_closure1.call(ClickKeyword.groovy)
	at com.kms.katalon.core.webui.keyword.internal.WebUIKeywordMain.runKeyword(WebUIKeywordMain.groovy:20)
	... 20 more]]></system-err>
      </testcase>
      <testcase name="Test Cases/Minh Tuan Mobile_Shopping Cart_Remove Item" time="30.451" classname="Test Cases/Minh Tuan Mobile_Shopping Cart_Remove Item" status="FAILED">
         <failure type="FAILED" message="Test Cases/Minh Tuan Mobile_Shopping Cart_Remove Item FAILED.&#xa;Reason:&#xa;com.kms.katalon.core.exception.StepFailedException: Unable to verify alert present&#xa;	at com.kms.katalon.core.webui.keyword.internal.WebUIKeywordMain.stepFailed(WebUIKeywordMain.groovy:64)&#xa;	at com.kms.katalon.core.webui.keyword.internal.WebUIKeywordMain.runKeyword(WebUIKeywordMain.groovy:26)&#xa;	at com.kms.katalon.core.webui.keyword.builtin.VerifyAlertPresentKeyword.verifyAlertPresent(VerifyAlertPresentKeyword.groovy:72)&#xa;	at com.kms.katalon.core.webui.keyword.builtin.VerifyAlertPresentKeyword.execute(VerifyAlertPresentKeyword.groovy:67)&#xa;	at com.kms.katalon.core.keyword.internal.KeywordExecutor.executeKeywordForPlatform(KeywordExecutor.groovy:74)&#xa;	at com.kms.katalon.core.webui.keyword.WebUiBuiltInKeywords.verifyAlertPresent(WebUiBuiltInKeywords.groovy:1700)&#xa;	at Minh Tuan Mobile_Shopping Cart_Remove Item.run(Minh Tuan Mobile_Shopping Cart_Remove Item:68)&#xa;	at com.kms.katalon.core.main.ScriptEngine.run(ScriptEngine.java:194)&#xa;	at com.kms.katalon.core.main.ScriptEngine.runScriptAsRawText(ScriptEngine.java:119)&#xa;	at com.kms.katalon.core.main.TestCaseExecutor.runScript(TestCaseExecutor.java:448)&#xa;	at com.kms.katalon.core.main.TestCaseExecutor.doExecute(TestCaseExecutor.java:439)&#xa;	at com.kms.katalon.core.main.TestCaseExecutor.processExecutionPhase(TestCaseExecutor.java:418)&#xa;	at com.kms.katalon.core.main.TestCaseExecutor.accessMainPhase(TestCaseExecutor.java:410)&#xa;	at com.kms.katalon.core.main.TestCaseExecutor.execute(TestCaseExecutor.java:285)&#xa;	at com.kms.katalon.core.common.CommonExecutor.accessTestCaseMainPhase(CommonExecutor.java:65)&#xa;	at com.kms.katalon.core.main.TestSuiteExecutor.accessTestSuiteMainPhase(TestSuiteExecutor.java:148)&#xa;	at com.kms.katalon.core.main.TestSuiteExecutor.execute(TestSuiteExecutor.java:106)&#xa;	at com.kms.katalon.core.main.TestCaseMain.startTestSuite(TestCaseMain.java:180)&#xa;	at TempTestSuite1705296431003.run(TempTestSuite1705296431003.groovy:36)&#xa;	at java.base/jdk.internal.reflect.NativeMethodAccessorImpl.invoke0(Native Method)&#xa;	at java.base/jdk.internal.reflect.NativeMethodAccessorImpl.invoke(NativeMethodAccessorImpl.java:77)&#xa;	at java.base/jdk.internal.reflect.DelegatingMethodAccessorImpl.invoke(DelegatingMethodAccessorImpl.java:43)&#xa;Caused by: com.kms.katalon.core.exception.StepFailedException: No alert found after 3 second(s).&#xa;	at com.kms.katalon.core.webui.keyword.internal.WebUIKeywordMain.stepFailed(WebUIKeywordMain.groovy:64)&#xa;	at com.kms.katalon.core.webui.keyword.builtin.VerifyAlertPresentKeyword$_verifyAlertPresent_closure1.doCall(VerifyAlertPresentKeyword.groovy:79)&#xa;	at com.kms.katalon.core.webui.keyword.builtin.VerifyAlertPresentKeyword$_verifyAlertPresent_closure1.call(VerifyAlertPresentKeyword.groovy)&#xa;	at com.kms.katalon.core.webui.keyword.internal.WebUIKeywordMain.runKeyword(WebUIKeywordMain.groovy:20)&#xa;	... 20 more&#xa;"/>
         <system-out><![CDATA[15-01-2024T12:28:07 - [TEST_CASE][FAILED] - Test Cases/Minh Tuan Mobile_Shopping Cart_Remove Item: Test Cases/Minh Tuan Mobile_Shopping Cart_Remove Item FAILED.
Reason:
com.kms.katalon.core.exception.StepFailedException: Unable to verify alert present
	at com.kms.katalon.core.webui.keyword.internal.WebUIKeywordMain.stepFailed(WebUIKeywordMain.groovy:64)
	at com.kms.katalon.core.webui.keyword.internal.WebUIKeywordMain.runKeyword(WebUIKeywordMain.groovy:26)
	at com.kms.katalon.core.webui.keyword.builtin.VerifyAlertPresentKeyword.verifyAlertPresent(VerifyAlertPresentKeyword.groovy:72)
	at com.kms.katalon.core.webui.keyword.builtin.VerifyAlertPresentKeyword.execute(VerifyAlertPresentKeyword.groovy:67)
	at com.kms.katalon.core.keyword.internal.KeywordExecutor.executeKeywordForPlatform(KeywordExecutor.groovy:74)
	at com.kms.katalon.core.webui.keyword.WebUiBuiltInKeywords.verifyAlertPresent(WebUiBuiltInKeywords.groovy:1700)
	at Minh Tuan Mobile_Shopping Cart_Remove Item.run(Minh Tuan Mobile_Shopping Cart_Remove Item:68)
	at com.kms.katalon.core.main.ScriptEngine.run(ScriptEngine.java:194)
	at com.kms.katalon.core.main.ScriptEngine.runScriptAsRawText(ScriptEngine.java:119)
	at com.kms.katalon.core.main.TestCaseExecutor.runScript(TestCaseExecutor.java:448)
	at com.kms.katalon.core.main.TestCaseExecutor.doExecute(TestCaseExecutor.java:439)
	at com.kms.katalon.core.main.TestCaseExecutor.processExecutionPhase(TestCaseExecutor.java:418)
	at com.kms.katalon.core.main.TestCaseExecutor.accessMainPhase(TestCaseExecutor.java:410)
	at com.kms.katalon.core.main.TestCaseExecutor.execute(TestCaseExecutor.java:285)
	at com.kms.katalon.core.common.CommonExecutor.accessTestCaseMainPhase(CommonExecutor.java:65)
	at com.kms.katalon.core.main.TestSuiteExecutor.accessTestSuiteMainPhase(TestSuiteExecutor.java:148)
	at com.kms.katalon.core.main.TestSuiteExecutor.execute(TestSuiteExecutor.java:106)
	at com.kms.katalon.core.main.TestCaseMain.startTestSuite(TestCaseMain.java:180)
	at TempTestSuite1705296431003.run(TempTestSuite1705296431003.groovy:36)
	at java.base/jdk.internal.reflect.NativeMethodAccessorImpl.invoke0(Native Method)
	at java.base/jdk.internal.reflect.NativeMethodAccessorImpl.invoke(NativeMethodAccessorImpl.java:77)
	at java.base/jdk.internal.reflect.DelegatingMethodAccessorImpl.invoke(DelegatingMethodAccessorImpl.java:43)
Caused by: com.kms.katalon.core.exception.StepFailedException: No alert found after 3 second(s).
	at com.kms.katalon.core.webui.keyword.internal.WebUIKeywordMain.stepFailed(WebUIKeywordMain.groovy:64)
	at com.kms.katalon.core.webui.keyword.builtin.VerifyAlertPresentKeyword$_verifyAlertPresent_closure1.doCall(VerifyAlertPresentKeyword.groovy:79)
	at com.kms.katalon.core.webui.keyword.builtin.VerifyAlertPresentKeyword$_verifyAlertPresent_closure1.call(VerifyAlertPresentKeyword.groovy)
	at com.kms.katalon.core.webui.keyword.internal.WebUIKeywordMain.runKeyword(WebUIKeywordMain.groovy:20)
	... 20 more


15-01-2024T12:28:07 - [TEST_STEP][PASSED] - iScreenshotID = 1: null

15-01-2024T12:28:07 - [TEST_STEP][PASSED] - testObj = new com.kms.katalon.core.testobject.TestObject(): null

15-01-2024T12:28:07 - [TEST_STEP][PASSED] - openBrowser(base_url): Browser is opened with url: 'https://minhtuanmobile.com/'

15-01-2024T12:28:07 - [MESSAGE][WARNING] - A browser is already opened. Closing browser and opening a new one

15-01-2024T12:28:08 - [MESSAGE][INFO] - Starting 'Firefox' driver

15-01-2024T12:28:08 - [MESSAGE][INFO] - Action delay is set to 0 milliseconds

15-01-2024T12:28:15 - [MESSAGE][PASSED] - Browser is opened with url: 'https://minhtuanmobile.com/'

15-01-2024T12:28:15 - [TEST_STEP][PASSED] - xMinhTuanLogo = "//img[contains(@alt, "Hệ thống cửa hàng điện thoại Minh Tuấn Mobile")]": null

15-01-2024T12:28:15 - [TEST_STEP][PASSED] - waitForElementVisible(testObj.addProperty("xpath", EQUALS, xMinhTuanLogo), 10): Object '' is visible

15-01-2024T12:28:16 - [MESSAGE][PASSED] - Object '' is visible

15-01-2024T12:28:16 - [TEST_STEP][PASSED] - maximizeWindow(): Current window maximized

15-01-2024T12:28:16 - [MESSAGE][PASSED] - Current window maximized

15-01-2024T12:28:16 - [TEST_STEP][PASSED] - takeScreenshot("/home/ltcuong/Katalon Studio/Demo Project/Screenshots/Screenshot" + (iScreenshotID++) + ".png"): Taking screenshot successfully

15-01-2024T12:28:17 - [MESSAGE][PASSED] - Taking screenshot successfully
[[ATTACHMENT|/home/ltcuong/Katalon Studio/Demo Project/Screenshots/Screenshot1.png]]

15-01-2024T12:28:17 - [TEST_STEP][PASSED] - mouseOver(findTestObject("Object Repository/Page_Homepage Minh Tuan Mobile/span_Mac")): Object: 'Object Repository/Page_Homepage Minh Tuan Mobile/span_Mac' is hovered

15-01-2024T12:28:18 - [MESSAGE][PASSED] - Object: 'Object Repository/Page_Homepage Minh Tuan Mobile/span_Mac' is hovered

15-01-2024T12:28:18 - [TEST_STEP][PASSED] - mouseOver(findTestObject("Object Repository/Page_Homepage Minh Tuan Mobile/a_MacBook")): Object: 'Object Repository/Page_Homepage Minh Tuan Mobile/a_MacBook' is hovered

15-01-2024T12:28:20 - [MESSAGE][PASSED] - Object: 'Object Repository/Page_Homepage Minh Tuan Mobile/a_MacBook' is hovered

15-01-2024T12:28:20 - [TEST_STEP][PASSED] - click(findTestObject("Object Repository/Page_Homepage Minh Tuan Mobile/a_MacBook Pro")): Object: 'Object Repository/Page_Homepage Minh Tuan Mobile/a_MacBook Pro' is clicked on

15-01-2024T12:28:20 - [MESSAGE][PASSED] - Object: 'Object Repository/Page_Homepage Minh Tuan Mobile/a_MacBook Pro' is clicked on

15-01-2024T12:28:20 - [TEST_STEP][PASSED] - takeScreenshot("/home/ltcuong/Katalon Studio/Demo Project/Screenshots/Screenshot" + (iScreenshotID++) + ".png"): Taking screenshot successfully

15-01-2024T12:28:21 - [MESSAGE][PASSED] - Taking screenshot successfully
[[ATTACHMENT|/home/ltcuong/Katalon Studio/Demo Project/Screenshots/Screenshot2.png]]

15-01-2024T12:28:21 - [TEST_STEP][PASSED] - lMacbooks = ["MacBook Pro 14 inch 2023 M3 8CPU 10GPU 8GB 512GB SSD", "MacBook Pro 14 inch 2023 M3 8CPU 10GPU 8GB 1TB SSD"]: null

15-01-2024T12:28:21 - [TEST_STEP][PASSED] - for (def sMacbook : lMacbooks): Taking screenshot successfully

15-01-2024T12:28:21 - [TEST_STEP][PASSED] - "Click on item" + sMacbook: null

15-01-2024T12:28:21 - [TEST_STEP][PASSED] - xMacbook = "//h3[text()="" + sMacbook + ""]": null

15-01-2024T12:28:21 - [TEST_STEP][PASSED] - tMacbookObj = testObj.addProperty("xpath", EQUALS, xMacbook): null

15-01-2024T12:28:21 - [TEST_STEP][PASSED] - click(tMacbookObj): Object: '' is clicked on

15-01-2024T12:28:22 - [MESSAGE][PASSED] - Object: '' is clicked on

15-01-2024T12:28:22 - [TEST_STEP][PASSED] - takeScreenshot("/home/ltcuong/Katalon Studio/Demo Project/Screenshots/Screenshot" + (iScreenshotID++) + ".png"): Taking screenshot successfully

15-01-2024T12:28:23 - [MESSAGE][PASSED] - Taking screenshot successfully
[[ATTACHMENT|/home/ltcuong/Katalon Studio/Demo Project/Screenshots/Screenshot3.png]]

15-01-2024T12:28:23 - [TEST_STEP][PASSED] - "Click on Add To Cart button to add item" + sMacbook: null

15-01-2024T12:28:23 - [TEST_STEP][PASSED] - xAddToCartBtn = "(//button[@value="addtocart"])[1]": null

15-01-2024T12:28:23 - [TEST_STEP][PASSED] - tAddToCart = testObj.addProperty("xpath", EQUALS, xAddToCartBtn): null

15-01-2024T12:28:23 - [TEST_STEP][PASSED] - click(tAddToCart): Object: '' is clicked on

15-01-2024T12:28:23 - [MESSAGE][PASSED] - Object: '' is clicked on

15-01-2024T12:28:23 - [TEST_STEP][PASSED] - takeScreenshot("/home/ltcuong/Katalon Studio/Demo Project/Screenshots/Screenshot" + (iScreenshotID++) + ".png"): Taking screenshot successfully

15-01-2024T12:28:24 - [MESSAGE][PASSED] - Taking screenshot successfully
[[ATTACHMENT|/home/ltcuong/Katalon Studio/Demo Project/Screenshots/Screenshot4.png]]

15-01-2024T12:28:24 - [TEST_STEP][PASSED] - verifyElementPresent(findTestObject("Page_Child Macbook item/popup_Item added"), 3): Object 'Object Repository/Page_Child Macbook item/popup_Item added' is present

15-01-2024T12:28:24 - [MESSAGE][PASSED] - Object 'Object Repository/Page_Child Macbook item/popup_Item added' is present

15-01-2024T12:28:24 - [TEST_STEP][PASSED] - back(): Navigate back successfully

15-01-2024T12:28:25 - [MESSAGE][PASSED] - Navigate back successfully

15-01-2024T12:28:25 - [TEST_STEP][PASSED] - takeScreenshot("/home/ltcuong/Katalon Studio/Demo Project/Screenshots/Screenshot" + (iScreenshotID++) + ".png"): Taking screenshot successfully

15-01-2024T12:28:25 - [MESSAGE][PASSED] - Taking screenshot successfully
[[ATTACHMENT|/home/ltcuong/Katalon Studio/Demo Project/Screenshots/Screenshot5.png]]

15-01-2024T12:28:25 - [TEST_STEP][PASSED] - "Click on item" + sMacbook: null

15-01-2024T12:28:25 - [TEST_STEP][PASSED] - xMacbook = "//h3[text()="" + sMacbook + ""]": null

15-01-2024T12:28:25 - [TEST_STEP][PASSED] - tMacbookObj = testObj.addProperty("xpath", EQUALS, xMacbook): null

15-01-2024T12:28:25 - [TEST_STEP][PASSED] - click(tMacbookObj): Object: '' is clicked on

15-01-2024T12:28:26 - [MESSAGE][PASSED] - Object: '' is clicked on

15-01-2024T12:28:26 - [TEST_STEP][PASSED] - takeScreenshot("/home/ltcuong/Katalon Studio/Demo Project/Screenshots/Screenshot" + (iScreenshotID++) + ".png"): Taking screenshot successfully

15-01-2024T12:28:27 - [MESSAGE][PASSED] - Taking screenshot successfully
[[ATTACHMENT|/home/ltcuong/Katalon Studio/Demo Project/Screenshots/Screenshot6.png]]

15-01-2024T12:28:27 - [TEST_STEP][PASSED] - "Click on Add To Cart button to add item" + sMacbook: null

15-01-2024T12:28:27 - [TEST_STEP][PASSED] - xAddToCartBtn = "(//button[@value="addtocart"])[1]": null

15-01-2024T12:28:27 - [TEST_STEP][PASSED] - tAddToCart = testObj.addProperty("xpath", EQUALS, xAddToCartBtn): null

15-01-2024T12:28:27 - [TEST_STEP][PASSED] - click(tAddToCart): Object: '' is clicked on

15-01-2024T12:28:27 - [MESSAGE][PASSED] - Object: '' is clicked on

15-01-2024T12:28:27 - [TEST_STEP][PASSED] - takeScreenshot("/home/ltcuong/Katalon Studio/Demo Project/Screenshots/Screenshot" + (iScreenshotID++) + ".png"): Taking screenshot successfully

15-01-2024T12:28:28 - [MESSAGE][PASSED] - Taking screenshot successfully
[[ATTACHMENT|/home/ltcuong/Katalon Studio/Demo Project/Screenshots/Screenshot7.png]]

15-01-2024T12:28:28 - [TEST_STEP][PASSED] - verifyElementPresent(findTestObject("Page_Child Macbook item/popup_Item added"), 3): Object 'Object Repository/Page_Child Macbook item/popup_Item added' is present

15-01-2024T12:28:28 - [MESSAGE][PASSED] - Object 'Object Repository/Page_Child Macbook item/popup_Item added' is present

15-01-2024T12:28:28 - [TEST_STEP][PASSED] - back(): Navigate back successfully

15-01-2024T12:28:28 - [MESSAGE][PASSED] - Navigate back successfully

15-01-2024T12:28:28 - [TEST_STEP][PASSED] - takeScreenshot("/home/ltcuong/Katalon Studio/Demo Project/Screenshots/Screenshot" + (iScreenshotID++) + ".png"): Taking screenshot successfully

15-01-2024T12:28:29 - [MESSAGE][PASSED] - Taking screenshot successfully
[[ATTACHMENT|/home/ltcuong/Katalon Studio/Demo Project/Screenshots/Screenshot8.png]]

15-01-2024T12:28:29 - [TEST_STEP][PASSED] - xShoppingCart = "//b[text()="Giỏ hàng"]": null

15-01-2024T12:28:29 - [TEST_STEP][PASSED] - tShoppingCartObj = testObj.addProperty("xpath", EQUALS, xShoppingCart): null

15-01-2024T12:28:29 - [TEST_STEP][PASSED] - click(tShoppingCartObj): Object: '' is clicked on

15-01-2024T12:28:30 - [MESSAGE][PASSED] - Object: '' is clicked on

15-01-2024T12:28:30 - [TEST_STEP][PASSED] - takeScreenshot("/home/ltcuong/Katalon Studio/Demo Project/Screenshots/Screenshot" + (iScreenshotID++) + ".png"): Taking screenshot successfully

15-01-2024T12:28:30 - [MESSAGE][PASSED] - Taking screenshot successfully
[[ATTACHMENT|/home/ltcuong/Katalon Studio/Demo Project/Screenshots/Screenshot9.png]]

15-01-2024T12:28:30 - [TEST_STEP][FAILED] - for (def sMacbook : lMacbooks): Unable to verify alert present (Root cause: com.kms.katalon.core.exception.StepFailedException: Unable to verify alert present
	at com.kms.katalon.core.webui.keyword.internal.WebUIKeywordMain.stepFailed(WebUIKeywordMain.groovy:64)
	at com.kms.katalon.core.webui.keyword.internal.WebUIKeywordMain.runKeyword(WebUIKeywordMain.groovy:26)
	at com.kms.katalon.core.webui.keyword.builtin.VerifyAlertPresentKeyword.verifyAlertPresent(VerifyAlertPresentKeyword.groovy:72)
	at com.kms.katalon.core.webui.keyword.builtin.VerifyAlertPresentKeyword.execute(VerifyAlertPresentKeyword.groovy:67)
	at com.kms.katalon.core.keyword.internal.KeywordExecutor.executeKeywordForPlatform(KeywordExecutor.groovy:74)
	at com.kms.katalon.core.webui.keyword.WebUiBuiltInKeywords.verifyAlertPresent(WebUiBuiltInKeywords.groovy:1700)
	at Minh Tuan Mobile_Shopping Cart_Remove Item.run(Minh Tuan Mobile_Shopping Cart_Remove Item:68)
	at com.kms.katalon.core.main.ScriptEngine.run(ScriptEngine.java:194)
	at com.kms.katalon.core.main.ScriptEngine.runScriptAsRawText(ScriptEngine.java:119)
	at com.kms.katalon.core.main.TestCaseExecutor.runScript(TestCaseExecutor.java:448)
	at com.kms.katalon.core.main.TestCaseExecutor.doExecute(TestCaseExecutor.java:439)
	at com.kms.katalon.core.main.TestCaseExecutor.processExecutionPhase(TestCaseExecutor.java:418)
	at com.kms.katalon.core.main.TestCaseExecutor.accessMainPhase(TestCaseExecutor.java:410)
	at com.kms.katalon.core.main.TestCaseExecutor.execute(TestCaseExecutor.java:285)
	at com.kms.katalon.core.common.CommonExecutor.accessTestCaseMainPhase(CommonExecutor.java:65)
	at com.kms.katalon.core.main.TestSuiteExecutor.accessTestSuiteMainPhase(TestSuiteExecutor.java:148)
	at com.kms.katalon.core.main.TestSuiteExecutor.execute(TestSuiteExecutor.java:106)
	at com.kms.katalon.core.main.TestCaseMain.startTestSuite(TestCaseMain.java:180)
	at TempTestSuite1705296431003.run(TempTestSuite1705296431003.groovy:36)
	at java.base/jdk.internal.reflect.NativeMethodAccessorImpl.invoke0(Native Method)
	at java.base/jdk.internal.reflect.NativeMethodAccessorImpl.invoke(NativeMethodAccessorImpl.java:77)
	at java.base/jdk.internal.reflect.DelegatingMethodAccessorImpl.invoke(DelegatingMethodAccessorImpl.java:43)
Caused by: com.kms.katalon.core.exception.StepFailedException: No alert found after 3 second(s).
	at com.kms.katalon.core.webui.keyword.internal.WebUIKeywordMain.stepFailed(WebUIKeywordMain.groovy:64)
	at com.kms.katalon.core.webui.keyword.builtin.VerifyAlertPresentKeyword$_verifyAlertPresent_closure1.doCall(VerifyAlertPresentKeyword.groovy:79)
	at com.kms.katalon.core.webui.keyword.builtin.VerifyAlertPresentKeyword$_verifyAlertPresent_closure1.call(VerifyAlertPresentKeyword.groovy)
	at com.kms.katalon.core.webui.keyword.internal.WebUIKeywordMain.runKeyword(WebUIKeywordMain.groovy:20)
	... 20 more
)

15-01-2024T12:28:30 - [TEST_STEP][PASSED] - delay(3): Delayed 3 second(s)

15-01-2024T12:28:33 - [MESSAGE][PASSED] - Delayed 3 second(s)

15-01-2024T12:28:33 - [TEST_STEP][PASSED] - "Click on trash icon of item " + sMacbook + " to delete it": null

15-01-2024T12:28:33 - [TEST_STEP][PASSED] - xMacbookInCart = "//a[normalize-space(text())="" + sMacbook + ""]//following-sibling::button": null

15-01-2024T12:28:33 - [TEST_STEP][PASSED] - tAddToCart = testObj.addProperty("xpath", EQUALS, xMacbookInCart): null

15-01-2024T12:28:33 - [TEST_STEP][PASSED] - click(tAddToCart): Object: '' is clicked on

15-01-2024T12:28:34 - [MESSAGE][PASSED] - Object: '' is clicked on

15-01-2024T12:28:34 - [TEST_STEP][PASSED] - takeScreenshot("/home/ltcuong/Katalon Studio/Demo Project/Screenshots/Screenshot" + (iScreenshotID++) + ".png"): Taking screenshot successfully

15-01-2024T12:28:34 - [MESSAGE][PASSED] - Taking screenshot successfully
[[ATTACHMENT|/home/ltcuong/Katalon Studio/Demo Project/Screenshots/Screenshot10.png]]

15-01-2024T12:28:34 - [TEST_STEP][FAILED] - verifyAlertPresent(3): Unable to verify alert present (Root cause: com.kms.katalon.core.exception.StepFailedException: Unable to verify alert present
	at com.kms.katalon.core.webui.keyword.internal.WebUIKeywordMain.stepFailed(WebUIKeywordMain.groovy:64)
	at com.kms.katalon.core.webui.keyword.internal.WebUIKeywordMain.runKeyword(WebUIKeywordMain.groovy:26)
	at com.kms.katalon.core.webui.keyword.builtin.VerifyAlertPresentKeyword.verifyAlertPresent(VerifyAlertPresentKeyword.groovy:72)
	at com.kms.katalon.core.webui.keyword.builtin.VerifyAlertPresentKeyword.execute(VerifyAlertPresentKeyword.groovy:67)
	at com.kms.katalon.core.keyword.internal.KeywordExecutor.executeKeywordForPlatform(KeywordExecutor.groovy:74)
	at com.kms.katalon.core.webui.keyword.WebUiBuiltInKeywords.verifyAlertPresent(WebUiBuiltInKeywords.groovy:1700)
	at Minh Tuan Mobile_Shopping Cart_Remove Item.run(Minh Tuan Mobile_Shopping Cart_Remove Item:68)
	at com.kms.katalon.core.main.ScriptEngine.run(ScriptEngine.java:194)
	at com.kms.katalon.core.main.ScriptEngine.runScriptAsRawText(ScriptEngine.java:119)
	at com.kms.katalon.core.main.TestCaseExecutor.runScript(TestCaseExecutor.java:448)
	at com.kms.katalon.core.main.TestCaseExecutor.doExecute(TestCaseExecutor.java:439)
	at com.kms.katalon.core.main.TestCaseExecutor.processExecutionPhase(TestCaseExecutor.java:418)
	at com.kms.katalon.core.main.TestCaseExecutor.accessMainPhase(TestCaseExecutor.java:410)
	at com.kms.katalon.core.main.TestCaseExecutor.execute(TestCaseExecutor.java:285)
	at com.kms.katalon.core.common.CommonExecutor.accessTestCaseMainPhase(CommonExecutor.java:65)
	at com.kms.katalon.core.main.TestSuiteExecutor.accessTestSuiteMainPhase(TestSuiteExecutor.java:148)
	at com.kms.katalon.core.main.TestSuiteExecutor.execute(TestSuiteExecutor.java:106)
	at com.kms.katalon.core.main.TestCaseMain.startTestSuite(TestCaseMain.java:180)
	at TempTestSuite1705296431003.run(TempTestSuite1705296431003.groovy:36)
	at java.base/jdk.internal.reflect.NativeMethodAccessorImpl.invoke0(Native Method)
	at java.base/jdk.internal.reflect.NativeMethodAccessorImpl.invoke(NativeMethodAccessorImpl.java:77)
	at java.base/jdk.internal.reflect.DelegatingMethodAccessorImpl.invoke(DelegatingMethodAccessorImpl.java:43)
Caused by: com.kms.katalon.core.exception.StepFailedException: No alert found after 3 second(s).
	at com.kms.katalon.core.webui.keyword.internal.WebUIKeywordMain.stepFailed(WebUIKeywordMain.groovy:64)
	at com.kms.katalon.core.webui.keyword.builtin.VerifyAlertPresentKeyword$_verifyAlertPresent_closure1.doCall(VerifyAlertPresentKeyword.groovy:79)
	at com.kms.katalon.core.webui.keyword.builtin.VerifyAlertPresentKeyword$_verifyAlertPresent_closure1.call(VerifyAlertPresentKeyword.groovy)
	at com.kms.katalon.core.webui.keyword.internal.WebUIKeywordMain.runKeyword(WebUIKeywordMain.groovy:20)
	... 20 more
)

15-01-2024T12:28:37 - [MESSAGE][FAILED] - No alert found after 3 second(s). (Root cause: com.kms.katalon.core.exception.StepFailedException: No alert found after 3 second(s).
	at com.kms.katalon.core.webui.keyword.internal.WebUIKeywordMain.stepFailed(WebUIKeywordMain.groovy:64)
	at com.kms.katalon.core.webui.keyword.builtin.VerifyAlertPresentKeyword$_verifyAlertPresent_closure1.doCall(VerifyAlertPresentKeyword.groovy:79)
	at com.kms.katalon.core.webui.keyword.builtin.VerifyAlertPresentKeyword$_verifyAlertPresent_closure1.call(VerifyAlertPresentKeyword.groovy)
	at com.kms.katalon.core.webui.keyword.internal.WebUIKeywordMain.runKeyword(WebUIKeywordMain.groovy:20)
	at com.kms.katalon.core.webui.keyword.builtin.VerifyAlertPresentKeyword.verifyAlertPresent(VerifyAlertPresentKeyword.groovy:72)
	at com.kms.katalon.core.webui.keyword.builtin.VerifyAlertPresentKeyword.execute(VerifyAlertPresentKeyword.groovy:67)
	at com.kms.katalon.core.keyword.internal.KeywordExecutor.executeKeywordForPlatform(KeywordExecutor.groovy:74)
	at com.kms.katalon.core.webui.keyword.WebUiBuiltInKeywords.verifyAlertPresent(WebUiBuiltInKeywords.groovy:1700)
	at Minh Tuan Mobile_Shopping Cart_Remove Item.run(Minh Tuan Mobile_Shopping Cart_Remove Item:68)
	at com.kms.katalon.core.main.ScriptEngine.run(ScriptEngine.java:194)
	at com.kms.katalon.core.main.ScriptEngine.runScriptAsRawText(ScriptEngine.java:119)
	at com.kms.katalon.core.main.TestCaseExecutor.runScript(TestCaseExecutor.java:448)
	at com.kms.katalon.core.main.TestCaseExecutor.doExecute(TestCaseExecutor.java:439)
	at com.kms.katalon.core.main.TestCaseExecutor.processExecutionPhase(TestCaseExecutor.java:418)
	at com.kms.katalon.core.main.TestCaseExecutor.accessMainPhase(TestCaseExecutor.java:410)
	at com.kms.katalon.core.main.TestCaseExecutor.execute(TestCaseExecutor.java:285)
	at com.kms.katalon.core.common.CommonExecutor.accessTestCaseMainPhase(CommonExecutor.java:65)
	at com.kms.katalon.core.main.TestSuiteExecutor.accessTestSuiteMainPhase(TestSuiteExecutor.java:148)
	at com.kms.katalon.core.main.TestSuiteExecutor.execute(TestSuiteExecutor.java:106)
	at com.kms.katalon.core.main.TestCaseMain.startTestSuite(TestCaseMain.java:180)
	at TempTestSuite1705296431003.run(TempTestSuite1705296431003.groovy:36)
	at java.base/jdk.internal.reflect.NativeMethodAccessorImpl.invoke0(Native Method)
	at java.base/jdk.internal.reflect.NativeMethodAccessorImpl.invoke(NativeMethodAccessorImpl.java:77)
	at java.base/jdk.internal.reflect.DelegatingMethodAccessorImpl.invoke(DelegatingMethodAccessorImpl.java:43)
)
[[ATTACHMENT|/home/ltcuong/Katalon Studio/Demo Project/Reports/20240115_122711/Minh Tuan Mobile_Item_Test suite/20240115_122711/1705296517737.png]]

15-01-2024T12:28:37 - [MESSAGE][FAILED] - Unable to verify alert present (Root cause: com.kms.katalon.core.exception.StepFailedException: Unable to verify alert present
	at com.kms.katalon.core.webui.keyword.internal.WebUIKeywordMain.stepFailed(WebUIKeywordMain.groovy:64)
	at com.kms.katalon.core.webui.keyword.internal.WebUIKeywordMain.runKeyword(WebUIKeywordMain.groovy:26)
	at com.kms.katalon.core.webui.keyword.builtin.VerifyAlertPresentKeyword.verifyAlertPresent(VerifyAlertPresentKeyword.groovy:72)
	at com.kms.katalon.core.webui.keyword.builtin.VerifyAlertPresentKeyword.execute(VerifyAlertPresentKeyword.groovy:67)
	at com.kms.katalon.core.keyword.internal.KeywordExecutor.executeKeywordForPlatform(KeywordExecutor.groovy:74)
	at com.kms.katalon.core.webui.keyword.WebUiBuiltInKeywords.verifyAlertPresent(WebUiBuiltInKeywords.groovy:1700)
	at Minh Tuan Mobile_Shopping Cart_Remove Item.run(Minh Tuan Mobile_Shopping Cart_Remove Item:68)
	at com.kms.katalon.core.main.ScriptEngine.run(ScriptEngine.java:194)
	at com.kms.katalon.core.main.ScriptEngine.runScriptAsRawText(ScriptEngine.java:119)
	at com.kms.katalon.core.main.TestCaseExecutor.runScript(TestCaseExecutor.java:448)
	at com.kms.katalon.core.main.TestCaseExecutor.doExecute(TestCaseExecutor.java:439)
	at com.kms.katalon.core.main.TestCaseExecutor.processExecutionPhase(TestCaseExecutor.java:418)
	at com.kms.katalon.core.main.TestCaseExecutor.accessMainPhase(TestCaseExecutor.java:410)
	at com.kms.katalon.core.main.TestCaseExecutor.execute(TestCaseExecutor.java:285)
	at com.kms.katalon.core.common.CommonExecutor.accessTestCaseMainPhase(CommonExecutor.java:65)
	at com.kms.katalon.core.main.TestSuiteExecutor.accessTestSuiteMainPhase(TestSuiteExecutor.java:148)
	at com.kms.katalon.core.main.TestSuiteExecutor.execute(TestSuiteExecutor.java:106)
	at com.kms.katalon.core.main.TestCaseMain.startTestSuite(TestCaseMain.java:180)
	at TempTestSuite1705296431003.run(TempTestSuite1705296431003.groovy:36)
	at java.base/jdk.internal.reflect.NativeMethodAccessorImpl.invoke0(Native Method)
	at java.base/jdk.internal.reflect.NativeMethodAccessorImpl.invoke(NativeMethodAccessorImpl.java:77)
	at java.base/jdk.internal.reflect.DelegatingMethodAccessorImpl.invoke(DelegatingMethodAccessorImpl.java:43)
Caused by: com.kms.katalon.core.exception.StepFailedException: No alert found after 3 second(s).
	at com.kms.katalon.core.webui.keyword.internal.WebUIKeywordMain.stepFailed(WebUIKeywordMain.groovy:64)
	at com.kms.katalon.core.webui.keyword.builtin.VerifyAlertPresentKeyword$_verifyAlertPresent_closure1.doCall(VerifyAlertPresentKeyword.groovy:79)
	at com.kms.katalon.core.webui.keyword.builtin.VerifyAlertPresentKeyword$_verifyAlertPresent_closure1.call(VerifyAlertPresentKeyword.groovy)
	at com.kms.katalon.core.webui.keyword.internal.WebUIKeywordMain.runKeyword(WebUIKeywordMain.groovy:20)
	... 20 more
)
[[ATTACHMENT|/home/ltcuong/Katalon Studio/Demo Project/Reports/20240115_122711/Minh Tuan Mobile_Item_Test suite/20240115_122711/1705296517845.png]]]]></system-out>
         <system-err><![CDATA[15-01-2024T12:28:07 - [TEST_CASE][FAILED] - Test Cases/Minh Tuan Mobile_Shopping Cart_Remove Item: Test Cases/Minh Tuan Mobile_Shopping Cart_Remove Item FAILED.
Reason:
com.kms.katalon.core.exception.StepFailedException: Unable to verify alert present
	at com.kms.katalon.core.webui.keyword.internal.WebUIKeywordMain.stepFailed(WebUIKeywordMain.groovy:64)
	at com.kms.katalon.core.webui.keyword.internal.WebUIKeywordMain.runKeyword(WebUIKeywordMain.groovy:26)
	at com.kms.katalon.core.webui.keyword.builtin.VerifyAlertPresentKeyword.verifyAlertPresent(VerifyAlertPresentKeyword.groovy:72)
	at com.kms.katalon.core.webui.keyword.builtin.VerifyAlertPresentKeyword.execute(VerifyAlertPresentKeyword.groovy:67)
	at com.kms.katalon.core.keyword.internal.KeywordExecutor.executeKeywordForPlatform(KeywordExecutor.groovy:74)
	at com.kms.katalon.core.webui.keyword.WebUiBuiltInKeywords.verifyAlertPresent(WebUiBuiltInKeywords.groovy:1700)
	at Minh Tuan Mobile_Shopping Cart_Remove Item.run(Minh Tuan Mobile_Shopping Cart_Remove Item:68)
	at com.kms.katalon.core.main.ScriptEngine.run(ScriptEngine.java:194)
	at com.kms.katalon.core.main.ScriptEngine.runScriptAsRawText(ScriptEngine.java:119)
	at com.kms.katalon.core.main.TestCaseExecutor.runScript(TestCaseExecutor.java:448)
	at com.kms.katalon.core.main.TestCaseExecutor.doExecute(TestCaseExecutor.java:439)
	at com.kms.katalon.core.main.TestCaseExecutor.processExecutionPhase(TestCaseExecutor.java:418)
	at com.kms.katalon.core.main.TestCaseExecutor.accessMainPhase(TestCaseExecutor.java:410)
	at com.kms.katalon.core.main.TestCaseExecutor.execute(TestCaseExecutor.java:285)
	at com.kms.katalon.core.common.CommonExecutor.accessTestCaseMainPhase(CommonExecutor.java:65)
	at com.kms.katalon.core.main.TestSuiteExecutor.accessTestSuiteMainPhase(TestSuiteExecutor.java:148)
	at com.kms.katalon.core.main.TestSuiteExecutor.execute(TestSuiteExecutor.java:106)
	at com.kms.katalon.core.main.TestCaseMain.startTestSuite(TestCaseMain.java:180)
	at TempTestSuite1705296431003.run(TempTestSuite1705296431003.groovy:36)
	at java.base/jdk.internal.reflect.NativeMethodAccessorImpl.invoke0(Native Method)
	at java.base/jdk.internal.reflect.NativeMethodAccessorImpl.invoke(NativeMethodAccessorImpl.java:77)
	at java.base/jdk.internal.reflect.DelegatingMethodAccessorImpl.invoke(DelegatingMethodAccessorImpl.java:43)
Caused by: com.kms.katalon.core.exception.StepFailedException: No alert found after 3 second(s).
	at com.kms.katalon.core.webui.keyword.internal.WebUIKeywordMain.stepFailed(WebUIKeywordMain.groovy:64)
	at com.kms.katalon.core.webui.keyword.builtin.VerifyAlertPresentKeyword$_verifyAlertPresent_closure1.doCall(VerifyAlertPresentKeyword.groovy:79)
	at com.kms.katalon.core.webui.keyword.builtin.VerifyAlertPresentKeyword$_verifyAlertPresent_closure1.call(VerifyAlertPresentKeyword.groovy)
	at com.kms.katalon.core.webui.keyword.internal.WebUIKeywordMain.runKeyword(WebUIKeywordMain.groovy:20)
	... 20 more]]></system-err>
      </testcase>
      <system-out><![CDATA[15-01-2024T12:27:15 - [TEST_SUITE][FAILED] - Minh Tuan Mobile_Item_Test suite: Test Cases/Minh Tuan Mobile_Iphone_Discount message - Record FAILED.
Reason:
com.kms.katalon.core.exception.StepFailedException: Unable to click on object 'Object Repository/Page_Child Iphone 15 Pro/btn_Buy now'
	at com.kms.katalon.core.webui.keyword.internal.WebUIKeywordMain.stepFailed(WebUIKeywordMain.groovy:64)
	at com.kms.katalon.core.webui.keyword.internal.WebUIKeywordMain.runKeyword(WebUIKeywordMain.groovy:26)
	at com.kms.katalon.core.webui.keyword.builtin.ClickKeyword.click(ClickKeyword.groovy:74)
	at com.kms.katalon.core.webui.keyword.builtin.ClickKeyword.execute(ClickKeyword.groovy:40)
	at com.kms.katalon.core.keyword.internal.KeywordExecutor.executeKeywordForPlatform(KeywordExecutor.groovy:74)
	at com.kms.katalon.core.webui.keyword.WebUiBuiltInKeywords.click(WebUiBuiltInKeywords.groovy:659)
	at Minh Tuan Mobile_Iphone_Discount message - Record.run(Minh Tuan Mobile_Iphone_Discount message - Record:40)
	at com.kms.katalon.core.main.ScriptEngine.run(ScriptEngine.java:194)
	at com.kms.katalon.core.main.ScriptEngine.runScriptAsRawText(ScriptEngine.java:119)
	at com.kms.katalon.core.main.TestCaseExecutor.runScript(TestCaseExecutor.java:448)
	at com.kms.katalon.core.main.TestCaseExecutor.doExecute(TestCaseExecutor.java:439)
	at com.kms.katalon.core.main.TestCaseExecutor.processExecutionPhase(TestCaseExecutor.java:418)
	at com.kms.katalon.core.main.TestCaseExecutor.accessMainPhase(TestCaseExecutor.java:410)
	at com.kms.katalon.core.main.TestCaseExecutor.execute(TestCaseExecutor.java:285)
	at com.kms.katalon.core.common.CommonExecutor.accessTestCaseMainPhase(CommonExecutor.java:65)
	at com.kms.katalon.core.main.TestSuiteExecutor.accessTestSuiteMainPhase(TestSuiteExecutor.java:148)
	at com.kms.katalon.core.main.TestSuiteExecutor.execute(TestSuiteExecutor.java:106)
	at com.kms.katalon.core.main.TestCaseMain.startTestSuite(TestCaseMain.java:180)
	at TempTestSuite1705296431003.run(TempTestSuite1705296431003.groovy:36)
	at java.base/jdk.internal.reflect.NativeMethodAccessorImpl.invoke0(Native Method)
	at java.base/jdk.internal.reflect.NativeMethodAccessorImpl.invoke(NativeMethodAccessorImpl.java:77)
	at java.base/jdk.internal.reflect.DelegatingMethodAccessorImpl.invoke(DelegatingMethodAccessorImpl.java:43)
Caused by: org.openqa.selenium.ElementNotInteractableException: Element <button class="btn-pdetail-muangay pdinfo_faddcart__btn pdinfo_faddcart__submit btn shadow-sm" type="submit"> could not be scrolled into view
Build info: version: '3.141.59', revision: 'e82be7d358', time: '2018-11-14T08:25:53'
System info: host: 'ltcuong', ip: '127.0.1.1', os.name: 'Linux', os.arch: 'amd64', os.version: '5.15.60-051560-generic', java.version: '17.0.9'
Driver info: com.kms.katalon.core.webui.driver.firefox.CGeckoDriver
Capabilities {acceptInsecureCerts: true, browserName: firefox, browserVersion: 121.0.1, javascriptEnabled: true, moz:accessibilityChecks: false, moz:buildID: 20240108143603, moz:geckodriverVersion: 0.33.0, moz:headless: false, moz:platformVersion: 5.15.60-051560-generic, moz:processID: 31305, moz:profile: /tmp/rust_mozprofileJhd4qK, moz:shutdownTimeout: 60000, moz:webdriverClick: true, moz:windowless: false, pageLoadStrategy: normal, platform: LINUX, platformName: LINUX, proxy: Proxy(direct), setWindowRect: true, strictFileInteractability: false, timeouts: {implicit: 0, pageLoad: 300000, script: 30000}, unhandledPromptBehavior: dismiss and notify}
Session ID: 14bc1de8-27d3-4312-ba59-5f238ac3faaa
	at java.base/jdk.internal.reflect.NativeConstructorAccessorImpl.newInstance0(Native Method)
	at java.base/jdk.internal.reflect.NativeConstructorAccessorImpl.newInstance(NativeConstructorAccessorImpl.java:77)
	at java.base/jdk.internal.reflect.DelegatingConstructorAccessorImpl.newInstance(DelegatingConstructorAccessorImpl.java:45)
	at org.openqa.selenium.remote.http.W3CHttpResponseCodec.createException(W3CHttpResponseCodec.java:187)
	at org.openqa.selenium.remote.http.W3CHttpResponseCodec.decode(W3CHttpResponseCodec.java:122)
	at org.openqa.selenium.remote.http.W3CHttpResponseCodec.decode(W3CHttpResponseCodec.java:49)
	at org.openqa.selenium.remote.HttpCommandExecutor.execute(HttpCommandExecutor.java:158)
	at org.openqa.selenium.remote.service.DriverCommandExecutor.execute(DriverCommandExecutor.java:83)
	at org.openqa.selenium.remote.RemoteWebDriver.execute(RemoteWebDriver.java:552)
	at com.kms.katalon.selenium.driver.CFirefoxDriver.execute(CFirefoxDriver.java:28)
	at org.openqa.selenium.remote.RemoteWebElement.execute(RemoteWebElement.java:285)
	at org.openqa.selenium.remote.RemoteWebElement.click(RemoteWebElement.java:84)
	at java.base/jdk.internal.reflect.NativeMethodAccessorImpl.invoke0(Native Method)
	at java.base/jdk.internal.reflect.NativeMethodAccessorImpl.invoke(NativeMethodAccessorImpl.java:77)
	at java.base/jdk.internal.reflect.DelegatingMethodAccessorImpl.invoke(DelegatingMethodAccessorImpl.java:43)
	at org.openqa.selenium.support.events.EventFiringWebDriver$EventFiringWebElement.lambda$new$0(EventFiringWebDriver.java:404)
	at jdk.proxy2/jdk.proxy2.$Proxy24.click(Unknown Source)
	at org.openqa.selenium.support.events.EventFiringWebDriver$EventFiringWebElement.click(EventFiringWebDriver.java:417)
	at org.openqa.selenium.WebElement$click.call(Unknown Source)
	at com.kms.katalon.core.webui.keyword.builtin.ClickKeyword.clickUntilSuccessWithTimeout(ClickKeyword.groovy:81)
	at com.kms.katalon.core.webui.keyword.builtin.ClickKeyword.clickUntilSuccessWithTimeout(ClickKeyword.groovy)
	at java.base/jdk.internal.reflect.NativeMethodAccessorImpl.invoke0(Native Method)
	at java.base/jdk.internal.reflect.NativeMethodAccessorImpl.invoke(NativeMethodAccessorImpl.java:77)
	at java.base/jdk.internal.reflect.DelegatingMethodAccessorImpl.invoke(DelegatingMethodAccessorImpl.java:43)
	at com.kms.katalon.core.webui.keyword.builtin.ClickKeyword$_click_closure1.doCall(ClickKeyword.groovy:67)
	at com.kms.katalon.core.webui.keyword.builtin.ClickKeyword$_click_closure1.call(ClickKeyword.groovy)
	at com.kms.katalon.core.webui.keyword.internal.WebUIKeywordMain.runKeyword(WebUIKeywordMain.groovy:20)
	... 20 more]]></system-out>
      <system-err><![CDATA[15-01-2024T12:27:15 - [TEST_SUITE][FAILED] - Minh Tuan Mobile_Item_Test suite: Test Cases/Minh Tuan Mobile_Iphone_Discount message - Record FAILED.
Reason:
com.kms.katalon.core.exception.StepFailedException: Unable to click on object 'Object Repository/Page_Child Iphone 15 Pro/btn_Buy now'
	at com.kms.katalon.core.webui.keyword.internal.WebUIKeywordMain.stepFailed(WebUIKeywordMain.groovy:64)
	at com.kms.katalon.core.webui.keyword.internal.WebUIKeywordMain.runKeyword(WebUIKeywordMain.groovy:26)
	at com.kms.katalon.core.webui.keyword.builtin.ClickKeyword.click(ClickKeyword.groovy:74)
	at com.kms.katalon.core.webui.keyword.builtin.ClickKeyword.execute(ClickKeyword.groovy:40)
	at com.kms.katalon.core.keyword.internal.KeywordExecutor.executeKeywordForPlatform(KeywordExecutor.groovy:74)
	at com.kms.katalon.core.webui.keyword.WebUiBuiltInKeywords.click(WebUiBuiltInKeywords.groovy:659)
	at Minh Tuan Mobile_Iphone_Discount message - Record.run(Minh Tuan Mobile_Iphone_Discount message - Record:40)
	at com.kms.katalon.core.main.ScriptEngine.run(ScriptEngine.java:194)
	at com.kms.katalon.core.main.ScriptEngine.runScriptAsRawText(ScriptEngine.java:119)
	at com.kms.katalon.core.main.TestCaseExecutor.runScript(TestCaseExecutor.java:448)
	at com.kms.katalon.core.main.TestCaseExecutor.doExecute(TestCaseExecutor.java:439)
	at com.kms.katalon.core.main.TestCaseExecutor.processExecutionPhase(TestCaseExecutor.java:418)
	at com.kms.katalon.core.main.TestCaseExecutor.accessMainPhase(TestCaseExecutor.java:410)
	at com.kms.katalon.core.main.TestCaseExecutor.execute(TestCaseExecutor.java:285)
	at com.kms.katalon.core.common.CommonExecutor.accessTestCaseMainPhase(CommonExecutor.java:65)
	at com.kms.katalon.core.main.TestSuiteExecutor.accessTestSuiteMainPhase(TestSuiteExecutor.java:148)
	at com.kms.katalon.core.main.TestSuiteExecutor.execute(TestSuiteExecutor.java:106)
	at com.kms.katalon.core.main.TestCaseMain.startTestSuite(TestCaseMain.java:180)
	at TempTestSuite1705296431003.run(TempTestSuite1705296431003.groovy:36)
	at java.base/jdk.internal.reflect.NativeMethodAccessorImpl.invoke0(Native Method)
	at java.base/jdk.internal.reflect.NativeMethodAccessorImpl.invoke(NativeMethodAccessorImpl.java:77)
	at java.base/jdk.internal.reflect.DelegatingMethodAccessorImpl.invoke(DelegatingMethodAccessorImpl.java:43)
Caused by: org.openqa.selenium.ElementNotInteractableException: Element <button class="btn-pdetail-muangay pdinfo_faddcart__btn pdinfo_faddcart__submit btn shadow-sm" type="submit"> could not be scrolled into view
Build info: version: '3.141.59', revision: 'e82be7d358', time: '2018-11-14T08:25:53'
System info: host: 'ltcuong', ip: '127.0.1.1', os.name: 'Linux', os.arch: 'amd64', os.version: '5.15.60-051560-generic', java.version: '17.0.9'
Driver info: com.kms.katalon.core.webui.driver.firefox.CGeckoDriver
Capabilities {acceptInsecureCerts: true, browserName: firefox, browserVersion: 121.0.1, javascriptEnabled: true, moz:accessibilityChecks: false, moz:buildID: 20240108143603, moz:geckodriverVersion: 0.33.0, moz:headless: false, moz:platformVersion: 5.15.60-051560-generic, moz:processID: 31305, moz:profile: /tmp/rust_mozprofileJhd4qK, moz:shutdownTimeout: 60000, moz:webdriverClick: true, moz:windowless: false, pageLoadStrategy: normal, platform: LINUX, platformName: LINUX, proxy: Proxy(direct), setWindowRect: true, strictFileInteractability: false, timeouts: {implicit: 0, pageLoad: 300000, script: 30000}, unhandledPromptBehavior: dismiss and notify}
Session ID: 14bc1de8-27d3-4312-ba59-5f238ac3faaa
	at java.base/jdk.internal.reflect.NativeConstructorAccessorImpl.newInstance0(Native Method)
	at java.base/jdk.internal.reflect.NativeConstructorAccessorImpl.newInstance(NativeConstructorAccessorImpl.java:77)
	at java.base/jdk.internal.reflect.DelegatingConstructorAccessorImpl.newInstance(DelegatingConstructorAccessorImpl.java:45)
	at org.openqa.selenium.remote.http.W3CHttpResponseCodec.createException(W3CHttpResponseCodec.java:187)
	at org.openqa.selenium.remote.http.W3CHttpResponseCodec.decode(W3CHttpResponseCodec.java:122)
	at org.openqa.selenium.remote.http.W3CHttpResponseCodec.decode(W3CHttpResponseCodec.java:49)
	at org.openqa.selenium.remote.HttpCommandExecutor.execute(HttpCommandExecutor.java:158)
	at org.openqa.selenium.remote.service.DriverCommandExecutor.execute(DriverCommandExecutor.java:83)
	at org.openqa.selenium.remote.RemoteWebDriver.execute(RemoteWebDriver.java:552)
	at com.kms.katalon.selenium.driver.CFirefoxDriver.execute(CFirefoxDriver.java:28)
	at org.openqa.selenium.remote.RemoteWebElement.execute(RemoteWebElement.java:285)
	at org.openqa.selenium.remote.RemoteWebElement.click(RemoteWebElement.java:84)
	at java.base/jdk.internal.reflect.NativeMethodAccessorImpl.invoke0(Native Method)
	at java.base/jdk.internal.reflect.NativeMethodAccessorImpl.invoke(NativeMethodAccessorImpl.java:77)
	at java.base/jdk.internal.reflect.DelegatingMethodAccessorImpl.invoke(DelegatingMethodAccessorImpl.java:43)
	at org.openqa.selenium.support.events.EventFiringWebDriver$EventFiringWebElement.lambda$new$0(EventFiringWebDriver.java:404)
	at jdk.proxy2/jdk.proxy2.$Proxy24.click(Unknown Source)
	at org.openqa.selenium.support.events.EventFiringWebDriver$EventFiringWebElement.click(EventFiringWebDriver.java:417)
	at org.openqa.selenium.WebElement$click.call(Unknown Source)
	at com.kms.katalon.core.webui.keyword.builtin.ClickKeyword.clickUntilSuccessWithTimeout(ClickKeyword.groovy:81)
	at com.kms.katalon.core.webui.keyword.builtin.ClickKeyword.clickUntilSuccessWithTimeout(ClickKeyword.groovy)
	at java.base/jdk.internal.reflect.NativeMethodAccessorImpl.invoke0(Native Method)
	at java.base/jdk.internal.reflect.NativeMethodAccessorImpl.invoke(NativeMethodAccessorImpl.java:77)
	at java.base/jdk.internal.reflect.DelegatingMethodAccessorImpl.invoke(DelegatingMethodAccessorImpl.java:43)
	at com.kms.katalon.core.webui.keyword.builtin.ClickKeyword$_click_closure1.doCall(ClickKeyword.groovy:67)
	at com.kms.katalon.core.webui.keyword.builtin.ClickKeyword$_click_closure1.call(ClickKeyword.groovy)
	at com.kms.katalon.core.webui.keyword.internal.WebUIKeywordMain.runKeyword(WebUIKeywordMain.groovy:20)
	... 20 more]]></system-err>
   </testsuite>
</testsuites>
